{"C:\\Users\\Alyssin\\estudio_criacao\\consortho\\server.js": {"path":"C:\\Users\\Alyssin\\estudio_criacao\\consortho\\server.js","statementMap":{"0":{"start":{"line":1,"column":16},"end":{"line":1,"column":34}},"1":{"start":{"line":2,"column":13},"end":{"line":2,"column":28}},"2":{"start":{"line":3,"column":19},"end":{"line":3,"column":39}},"3":{"start":{"line":4,"column":11},"end":{"line":4,"column":24}},"4":{"start":{"line":5,"column":13},"end":{"line":5,"column":28}},"5":{"start":{"line":6,"column":11},"end":{"line":6,"column":24}},"6":{"start":{"line":7,"column":64},"end":{"line":7,"column":95}},"7":{"start":{"line":8,"column":47},"end":{"line":8,"column":83}},"8":{"start":{"line":11,"column":28},"end":{"line":11,"column":57}},"9":{"start":{"line":12,"column":31},"end":{"line":12,"column":67}},"10":{"start":{"line":13,"column":34},"end":{"line":13,"column":74}},"11":{"start":{"line":14,"column":29},"end":{"line":14,"column":63}},"12":{"start":{"line":15,"column":30},"end":{"line":15,"column":66}},"13":{"start":{"line":16,"column":29},"end":{"line":16,"column":64}},"14":{"start":{"line":17,"column":20},"end":{"line":17,"column":45}},"15":{"start":{"line":18,"column":26},"end":{"line":18,"column":58}},"16":{"start":{"line":19,"column":27},"end":{"line":19,"column":59}},"17":{"start":{"line":20,"column":24},"end":{"line":20,"column":53}},"18":{"start":{"line":23,"column":19},"end":{"line":23,"column":47}},"19":{"start":{"line":24,"column":22},"end":{"line":24,"column":53}},"20":{"start":{"line":25,"column":27},"end":{"line":25,"column":64}},"21":{"start":{"line":26,"column":27},"end":{"line":26,"column":64}},"22":{"start":{"line":27,"column":33},"end":{"line":27,"column":76}},"23":{"start":{"line":28,"column":29},"end":{"line":28,"column":68}},"24":{"start":{"line":29,"column":29},"end":{"line":29,"column":68}},"25":{"start":{"line":30,"column":26},"end":{"line":30,"column":62}},"26":{"start":{"line":31,"column":26},"end":{"line":31,"column":62}},"27":{"start":{"line":32,"column":25},"end":{"line":32,"column":60}},"28":{"start":{"line":33,"column":25},"end":{"line":33,"column":76}},"29":{"start":{"line":35,"column":12},"end":{"line":35,"column":21}},"30":{"start":{"line":36,"column":0},"end":{"line":36,"column":24}},"31":{"start":{"line":37,"column":0},"end":{"line":37,"column":56}},"32":{"start":{"line":39,"column":15},"end":{"line":39,"column":37}},"33":{"start":{"line":40,"column":11},"end":{"line":40,"column":29}},"34":{"start":{"line":41,"column":13},"end":{"line":41,"column":17}},"35":{"start":{"line":42,"column":13},"end":{"line":42,"column":77}},"36":{"start":{"line":43,"column":19},"end":{"line":43,"column":74}},"37":{"start":{"line":46,"column":12},"end":{"line":69,"column":1}},"38":{"start":{"line":71,"column":0},"end":{"line":98,"column":14}},"39":{"start":{"line":72,"column":16},"end":{"line":72,"column":57}},"40":{"start":{"line":73,"column":2},"end":{"line":73,"column":26}},"41":{"start":{"line":74,"column":2},"end":{"line":74,"column":25}},"42":{"start":{"line":75,"column":2},"end":{"line":75,"column":25}},"43":{"start":{"line":76,"column":2},"end":{"line":76,"column":56}},"44":{"start":{"line":76,"column":23},"end":{"line":76,"column":56}},"45":{"start":{"line":77,"column":2},"end":{"line":81,"column":3}},"46":{"start":{"line":78,"column":4},"end":{"line":78,"column":54}},"47":{"start":{"line":79,"column":4},"end":{"line":79,"column":54}},"48":{"start":{"line":80,"column":4},"end":{"line":80,"column":54}},"49":{"start":{"line":82,"column":2},"end":{"line":86,"column":3}},"50":{"start":{"line":83,"column":4},"end":{"line":83,"column":57}},"51":{"start":{"line":84,"column":4},"end":{"line":84,"column":57}},"52":{"start":{"line":85,"column":4},"end":{"line":85,"column":57}},"53":{"start":{"line":87,"column":2},"end":{"line":87,"column":63}},"54":{"start":{"line":87,"column":25},"end":{"line":87,"column":63}},"55":{"start":{"line":88,"column":2},"end":{"line":88,"column":57}},"56":{"start":{"line":88,"column":23},"end":{"line":88,"column":57}},"57":{"start":{"line":89,"column":2},"end":{"line":89,"column":98}},"58":{"start":{"line":89,"column":42},"end":{"line":89,"column":98}},"59":{"start":{"line":90,"column":2},"end":{"line":90,"column":104}},"60":{"start":{"line":90,"column":44},"end":{"line":90,"column":104}},"61":{"start":{"line":91,"column":2},"end":{"line":91,"column":113}},"62":{"start":{"line":91,"column":47},"end":{"line":91,"column":113}},"63":{"start":{"line":93,"column":2},"end":{"line":97,"column":3}},"64":{"start":{"line":94,"column":4},"end":{"line":96,"column":8}},"65":{"start":{"line":94,"column":43},"end":{"line":96,"column":5}},"66":{"start":{"line":101,"column":0},"end":{"line":101,"column":50}},"67":{"start":{"line":102,"column":0},"end":{"line":102,"column":50}},"68":{"start":{"line":103,"column":0},"end":{"line":103,"column":50}},"69":{"start":{"line":104,"column":0},"end":{"line":104,"column":19}},"70":{"start":{"line":105,"column":0},"end":{"line":105,"column":21}},"71":{"start":{"line":108,"column":27},"end":{"line":108,"column":57}},"72":{"start":{"line":111,"column":24},"end":{"line":114,"column":2}},"73":{"start":{"line":118,"column":2},"end":{"line":132,"column":3}},"74":{"start":{"line":120,"column":4},"end":{"line":120,"column":39}},"75":{"start":{"line":121,"column":4},"end":{"line":121,"column":66}},"76":{"start":{"line":126,"column":4},"end":{"line":128,"column":14}},"77":{"start":{"line":127,"column":6},"end":{"line":127,"column":36}},"78":{"start":{"line":131,"column":4},"end":{"line":131,"column":66}},"79":{"start":{"line":136,"column":17},"end":{"line":136,"column":21}},"80":{"start":{"line":137,"column":20},"end":{"line":137,"column":24}},"81":{"start":{"line":138,"column":18},"end":{"line":138,"column":22}},"82":{"start":{"line":139,"column":25},"end":{"line":139,"column":29}},"83":{"start":{"line":140,"column":31},"end":{"line":140,"column":35}},"84":{"start":{"line":141,"column":27},"end":{"line":141,"column":31}},"85":{"start":{"line":142,"column":27},"end":{"line":142,"column":31}},"86":{"start":{"line":143,"column":24},"end":{"line":143,"column":28}},"87":{"start":{"line":144,"column":24},"end":{"line":144,"column":28}},"88":{"start":{"line":145,"column":23},"end":{"line":145,"column":27}},"89":{"start":{"line":146,"column":23},"end":{"line":146,"column":27}},"90":{"start":{"line":149,"column":2},"end":{"line":294,"column":3}},"91":{"start":{"line":151,"column":4},"end":{"line":154,"column":7}},"92":{"start":{"line":155,"column":4},"end":{"line":155,"column":48}},"93":{"start":{"line":158,"column":4},"end":{"line":158,"column":70}},"94":{"start":{"line":159,"column":4},"end":{"line":159,"column":82}},"95":{"start":{"line":160,"column":4},"end":{"line":160,"column":51}},"96":{"start":{"line":163,"column":4},"end":{"line":163,"column":88}},"97":{"start":{"line":164,"column":4},"end":{"line":164,"column":24}},"98":{"start":{"line":165,"column":4},"end":{"line":165,"column":68}},"99":{"start":{"line":168,"column":4},"end":{"line":168,"column":108}},"100":{"start":{"line":169,"column":4},"end":{"line":169,"column":31}},"101":{"start":{"line":170,"column":4},"end":{"line":170,"column":59}},"102":{"start":{"line":173,"column":4},"end":{"line":180,"column":6}},"103":{"start":{"line":181,"column":4},"end":{"line":181,"column":37}},"104":{"start":{"line":182,"column":4},"end":{"line":182,"column":65}},"105":{"start":{"line":185,"column":4},"end":{"line":193,"column":6}},"106":{"start":{"line":194,"column":4},"end":{"line":194,"column":33}},"107":{"start":{"line":195,"column":4},"end":{"line":195,"column":59}},"108":{"start":{"line":198,"column":23},"end":{"line":207,"column":5}},"109":{"start":{"line":209,"column":4},"end":{"line":209,"column":79}},"110":{"start":{"line":210,"column":4},"end":{"line":210,"column":39}},"111":{"start":{"line":211,"column":4},"end":{"line":211,"column":75}},"112":{"start":{"line":214,"column":4},"end":{"line":224,"column":6}},"113":{"start":{"line":225,"column":4},"end":{"line":225,"column":30}},"114":{"start":{"line":226,"column":4},"end":{"line":226,"column":70}},"115":{"start":{"line":229,"column":35},"end":{"line":248,"column":5}},"116":{"start":{"line":250,"column":4},"end":{"line":250,"column":59}},"117":{"start":{"line":251,"column":4},"end":{"line":256,"column":5}},"118":{"start":{"line":252,"column":6},"end":{"line":252,"column":117}},"119":{"start":{"line":253,"column":6},"end":{"line":253,"column":77}},"120":{"start":{"line":255,"column":6},"end":{"line":255,"column":84}},"121":{"start":{"line":259,"column":4},"end":{"line":259,"column":57}},"122":{"start":{"line":260,"column":4},"end":{"line":280,"column":5}},"123":{"start":{"line":261,"column":6},"end":{"line":270,"column":9}},"124":{"start":{"line":273,"column":6},"end":{"line":275,"column":9}},"125":{"start":{"line":274,"column":8},"end":{"line":274,"column":53}},"126":{"start":{"line":277,"column":6},"end":{"line":277,"column":83}},"127":{"start":{"line":279,"column":6},"end":{"line":279,"column":83}},"128":{"start":{"line":283,"column":4},"end":{"line":283,"column":61}},"129":{"start":{"line":284,"column":4},"end":{"line":290,"column":5}},"130":{"start":{"line":285,"column":6},"end":{"line":285,"column":137}},"131":{"start":{"line":286,"column":6},"end":{"line":286,"column":37}},"132":{"start":{"line":287,"column":6},"end":{"line":287,"column":89}},"133":{"start":{"line":289,"column":6},"end":{"line":289,"column":83}},"134":{"start":{"line":293,"column":4},"end":{"line":293,"column":64}},"135":{"start":{"line":298,"column":0},"end":{"line":303,"column":10}},"136":{"start":{"line":299,"column":2},"end":{"line":302,"column":3}},"137":{"start":{"line":300,"column":4},"end":{"line":300,"column":45}},"138":{"start":{"line":301,"column":4},"end":{"line":301,"column":59}},"139":{"start":{"line":307,"column":18},"end":{"line":318,"column":3}},"140":{"start":{"line":320,"column":2},"end":{"line":333,"column":3}},"141":{"start":{"line":321,"column":19},"end":{"line":321,"column":49}},"142":{"start":{"line":322,"column":4},"end":{"line":325,"column":5}},"143":{"start":{"line":323,"column":6},"end":{"line":323,"column":64}},"144":{"start":{"line":324,"column":6},"end":{"line":324,"column":54}},"145":{"start":{"line":327,"column":4},"end":{"line":327,"column":60}},"146":{"start":{"line":328,"column":4},"end":{"line":332,"column":5}},"147":{"start":{"line":329,"column":6},"end":{"line":329,"column":54}},"148":{"start":{"line":331,"column":6},"end":{"line":331,"column":58}},"149":{"start":{"line":337,"column":0},"end":{"line":348,"column":9}},"150":{"start":{"line":338,"column":2},"end":{"line":347,"column":16}},"151":{"start":{"line":339,"column":18},"end":{"line":339,"column":40}},"152":{"start":{"line":340,"column":4},"end":{"line":346,"column":5}},"153":{"start":{"line":341,"column":6},"end":{"line":341,"column":24}},"154":{"start":{"line":342,"column":6},"end":{"line":342,"column":35}},"155":{"start":{"line":343,"column":6},"end":{"line":343,"column":58}},"156":{"start":{"line":343,"column":26},"end":{"line":343,"column":58}},"157":{"start":{"line":344,"column":6},"end":{"line":344,"column":67}},"158":{"start":{"line":344,"column":29},"end":{"line":344,"column":67}},"159":{"start":{"line":345,"column":6},"end":{"line":345,"column":69}},"160":{"start":{"line":350,"column":19},"end":{"line":350,"column":124}},"161":{"start":{"line":353,"column":2},"end":{"line":353,"column":30}},"162":{"start":{"line":353,"column":18},"end":{"line":353,"column":30}},"163":{"start":{"line":354,"column":16},"end":{"line":354,"column":26}},"164":{"start":{"line":355,"column":17},"end":{"line":355,"column":46}},"165":{"start":{"line":356,"column":15},"end":{"line":356,"column":29}},"166":{"start":{"line":357,"column":14},"end":{"line":357,"column":37}},"167":{"start":{"line":358,"column":14},"end":{"line":358,"column":34}},"168":{"start":{"line":359,"column":14},"end":{"line":359,"column":34}},"169":{"start":{"line":360,"column":15},"end":{"line":360,"column":35}},"170":{"start":{"line":361,"column":2},"end":{"line":361,"column":47}},"171":{"start":{"line":361,"column":16},"end":{"line":361,"column":47}},"172":{"start":{"line":362,"column":2},"end":{"line":362,"column":45}},"173":{"start":{"line":362,"column":15},"end":{"line":362,"column":45}},"174":{"start":{"line":363,"column":2},"end":{"line":363,"column":45}},"175":{"start":{"line":363,"column":15},"end":{"line":363,"column":45}},"176":{"start":{"line":364,"column":2},"end":{"line":364,"column":19}},"177":{"start":{"line":368,"column":17},"end":{"line":370,"column":82}},"178":{"start":{"line":371,"column":17},"end":{"line":373,"column":61}},"179":{"start":{"line":374,"column":11},"end":{"line":374,"column":102}},"180":{"start":{"line":375,"column":11},"end":{"line":375,"column":59}},"181":{"start":{"line":379,"column":14},"end":{"line":379,"column":62}},"182":{"start":{"line":380,"column":2},"end":{"line":380,"column":31}},"183":{"start":{"line":381,"column":2},"end":{"line":381,"column":31}},"184":{"start":{"line":382,"column":2},"end":{"line":382,"column":9}},"185":{"start":{"line":386,"column":14},"end":{"line":386,"column":67}},"186":{"start":{"line":387,"column":2},"end":{"line":387,"column":33}},"187":{"start":{"line":388,"column":20},"end":{"line":388,"column":39}},"188":{"start":{"line":389,"column":23},"end":{"line":389,"column":44}},"189":{"start":{"line":390,"column":2},"end":{"line":390,"column":61}},"190":{"start":{"line":390,"column":17},"end":{"line":390,"column":61}},"191":{"start":{"line":391,"column":2},"end":{"line":391,"column":97}},"192":{"start":{"line":391,"column":50},"end":{"line":391,"column":97}},"193":{"start":{"line":392,"column":2},"end":{"line":392,"column":9}},"194":{"start":{"line":396,"column":14},"end":{"line":396,"column":56}},"195":{"start":{"line":397,"column":2},"end":{"line":397,"column":31}},"196":{"start":{"line":398,"column":2},"end":{"line":398,"column":31}},"197":{"start":{"line":399,"column":2},"end":{"line":399,"column":9}},"198":{"start":{"line":403,"column":15},"end":{"line":409,"column":5}},"199":{"start":{"line":403,"column":54},"end":{"line":409,"column":3}},"200":{"start":{"line":410,"column":2},"end":{"line":410,"column":196}},"201":{"start":{"line":411,"column":2},"end":{"line":411,"column":29}},"202":{"start":{"line":415,"column":2},"end":{"line":415,"column":38}},"203":{"start":{"line":419,"column":0},"end":{"line":419,"column":35}},"204":{"start":{"line":420,"column":0},"end":{"line":420,"column":77}},"205":{"start":{"line":420,"column":27},"end":{"line":420,"column":75}},"206":{"start":{"line":421,"column":0},"end":{"line":421,"column":102}},"207":{"start":{"line":421,"column":33},"end":{"line":421,"column":100}},"208":{"start":{"line":424,"column":0},"end":{"line":424,"column":69}},"209":{"start":{"line":426,"column":0},"end":{"line":426,"column":74}},"210":{"start":{"line":429,"column":24},"end":{"line":429,"column":34}},"211":{"start":{"line":431,"column":0},"end":{"line":441,"column":3}},"212":{"start":{"line":432,"column":2},"end":{"line":440,"column":5}},"213":{"start":{"line":443,"column":0},"end":{"line":465,"column":3}},"214":{"start":{"line":444,"column":24},"end":{"line":444,"column":94}},"215":{"start":{"line":444,"column":76},"end":{"line":444,"column":93}},"216":{"start":{"line":445,"column":27},"end":{"line":445,"column":76}},"217":{"start":{"line":446,"column":16},"end":{"line":446,"column":51}},"218":{"start":{"line":447,"column":18},"end":{"line":447,"column":60}},"219":{"start":{"line":448,"column":19},"end":{"line":448,"column":40}},"220":{"start":{"line":450,"column":2},"end":{"line":464,"column":5}},"221":{"start":{"line":468,"column":0},"end":{"line":470,"column":3}},"222":{"start":{"line":469,"column":2},"end":{"line":469,"column":47}},"223":{"start":{"line":472,"column":0},"end":{"line":474,"column":3}},"224":{"start":{"line":473,"column":2},"end":{"line":473,"column":49}},"225":{"start":{"line":476,"column":0},"end":{"line":479,"column":3}},"226":{"start":{"line":477,"column":2},"end":{"line":477,"column":37}},"227":{"start":{"line":478,"column":2},"end":{"line":478,"column":30}},"228":{"start":{"line":481,"column":0},"end":{"line":484,"column":3}},"229":{"start":{"line":482,"column":2},"end":{"line":482,"column":30}},"230":{"start":{"line":483,"column":2},"end":{"line":483,"column":30}},"231":{"start":{"line":487,"column":0},"end":{"line":489,"column":3}},"232":{"start":{"line":488,"column":2},"end":{"line":488,"column":35}},"233":{"start":{"line":492,"column":0},"end":{"line":494,"column":3}},"234":{"start":{"line":493,"column":2},"end":{"line":493,"column":49}},"235":{"start":{"line":496,"column":0},"end":{"line":498,"column":3}},"236":{"start":{"line":497,"column":2},"end":{"line":497,"column":51}},"237":{"start":{"line":500,"column":0},"end":{"line":507,"column":3}},"238":{"start":{"line":501,"column":23},"end":{"line":501,"column":31}},"239":{"start":{"line":502,"column":2},"end":{"line":506,"column":3}},"240":{"start":{"line":503,"column":4},"end":{"line":503,"column":32}},"241":{"start":{"line":505,"column":4},"end":{"line":505,"column":61}},"242":{"start":{"line":510,"column":0},"end":{"line":512,"column":3}},"243":{"start":{"line":511,"column":2},"end":{"line":511,"column":53}},"244":{"start":{"line":514,"column":0},"end":{"line":518,"column":3}},"245":{"start":{"line":515,"column":16},"end":{"line":515,"column":64}},"246":{"start":{"line":516,"column":2},"end":{"line":517,"column":64}},"247":{"start":{"line":516,"column":13},"end":{"line":516,"column":78}},"248":{"start":{"line":517,"column":7},"end":{"line":517,"column":64}},"249":{"start":{"line":520,"column":0},"end":{"line":522,"column":3}},"250":{"start":{"line":521,"column":2},"end":{"line":521,"column":58}},"251":{"start":{"line":524,"column":0},"end":{"line":526,"column":3}},"252":{"start":{"line":525,"column":2},"end":{"line":525,"column":56}},"253":{"start":{"line":528,"column":0},"end":{"line":530,"column":3}},"254":{"start":{"line":529,"column":2},"end":{"line":529,"column":61}},"255":{"start":{"line":533,"column":0},"end":{"line":535,"column":3}},"256":{"start":{"line":534,"column":2},"end":{"line":534,"column":65}},"257":{"start":{"line":537,"column":0},"end":{"line":539,"column":3}},"258":{"start":{"line":538,"column":2},"end":{"line":538,"column":93}},"259":{"start":{"line":541,"column":0},"end":{"line":543,"column":3}},"260":{"start":{"line":542,"column":2},"end":{"line":542,"column":65}},"261":{"start":{"line":545,"column":0},"end":{"line":547,"column":3}},"262":{"start":{"line":546,"column":2},"end":{"line":546,"column":59}},"263":{"start":{"line":549,"column":0},"end":{"line":551,"column":3}},"264":{"start":{"line":550,"column":2},"end":{"line":550,"column":62}},"265":{"start":{"line":553,"column":0},"end":{"line":555,"column":3}},"266":{"start":{"line":554,"column":2},"end":{"line":554,"column":63}},"267":{"start":{"line":557,"column":0},"end":{"line":559,"column":3}},"268":{"start":{"line":558,"column":2},"end":{"line":558,"column":85}},"269":{"start":{"line":562,"column":0},"end":{"line":566,"column":3}},"270":{"start":{"line":563,"column":20},"end":{"line":563,"column":75}},"271":{"start":{"line":564,"column":2},"end":{"line":565,"column":69}},"272":{"start":{"line":564,"column":17},"end":{"line":564,"column":89}},"273":{"start":{"line":565,"column":7},"end":{"line":565,"column":69}},"274":{"start":{"line":568,"column":0},"end":{"line":572,"column":3}},"275":{"start":{"line":569,"column":29},"end":{"line":569,"column":37}},"276":{"start":{"line":570,"column":19},"end":{"line":570,"column":92}},"277":{"start":{"line":571,"column":2},"end":{"line":571,"column":70}},"278":{"start":{"line":574,"column":0},"end":{"line":576,"column":3}},"279":{"start":{"line":575,"column":2},"end":{"line":575,"column":59}},"280":{"start":{"line":579,"column":0},"end":{"line":583,"column":3}},"281":{"start":{"line":580,"column":30},"end":{"line":580,"column":38}},"282":{"start":{"line":581,"column":19},"end":{"line":581,"column":59}},"283":{"start":{"line":582,"column":2},"end":{"line":582,"column":65}},"284":{"start":{"line":585,"column":0},"end":{"line":587,"column":3}},"285":{"start":{"line":586,"column":2},"end":{"line":586,"column":47}},"286":{"start":{"line":590,"column":0},"end":{"line":592,"column":3}},"287":{"start":{"line":591,"column":2},"end":{"line":591,"column":52}},"288":{"start":{"line":594,"column":0},"end":{"line":596,"column":3}},"289":{"start":{"line":595,"column":2},"end":{"line":595,"column":61}},"290":{"start":{"line":598,"column":0},"end":{"line":600,"column":3}},"291":{"start":{"line":599,"column":2},"end":{"line":599,"column":59}},"292":{"start":{"line":602,"column":0},"end":{"line":604,"column":3}},"293":{"start":{"line":603,"column":2},"end":{"line":603,"column":59}},"294":{"start":{"line":606,"column":0},"end":{"line":609,"column":3}},"295":{"start":{"line":607,"column":17},"end":{"line":607,"column":67}},"296":{"start":{"line":608,"column":2},"end":{"line":608,"column":64}},"297":{"start":{"line":611,"column":0},"end":{"line":615,"column":3}},"298":{"start":{"line":612,"column":26},"end":{"line":612,"column":34}},"299":{"start":{"line":613,"column":17},"end":{"line":613,"column":86}},"300":{"start":{"line":614,"column":2},"end":{"line":614,"column":64}},"301":{"start":{"line":617,"column":0},"end":{"line":620,"column":3}},"302":{"start":{"line":618,"column":17},"end":{"line":618,"column":55}},"303":{"start":{"line":619,"column":2},"end":{"line":619,"column":64}},"304":{"start":{"line":622,"column":0},"end":{"line":626,"column":3}},"305":{"start":{"line":623,"column":41},"end":{"line":623,"column":49}},"306":{"start":{"line":624,"column":17},"end":{"line":624,"column":75}},"307":{"start":{"line":625,"column":2},"end":{"line":625,"column":64}},"308":{"start":{"line":628,"column":0},"end":{"line":632,"column":3}},"309":{"start":{"line":629,"column":35},"end":{"line":629,"column":43}},"310":{"start":{"line":630,"column":17},"end":{"line":630,"column":80}},"311":{"start":{"line":631,"column":2},"end":{"line":631,"column":64}},"312":{"start":{"line":635,"column":0},"end":{"line":637,"column":3}},"313":{"start":{"line":636,"column":2},"end":{"line":636,"column":52}},"314":{"start":{"line":639,"column":0},"end":{"line":647,"column":3}},"315":{"start":{"line":640,"column":25},"end":{"line":640,"column":33}},"316":{"start":{"line":641,"column":2},"end":{"line":646,"column":3}},"317":{"start":{"line":642,"column":4},"end":{"line":642,"column":48}},"318":{"start":{"line":643,"column":4},"end":{"line":643,"column":32}},"319":{"start":{"line":645,"column":4},"end":{"line":645,"column":47}},"320":{"start":{"line":650,"column":0},"end":{"line":652,"column":3}},"321":{"start":{"line":651,"column":2},"end":{"line":651,"column":56}},"322":{"start":{"line":654,"column":0},"end":{"line":658,"column":3}},"323":{"start":{"line":655,"column":14},"end":{"line":655,"column":63}},"324":{"start":{"line":656,"column":2},"end":{"line":657,"column":68}},"325":{"start":{"line":656,"column":11},"end":{"line":656,"column":25}},"326":{"start":{"line":657,"column":7},"end":{"line":657,"column":68}},"327":{"start":{"line":660,"column":0},"end":{"line":662,"column":3}},"328":{"start":{"line":661,"column":2},"end":{"line":661,"column":51}},"329":{"start":{"line":664,"column":0},"end":{"line":666,"column":3}},"330":{"start":{"line":665,"column":2},"end":{"line":665,"column":55}},"331":{"start":{"line":668,"column":0},"end":{"line":670,"column":3}},"332":{"start":{"line":669,"column":2},"end":{"line":669,"column":57}},"333":{"start":{"line":672,"column":0},"end":{"line":675,"column":3}},"334":{"start":{"line":673,"column":16},"end":{"line":673,"column":47}},"335":{"start":{"line":674,"column":2},"end":{"line":674,"column":61}},"336":{"start":{"line":677,"column":0},"end":{"line":680,"column":3}},"337":{"start":{"line":678,"column":16},"end":{"line":678,"column":47}},"338":{"start":{"line":679,"column":2},"end":{"line":679,"column":88}},"339":{"start":{"line":682,"column":0},"end":{"line":684,"column":3}},"340":{"start":{"line":683,"column":2},"end":{"line":683,"column":79}},"341":{"start":{"line":686,"column":0},"end":{"line":688,"column":3}},"342":{"start":{"line":687,"column":2},"end":{"line":687,"column":77}},"343":{"start":{"line":690,"column":0},"end":{"line":698,"column":3}},"344":{"start":{"line":691,"column":54},"end":{"line":691,"column":62}},"345":{"start":{"line":692,"column":2},"end":{"line":697,"column":3}},"346":{"start":{"line":693,"column":19},"end":{"line":693,"column":98}},"347":{"start":{"line":694,"column":4},"end":{"line":694,"column":64}},"348":{"start":{"line":696,"column":4},"end":{"line":696,"column":47}},"349":{"start":{"line":700,"column":0},"end":{"line":708,"column":3}},"350":{"start":{"line":701,"column":36},"end":{"line":701,"column":44}},"351":{"start":{"line":702,"column":2},"end":{"line":707,"column":3}},"352":{"start":{"line":703,"column":16},"end":{"line":703,"column":80}},"353":{"start":{"line":704,"column":4},"end":{"line":704,"column":61}},"354":{"start":{"line":706,"column":4},"end":{"line":706,"column":47}},"355":{"start":{"line":710,"column":0},"end":{"line":718,"column":3}},"356":{"start":{"line":711,"column":26},"end":{"line":711,"column":34}},"357":{"start":{"line":712,"column":2},"end":{"line":717,"column":3}},"358":{"start":{"line":713,"column":19},"end":{"line":713,"column":66}},"359":{"start":{"line":714,"column":4},"end":{"line":714,"column":34}},"360":{"start":{"line":716,"column":4},"end":{"line":716,"column":47}},"361":{"start":{"line":721,"column":0},"end":{"line":723,"column":3}},"362":{"start":{"line":722,"column":2},"end":{"line":722,"column":95}},"363":{"start":{"line":725,"column":0},"end":{"line":728,"column":3}},"364":{"start":{"line":726,"column":16},"end":{"line":726,"column":47}},"365":{"start":{"line":727,"column":2},"end":{"line":727,"column":55}},"366":{"start":{"line":730,"column":0},"end":{"line":737,"column":3}},"367":{"start":{"line":731,"column":2},"end":{"line":736,"column":3}},"368":{"start":{"line":732,"column":4},"end":{"line":732,"column":44}},"369":{"start":{"line":733,"column":4},"end":{"line":733,"column":70}},"370":{"start":{"line":735,"column":4},"end":{"line":735,"column":47}},"371":{"start":{"line":739,"column":0},"end":{"line":742,"column":3}},"372":{"start":{"line":740,"column":2},"end":{"line":740,"column":29}},"373":{"start":{"line":741,"column":2},"end":{"line":741,"column":64}},"374":{"start":{"line":744,"column":0},"end":{"line":747,"column":3}},"375":{"start":{"line":745,"column":2},"end":{"line":745,"column":30}},"376":{"start":{"line":746,"column":2},"end":{"line":746,"column":65}},"377":{"start":{"line":749,"column":0},"end":{"line":752,"column":3}},"378":{"start":{"line":750,"column":2},"end":{"line":750,"column":28}},"379":{"start":{"line":751,"column":2},"end":{"line":751,"column":65}},"380":{"start":{"line":755,"column":0},"end":{"line":757,"column":3}},"381":{"start":{"line":756,"column":2},"end":{"line":756,"column":93}},"382":{"start":{"line":759,"column":0},"end":{"line":761,"column":3}},"383":{"start":{"line":760,"column":2},"end":{"line":760,"column":118}},"384":{"start":{"line":763,"column":0},"end":{"line":766,"column":3}},"385":{"start":{"line":764,"column":2},"end":{"line":764,"column":34}},"386":{"start":{"line":765,"column":2},"end":{"line":765,"column":71}},"387":{"start":{"line":768,"column":0},"end":{"line":770,"column":3}},"388":{"start":{"line":769,"column":2},"end":{"line":769,"column":55}},"389":{"start":{"line":772,"column":0},"end":{"line":774,"column":3}},"390":{"start":{"line":773,"column":2},"end":{"line":773,"column":54}},"391":{"start":{"line":777,"column":0},"end":{"line":779,"column":3}},"392":{"start":{"line":778,"column":2},"end":{"line":778,"column":92}},"393":{"start":{"line":781,"column":0},"end":{"line":783,"column":3}},"394":{"start":{"line":782,"column":2},"end":{"line":782,"column":56}},"395":{"start":{"line":785,"column":0},"end":{"line":789,"column":3}},"396":{"start":{"line":786,"column":15},"end":{"line":786,"column":64}},"397":{"start":{"line":787,"column":2},"end":{"line":788,"column":68}},"398":{"start":{"line":787,"column":12},"end":{"line":787,"column":27}},"399":{"start":{"line":788,"column":7},"end":{"line":788,"column":68}},"400":{"start":{"line":791,"column":0},"end":{"line":799,"column":3}},"401":{"start":{"line":792,"column":21},"end":{"line":792,"column":29}},"402":{"start":{"line":793,"column":2},"end":{"line":798,"column":3}},"403":{"start":{"line":794,"column":19},"end":{"line":794,"column":68}},"404":{"start":{"line":795,"column":4},"end":{"line":795,"column":71}},"405":{"start":{"line":797,"column":4},"end":{"line":797,"column":47}},"406":{"start":{"line":801,"column":0},"end":{"line":808,"column":3}},"407":{"start":{"line":802,"column":2},"end":{"line":807,"column":3}},"408":{"start":{"line":803,"column":19},"end":{"line":803,"column":57}},"409":{"start":{"line":804,"column":4},"end":{"line":804,"column":71}},"410":{"start":{"line":806,"column":4},"end":{"line":806,"column":47}},"411":{"start":{"line":810,"column":0},"end":{"line":817,"column":3}},"412":{"start":{"line":811,"column":2},"end":{"line":816,"column":3}},"413":{"start":{"line":812,"column":19},"end":{"line":812,"column":54}},"414":{"start":{"line":813,"column":4},"end":{"line":813,"column":71}},"415":{"start":{"line":815,"column":4},"end":{"line":815,"column":47}},"416":{"start":{"line":819,"column":0},"end":{"line":826,"column":3}},"417":{"start":{"line":820,"column":2},"end":{"line":825,"column":3}},"418":{"start":{"line":821,"column":19},"end":{"line":821,"column":63}},"419":{"start":{"line":822,"column":4},"end":{"line":822,"column":71}},"420":{"start":{"line":824,"column":4},"end":{"line":824,"column":47}},"421":{"start":{"line":828,"column":0},"end":{"line":835,"column":3}},"422":{"start":{"line":829,"column":2},"end":{"line":834,"column":3}},"423":{"start":{"line":830,"column":19},"end":{"line":830,"column":61}},"424":{"start":{"line":831,"column":4},"end":{"line":831,"column":71}},"425":{"start":{"line":833,"column":4},"end":{"line":833,"column":47}},"426":{"start":{"line":838,"column":0},"end":{"line":1386,"column":3}},"427":{"start":{"line":839,"column":2},"end":{"line":839,"column":44}},"428":{"start":{"line":841,"column":14},"end":{"line":841,"column":26}},"429":{"start":{"line":844,"column":2},"end":{"line":844,"column":58}},"430":{"start":{"line":845,"column":2},"end":{"line":845,"column":52}},"431":{"start":{"line":846,"column":2},"end":{"line":846,"column":42}},"432":{"start":{"line":847,"column":2},"end":{"line":852,"column":5}},"433":{"start":{"line":853,"column":2},"end":{"line":853,"column":21}},"434":{"start":{"line":856,"column":24},"end":{"line":856,"column":44}},"435":{"start":{"line":857,"column":2},"end":{"line":857,"column":47}},"436":{"start":{"line":860,"column":2},"end":{"line":860,"column":68}},"437":{"start":{"line":863,"column":2},"end":{"line":863,"column":74}},"438":{"start":{"line":866,"column":2},"end":{"line":866,"column":71}},"439":{"start":{"line":869,"column":2},"end":{"line":869,"column":89}},"440":{"start":{"line":872,"column":2},"end":{"line":872,"column":71}},"441":{"start":{"line":875,"column":34},"end":{"line":877,"column":10}},"442":{"start":{"line":878,"column":16},"end":{"line":878,"column":43}},"443":{"start":{"line":879,"column":20},"end":{"line":879,"column":73}},"444":{"start":{"line":881,"column":2},"end":{"line":896,"column":3}},"445":{"start":{"line":882,"column":29},"end":{"line":884,"column":11}},"446":{"start":{"line":885,"column":29},"end":{"line":887,"column":11}},"447":{"start":{"line":888,"column":21},"end":{"line":888,"column":229}},"448":{"start":{"line":889,"column":4},"end":{"line":889,"column":86}},"449":{"start":{"line":890,"column":4},"end":{"line":890,"column":162}},"450":{"start":{"line":891,"column":9},"end":{"line":896,"column":3}},"451":{"start":{"line":892,"column":4},"end":{"line":892,"column":137}},"452":{"start":{"line":893,"column":4},"end":{"line":893,"column":59}},"453":{"start":{"line":895,"column":4},"end":{"line":895,"column":133}},"454":{"start":{"line":898,"column":2},"end":{"line":898,"column":45}},"455":{"start":{"line":899,"column":2},"end":{"line":899,"column":39}},"456":{"start":{"line":900,"column":2},"end":{"line":900,"column":41}},"457":{"start":{"line":901,"column":2},"end":{"line":901,"column":61}},"458":{"start":{"line":902,"column":2},"end":{"line":902,"column":9}},"459":{"start":{"line":905,"column":2},"end":{"line":916,"column":5}},"460":{"start":{"line":906,"column":4},"end":{"line":909,"column":5}},"461":{"start":{"line":907,"column":6},"end":{"line":907,"column":108}},"462":{"start":{"line":908,"column":6},"end":{"line":908,"column":13}},"463":{"start":{"line":910,"column":4},"end":{"line":910,"column":18}},"464":{"start":{"line":911,"column":4},"end":{"line":911,"column":99}},"465":{"start":{"line":912,"column":4},"end":{"line":912,"column":39}},"466":{"start":{"line":913,"column":4},"end":{"line":913,"column":63}},"467":{"start":{"line":914,"column":4},"end":{"line":914,"column":62}},"468":{"start":{"line":915,"column":4},"end":{"line":915,"column":23}},"469":{"start":{"line":918,"column":2},"end":{"line":930,"column":5}},"470":{"start":{"line":919,"column":4},"end":{"line":919,"column":40}},"471":{"start":{"line":919,"column":33},"end":{"line":919,"column":40}},"472":{"start":{"line":920,"column":4},"end":{"line":923,"column":5}},"473":{"start":{"line":921,"column":6},"end":{"line":921,"column":115}},"474":{"start":{"line":922,"column":6},"end":{"line":922,"column":13}},"475":{"start":{"line":924,"column":4},"end":{"line":924,"column":19}},"476":{"start":{"line":925,"column":4},"end":{"line":925,"column":100}},"477":{"start":{"line":926,"column":4},"end":{"line":926,"column":40}},"478":{"start":{"line":927,"column":4},"end":{"line":927,"column":73}},"479":{"start":{"line":928,"column":4},"end":{"line":928,"column":61}},"480":{"start":{"line":929,"column":4},"end":{"line":929,"column":23}},"481":{"start":{"line":932,"column":2},"end":{"line":951,"column":5}},"482":{"start":{"line":933,"column":4},"end":{"line":933,"column":41}},"483":{"start":{"line":933,"column":34},"end":{"line":933,"column":41}},"484":{"start":{"line":934,"column":4},"end":{"line":934,"column":20}},"485":{"start":{"line":935,"column":4},"end":{"line":935,"column":102}},"486":{"start":{"line":936,"column":4},"end":{"line":936,"column":41}},"487":{"start":{"line":937,"column":4},"end":{"line":937,"column":67}},"488":{"start":{"line":938,"column":4},"end":{"line":938,"column":52}},"489":{"start":{"line":939,"column":4},"end":{"line":939,"column":23}},"490":{"start":{"line":942,"column":4},"end":{"line":950,"column":7}},"491":{"start":{"line":954,"column":2},"end":{"line":962,"column":5}},"492":{"start":{"line":955,"column":4},"end":{"line":955,"column":49}},"493":{"start":{"line":955,"column":42},"end":{"line":955,"column":49}},"494":{"start":{"line":956,"column":18},"end":{"line":956,"column":41}},"495":{"start":{"line":957,"column":4},"end":{"line":961,"column":5}},"496":{"start":{"line":958,"column":6},"end":{"line":958,"column":37}},"497":{"start":{"line":960,"column":6},"end":{"line":960,"column":119}},"498":{"start":{"line":964,"column":2},"end":{"line":968,"column":5}},"499":{"start":{"line":965,"column":4},"end":{"line":965,"column":49}},"500":{"start":{"line":965,"column":42},"end":{"line":965,"column":49}},"501":{"start":{"line":966,"column":4},"end":{"line":966,"column":42}},"502":{"start":{"line":966,"column":35},"end":{"line":966,"column":42}},"503":{"start":{"line":967,"column":4},"end":{"line":967,"column":47}},"504":{"start":{"line":971,"column":2},"end":{"line":978,"column":5}},"505":{"start":{"line":972,"column":4},"end":{"line":972,"column":49}},"506":{"start":{"line":972,"column":42},"end":{"line":972,"column":49}},"507":{"start":{"line":973,"column":4},"end":{"line":977,"column":5}},"508":{"start":{"line":974,"column":6},"end":{"line":974,"column":81}},"509":{"start":{"line":975,"column":6},"end":{"line":975,"column":13}},"510":{"start":{"line":976,"column":6},"end":{"line":976,"column":26}},"511":{"start":{"line":981,"column":2},"end":{"line":985,"column":5}},"512":{"start":{"line":982,"column":4},"end":{"line":982,"column":53}},"513":{"start":{"line":983,"column":4},"end":{"line":983,"column":77}},"514":{"start":{"line":983,"column":21},"end":{"line":983,"column":69}},"515":{"start":{"line":984,"column":4},"end":{"line":984,"column":100}},"516":{"start":{"line":984,"column":21},"end":{"line":984,"column":92}},"517":{"start":{"line":988,"column":2},"end":{"line":991,"column":5}},"518":{"start":{"line":989,"column":4},"end":{"line":989,"column":33}},"519":{"start":{"line":989,"column":26},"end":{"line":989,"column":33}},"520":{"start":{"line":990,"column":4},"end":{"line":990,"column":36}},"521":{"start":{"line":994,"column":2},"end":{"line":1049,"column":5}},"522":{"start":{"line":995,"column":4},"end":{"line":995,"column":36}},"523":{"start":{"line":995,"column":29},"end":{"line":995,"column":36}},"524":{"start":{"line":997,"column":19},"end":{"line":997,"column":55}},"525":{"start":{"line":998,"column":18},"end":{"line":998,"column":20}},"526":{"start":{"line":999,"column":4},"end":{"line":999,"column":71}},"527":{"start":{"line":999,"column":49},"end":{"line":999,"column":71}},"528":{"start":{"line":1000,"column":4},"end":{"line":1000,"column":69}},"529":{"start":{"line":1000,"column":49},"end":{"line":1000,"column":69}},"530":{"start":{"line":1001,"column":4},"end":{"line":1001,"column":71}},"531":{"start":{"line":1001,"column":49},"end":{"line":1001,"column":71}},"532":{"start":{"line":1003,"column":4},"end":{"line":1016,"column":5}},"533":{"start":{"line":1004,"column":6},"end":{"line":1008,"column":9}},"534":{"start":{"line":1009,"column":6},"end":{"line":1014,"column":9}},"535":{"start":{"line":1015,"column":6},"end":{"line":1015,"column":13}},"536":{"start":{"line":1018,"column":4},"end":{"line":1018,"column":45}},"537":{"start":{"line":1019,"column":4},"end":{"line":1019,"column":43}},"538":{"start":{"line":1020,"column":4},"end":{"line":1020,"column":45}},"539":{"start":{"line":1022,"column":23},"end":{"line":1032,"column":5}},"540":{"start":{"line":1033,"column":4},"end":{"line":1033,"column":39}},"541":{"start":{"line":1035,"column":4},"end":{"line":1035,"column":121}},"542":{"start":{"line":1036,"column":4},"end":{"line":1037,"column":128}},"543":{"start":{"line":1039,"column":4},"end":{"line":1039,"column":38}},"544":{"start":{"line":1040,"column":4},"end":{"line":1045,"column":7}},"545":{"start":{"line":1047,"column":4},"end":{"line":1047,"column":11}},"546":{"start":{"line":1048,"column":4},"end":{"line":1048,"column":156}},"547":{"start":{"line":1052,"column":2},"end":{"line":1060,"column":5}},"548":{"start":{"line":1053,"column":4},"end":{"line":1059,"column":7}},"549":{"start":{"line":1063,"column":2},"end":{"line":1071,"column":5}},"550":{"start":{"line":1064,"column":4},"end":{"line":1064,"column":59}},"551":{"start":{"line":1065,"column":4},"end":{"line":1070,"column":5}},"552":{"start":{"line":1066,"column":6},"end":{"line":1066,"column":36}},"553":{"start":{"line":1067,"column":6},"end":{"line":1067,"column":38}},"554":{"start":{"line":1068,"column":6},"end":{"line":1068,"column":130}},"555":{"start":{"line":1069,"column":6},"end":{"line":1069,"column":25}},"556":{"start":{"line":1074,"column":2},"end":{"line":1094,"column":5}},"557":{"start":{"line":1075,"column":4},"end":{"line":1093,"column":5}},"558":{"start":{"line":1076,"column":6},"end":{"line":1076,"column":22}},"559":{"start":{"line":1077,"column":6},"end":{"line":1077,"column":113}},"560":{"start":{"line":1078,"column":6},"end":{"line":1078,"column":43}},"561":{"start":{"line":1079,"column":6},"end":{"line":1079,"column":51}},"562":{"start":{"line":1080,"column":6},"end":{"line":1080,"column":73}},"563":{"start":{"line":1081,"column":6},"end":{"line":1081,"column":71}},"564":{"start":{"line":1082,"column":6},"end":{"line":1082,"column":25}},"565":{"start":{"line":1085,"column":6},"end":{"line":1092,"column":9}},"566":{"start":{"line":1096,"column":2},"end":{"line":1099,"column":5}},"567":{"start":{"line":1097,"column":4},"end":{"line":1097,"column":72}},"568":{"start":{"line":1098,"column":4},"end":{"line":1098,"column":64}},"569":{"start":{"line":1101,"column":2},"end":{"line":1104,"column":5}},"570":{"start":{"line":1102,"column":4},"end":{"line":1102,"column":85}},"571":{"start":{"line":1103,"column":4},"end":{"line":1103,"column":82}},"572":{"start":{"line":1106,"column":2},"end":{"line":1116,"column":5}},"573":{"start":{"line":1107,"column":4},"end":{"line":1107,"column":57}},"574":{"start":{"line":1108,"column":4},"end":{"line":1108,"column":58}},"575":{"start":{"line":1109,"column":4},"end":{"line":1109,"column":46}},"576":{"start":{"line":1110,"column":4},"end":{"line":1110,"column":62}},"577":{"start":{"line":1111,"column":4},"end":{"line":1113,"column":5}},"578":{"start":{"line":1112,"column":6},"end":{"line":1112,"column":48}},"579":{"start":{"line":1114,"column":4},"end":{"line":1114,"column":33}},"580":{"start":{"line":1115,"column":4},"end":{"line":1115,"column":11}},"581":{"start":{"line":1118,"column":2},"end":{"line":1127,"column":5}},"582":{"start":{"line":1119,"column":4},"end":{"line":1119,"column":51}},"583":{"start":{"line":1120,"column":4},"end":{"line":1120,"column":94}},"584":{"start":{"line":1121,"column":4},"end":{"line":1121,"column":46}},"585":{"start":{"line":1122,"column":4},"end":{"line":1122,"column":40}},"586":{"start":{"line":1123,"column":4},"end":{"line":1123,"column":34}},"587":{"start":{"line":1124,"column":4},"end":{"line":1124,"column":40}},"588":{"start":{"line":1125,"column":4},"end":{"line":1125,"column":36}},"589":{"start":{"line":1126,"column":4},"end":{"line":1126,"column":11}},"590":{"start":{"line":1129,"column":2},"end":{"line":1133,"column":5}},"591":{"start":{"line":1130,"column":4},"end":{"line":1130,"column":68}},"592":{"start":{"line":1131,"column":4},"end":{"line":1131,"column":105}},"593":{"start":{"line":1132,"column":4},"end":{"line":1132,"column":33}},"594":{"start":{"line":1135,"column":2},"end":{"line":1139,"column":5}},"595":{"start":{"line":1136,"column":4},"end":{"line":1136,"column":76}},"596":{"start":{"line":1137,"column":4},"end":{"line":1137,"column":87}},"597":{"start":{"line":1138,"column":4},"end":{"line":1138,"column":34}},"598":{"start":{"line":1141,"column":2},"end":{"line":1149,"column":5}},"599":{"start":{"line":1142,"column":4},"end":{"line":1142,"column":75}},"600":{"start":{"line":1143,"column":4},"end":{"line":1147,"column":5}},"601":{"start":{"line":1144,"column":6},"end":{"line":1144,"column":119}},"602":{"start":{"line":1146,"column":6},"end":{"line":1146,"column":66}},"603":{"start":{"line":1148,"column":4},"end":{"line":1148,"column":39}},"604":{"start":{"line":1151,"column":2},"end":{"line":1154,"column":5}},"605":{"start":{"line":1152,"column":4},"end":{"line":1152,"column":56}},"606":{"start":{"line":1153,"column":4},"end":{"line":1153,"column":93}},"607":{"start":{"line":1156,"column":2},"end":{"line":1160,"column":5}},"608":{"start":{"line":1157,"column":4},"end":{"line":1159,"column":5}},"609":{"start":{"line":1158,"column":6},"end":{"line":1158,"column":92}},"610":{"start":{"line":1163,"column":2},"end":{"line":1167,"column":5}},"611":{"start":{"line":1164,"column":4},"end":{"line":1164,"column":49}},"612":{"start":{"line":1164,"column":42},"end":{"line":1164,"column":49}},"613":{"start":{"line":1165,"column":21},"end":{"line":1165,"column":90}},"614":{"start":{"line":1166,"column":4},"end":{"line":1166,"column":48}},"615":{"start":{"line":1170,"column":2},"end":{"line":1173,"column":5}},"616":{"start":{"line":1171,"column":4},"end":{"line":1171,"column":49}},"617":{"start":{"line":1171,"column":42},"end":{"line":1171,"column":49}},"618":{"start":{"line":1172,"column":4},"end":{"line":1172,"column":77}},"619":{"start":{"line":1176,"column":2},"end":{"line":1179,"column":5}},"620":{"start":{"line":1177,"column":4},"end":{"line":1177,"column":49}},"621":{"start":{"line":1177,"column":42},"end":{"line":1177,"column":49}},"622":{"start":{"line":1178,"column":4},"end":{"line":1178,"column":88}},"623":{"start":{"line":1181,"column":2},"end":{"line":1184,"column":5}},"624":{"start":{"line":1182,"column":4},"end":{"line":1182,"column":49}},"625":{"start":{"line":1182,"column":42},"end":{"line":1182,"column":49}},"626":{"start":{"line":1183,"column":4},"end":{"line":1183,"column":85}},"627":{"start":{"line":1186,"column":2},"end":{"line":1189,"column":5}},"628":{"start":{"line":1187,"column":4},"end":{"line":1187,"column":49}},"629":{"start":{"line":1187,"column":42},"end":{"line":1187,"column":49}},"630":{"start":{"line":1188,"column":4},"end":{"line":1188,"column":64}},"631":{"start":{"line":1191,"column":2},"end":{"line":1194,"column":5}},"632":{"start":{"line":1192,"column":4},"end":{"line":1192,"column":49}},"633":{"start":{"line":1192,"column":42},"end":{"line":1192,"column":49}},"634":{"start":{"line":1193,"column":4},"end":{"line":1193,"column":84}},"635":{"start":{"line":1196,"column":2},"end":{"line":1199,"column":5}},"636":{"start":{"line":1197,"column":4},"end":{"line":1197,"column":49}},"637":{"start":{"line":1197,"column":42},"end":{"line":1197,"column":49}},"638":{"start":{"line":1198,"column":4},"end":{"line":1198,"column":85}},"639":{"start":{"line":1201,"column":2},"end":{"line":1204,"column":5}},"640":{"start":{"line":1202,"column":4},"end":{"line":1202,"column":49}},"641":{"start":{"line":1202,"column":42},"end":{"line":1202,"column":49}},"642":{"start":{"line":1203,"column":4},"end":{"line":1203,"column":77}},"643":{"start":{"line":1206,"column":2},"end":{"line":1209,"column":5}},"644":{"start":{"line":1207,"column":4},"end":{"line":1207,"column":49}},"645":{"start":{"line":1207,"column":42},"end":{"line":1207,"column":49}},"646":{"start":{"line":1208,"column":4},"end":{"line":1208,"column":101}},"647":{"start":{"line":1211,"column":2},"end":{"line":1214,"column":5}},"648":{"start":{"line":1212,"column":4},"end":{"line":1212,"column":49}},"649":{"start":{"line":1212,"column":42},"end":{"line":1212,"column":49}},"650":{"start":{"line":1213,"column":4},"end":{"line":1213,"column":87}},"651":{"start":{"line":1216,"column":2},"end":{"line":1219,"column":5}},"652":{"start":{"line":1217,"column":4},"end":{"line":1217,"column":49}},"653":{"start":{"line":1217,"column":42},"end":{"line":1217,"column":49}},"654":{"start":{"line":1218,"column":4},"end":{"line":1218,"column":89}},"655":{"start":{"line":1221,"column":2},"end":{"line":1224,"column":5}},"656":{"start":{"line":1222,"column":4},"end":{"line":1222,"column":49}},"657":{"start":{"line":1222,"column":42},"end":{"line":1222,"column":49}},"658":{"start":{"line":1223,"column":4},"end":{"line":1223,"column":94}},"659":{"start":{"line":1226,"column":2},"end":{"line":1229,"column":5}},"660":{"start":{"line":1227,"column":4},"end":{"line":1227,"column":49}},"661":{"start":{"line":1227,"column":42},"end":{"line":1227,"column":49}},"662":{"start":{"line":1228,"column":4},"end":{"line":1228,"column":113}},"663":{"start":{"line":1231,"column":2},"end":{"line":1234,"column":5}},"664":{"start":{"line":1232,"column":4},"end":{"line":1232,"column":49}},"665":{"start":{"line":1232,"column":42},"end":{"line":1232,"column":49}},"666":{"start":{"line":1233,"column":4},"end":{"line":1233,"column":99}},"667":{"start":{"line":1237,"column":2},"end":{"line":1240,"column":5}},"668":{"start":{"line":1238,"column":4},"end":{"line":1238,"column":49}},"669":{"start":{"line":1238,"column":42},"end":{"line":1238,"column":49}},"670":{"start":{"line":1239,"column":4},"end":{"line":1239,"column":75}},"671":{"start":{"line":1243,"column":2},"end":{"line":1247,"column":5}},"672":{"start":{"line":1244,"column":4},"end":{"line":1244,"column":49}},"673":{"start":{"line":1244,"column":42},"end":{"line":1244,"column":49}},"674":{"start":{"line":1245,"column":21},"end":{"line":1245,"column":95}},"675":{"start":{"line":1246,"column":4},"end":{"line":1246,"column":43}},"676":{"start":{"line":1250,"column":2},"end":{"line":1254,"column":5}},"677":{"start":{"line":1251,"column":4},"end":{"line":1251,"column":49}},"678":{"start":{"line":1251,"column":42},"end":{"line":1251,"column":49}},"679":{"start":{"line":1252,"column":19},"end":{"line":1252,"column":69}},"680":{"start":{"line":1253,"column":4},"end":{"line":1253,"column":43}},"681":{"start":{"line":1256,"column":2},"end":{"line":1260,"column":5}},"682":{"start":{"line":1257,"column":4},"end":{"line":1257,"column":49}},"683":{"start":{"line":1257,"column":42},"end":{"line":1257,"column":49}},"684":{"start":{"line":1258,"column":19},"end":{"line":1258,"column":93}},"685":{"start":{"line":1259,"column":4},"end":{"line":1259,"column":43}},"686":{"start":{"line":1262,"column":2},"end":{"line":1266,"column":5}},"687":{"start":{"line":1263,"column":4},"end":{"line":1263,"column":49}},"688":{"start":{"line":1263,"column":42},"end":{"line":1263,"column":49}},"689":{"start":{"line":1264,"column":19},"end":{"line":1264,"column":57}},"690":{"start":{"line":1265,"column":4},"end":{"line":1265,"column":42}},"691":{"start":{"line":1268,"column":2},"end":{"line":1272,"column":5}},"692":{"start":{"line":1269,"column":4},"end":{"line":1269,"column":49}},"693":{"start":{"line":1269,"column":42},"end":{"line":1269,"column":49}},"694":{"start":{"line":1270,"column":19},"end":{"line":1270,"column":92}},"695":{"start":{"line":1271,"column":4},"end":{"line":1271,"column":43}},"696":{"start":{"line":1274,"column":2},"end":{"line":1278,"column":5}},"697":{"start":{"line":1275,"column":4},"end":{"line":1275,"column":49}},"698":{"start":{"line":1275,"column":42},"end":{"line":1275,"column":49}},"699":{"start":{"line":1276,"column":19},"end":{"line":1276,"column":92}},"700":{"start":{"line":1277,"column":4},"end":{"line":1277,"column":48}},"701":{"start":{"line":1281,"column":32},"end":{"line":1281,"column":41}},"702":{"start":{"line":1283,"column":2},"end":{"line":1318,"column":5}},"703":{"start":{"line":1284,"column":4},"end":{"line":1291,"column":7}},"704":{"start":{"line":1294,"column":25},"end":{"line":1302,"column":7}},"705":{"start":{"line":1294,"column":87},"end":{"line":1302,"column":5}},"706":{"start":{"line":1304,"column":4},"end":{"line":1308,"column":7}},"707":{"start":{"line":1311,"column":4},"end":{"line":1317,"column":7}},"708":{"start":{"line":1320,"column":2},"end":{"line":1332,"column":5}},"709":{"start":{"line":1321,"column":24},"end":{"line":1321,"column":60}},"710":{"start":{"line":1322,"column":4},"end":{"line":1331,"column":5}},"711":{"start":{"line":1323,"column":6},"end":{"line":1323,"column":29}},"712":{"start":{"line":1324,"column":6},"end":{"line":1324,"column":29}},"713":{"start":{"line":1326,"column":6},"end":{"line":1330,"column":9}},"714":{"start":{"line":1334,"column":2},"end":{"line":1364,"column":5}},"715":{"start":{"line":1335,"column":24},"end":{"line":1335,"column":60}},"716":{"start":{"line":1336,"column":4},"end":{"line":1363,"column":5}},"717":{"start":{"line":1337,"column":6},"end":{"line":1337,"column":36}},"718":{"start":{"line":1338,"column":6},"end":{"line":1338,"column":39}},"719":{"start":{"line":1341,"column":6},"end":{"line":1347,"column":9}},"720":{"start":{"line":1350,"column":30},"end":{"line":1350,"column":105}},"721":{"start":{"line":1350,"column":85},"end":{"line":1350,"column":97}},"722":{"start":{"line":1351,"column":6},"end":{"line":1353,"column":7}},"723":{"start":{"line":1352,"column":8},"end":{"line":1352,"column":61}},"724":{"start":{"line":1356,"column":6},"end":{"line":1362,"column":15}},"725":{"start":{"line":1357,"column":18},"end":{"line":1357,"column":54}},"726":{"start":{"line":1358,"column":8},"end":{"line":1361,"column":9}},"727":{"start":{"line":1359,"column":10},"end":{"line":1359,"column":31}},"728":{"start":{"line":1360,"column":10},"end":{"line":1360,"column":26}},"729":{"start":{"line":1367,"column":2},"end":{"line":1373,"column":11}},"730":{"start":{"line":1368,"column":18},"end":{"line":1368,"column":44}},"731":{"start":{"line":1369,"column":4},"end":{"line":1372,"column":5}},"732":{"start":{"line":1370,"column":22},"end":{"line":1370,"column":89}},"733":{"start":{"line":1371,"column":6},"end":{"line":1371,"column":59}},"734":{"start":{"line":1376,"column":2},"end":{"line":1385,"column":5}},"735":{"start":{"line":1377,"column":24},"end":{"line":1377,"column":60}},"736":{"start":{"line":1378,"column":4},"end":{"line":1384,"column":5}},"737":{"start":{"line":1379,"column":6},"end":{"line":1382,"column":9}},"738":{"start":{"line":1383,"column":6},"end":{"line":1383,"column":46}},"739":{"start":{"line":1390,"column":19},"end":{"line":1390,"column":21}},"740":{"start":{"line":1393,"column":24},"end":{"line":1405,"column":3}},"741":{"start":{"line":1407,"column":2},"end":{"line":1420,"column":5}},"742":{"start":{"line":1408,"column":4},"end":{"line":1419,"column":6}},"743":{"start":{"line":1423,"column":2},"end":{"line":1431,"column":3}},"744":{"start":{"line":1424,"column":4},"end":{"line":1430,"column":6}},"745":{"start":{"line":1433,"column":2},"end":{"line":1438,"column":4}},"746":{"start":{"line":1443,"column":24},"end":{"line":1443,"column":44}},"747":{"start":{"line":1444,"column":2},"end":{"line":1444,"column":43}},"748":{"start":{"line":1449,"column":2},"end":{"line":1449,"column":42}},"749":{"start":{"line":1454,"column":2},"end":{"line":1454,"column":36}},"750":{"start":{"line":1459,"column":21},"end":{"line":1473,"column":3}},"751":{"start":{"line":1475,"column":2},"end":{"line":1483,"column":5}},"752":{"start":{"line":1476,"column":4},"end":{"line":1482,"column":5}},"753":{"start":{"line":1477,"column":6},"end":{"line":1481,"column":7}},"754":{"start":{"line":1478,"column":8},"end":{"line":1478,"column":99}},"755":{"start":{"line":1480,"column":8},"end":{"line":1480,"column":73}},"756":{"start":{"line":1485,"column":2},"end":{"line":1489,"column":5}},"757":{"start":{"line":1493,"column":0},"end":{"line":1493,"column":41}},"758":{"start":{"line":1493,"column":21},"end":{"line":1493,"column":41}},"759":{"start":{"line":1494,"column":0},"end":{"line":1496,"column":1}},"760":{"start":{"line":1495,"column":2},"end":{"line":1495,"column":42}},"761":{"start":{"line":1498,"column":0},"end":{"line":1503,"column":9}},"762":{"start":{"line":1499,"column":2},"end":{"line":1499,"column":64}},"763":{"start":{"line":1500,"column":2},"end":{"line":1500,"column":64}},"764":{"start":{"line":1501,"column":2},"end":{"line":1501,"column":22}},"765":{"start":{"line":1502,"column":2},"end":{"line":1502,"column":9}},"766":{"start":{"line":1506,"column":0},"end":{"line":1529,"column":10}},"767":{"start":{"line":1507,"column":2},"end":{"line":1507,"column":12}},"768":{"start":{"line":1508,"column":2},"end":{"line":1508,"column":25}},"769":{"start":{"line":1509,"column":2},"end":{"line":1509,"column":77}},"770":{"start":{"line":1509,"column":23},"end":{"line":1509,"column":77}},"771":{"start":{"line":1511,"column":2},"end":{"line":1511,"column":93}},"772":{"start":{"line":1512,"column":2},"end":{"line":1512,"column":93}},"773":{"start":{"line":1513,"column":2},"end":{"line":1513,"column":89}},"774":{"start":{"line":1514,"column":2},"end":{"line":1514,"column":9}},"775":{"start":{"line":1515,"column":2},"end":{"line":1515,"column":125}},"776":{"start":{"line":1516,"column":2},"end":{"line":1516,"column":61}},"777":{"start":{"line":1517,"column":2},"end":{"line":1517,"column":137}},"778":{"start":{"line":1518,"column":2},"end":{"line":1518,"column":27}},"779":{"start":{"line":1521,"column":2},"end":{"line":1521,"column":35}},"780":{"start":{"line":1524,"column":2},"end":{"line":1528,"column":3}},"781":{"start":{"line":1525,"column":4},"end":{"line":1525,"column":92}},"782":{"start":{"line":1526,"column":4},"end":{"line":1526,"column":93}},"783":{"start":{"line":1527,"column":4},"end":{"line":1527,"column":94}},"784":{"start":{"line":1533,"column":2},"end":{"line":1533,"column":36}},"785":{"start":{"line":1534,"column":2},"end":{"line":1534,"column":31}},"786":{"start":{"line":1537,"column":2},"end":{"line":1537,"column":35}},"787":{"start":{"line":1539,"column":2},"end":{"line":1539,"column":52}},"788":{"start":{"line":1540,"column":2},"end":{"line":1540,"column":54}},"789":{"start":{"line":1541,"column":2},"end":{"line":1541,"column":39}},"790":{"start":{"line":1542,"column":2},"end":{"line":1542,"column":42}},"791":{"start":{"line":1543,"column":2},"end":{"line":1543,"column":51}},"792":{"start":{"line":1544,"column":2},"end":{"line":1544,"column":41}},"793":{"start":{"line":1545,"column":2},"end":{"line":1545,"column":47}},"794":{"start":{"line":1546,"column":2},"end":{"line":1546,"column":44}},"795":{"start":{"line":1547,"column":2},"end":{"line":1547,"column":71}},"796":{"start":{"line":1548,"column":2},"end":{"line":1548,"column":77}},"797":{"start":{"line":1551,"column":0},"end":{"line":1551,"column":44}},"798":{"start":{"line":1556,"column":26},"end":{"line":1574,"column":1}},"799":{"start":{"line":1578,"column":2},"end":{"line":1584,"column":16}},"800":{"start":{"line":1579,"column":18},"end":{"line":1579,"column":59}},"801":{"start":{"line":1580,"column":4},"end":{"line":1583,"column":5}},"802":{"start":{"line":1581,"column":6},"end":{"line":1581,"column":59}},"803":{"start":{"line":1582,"column":6},"end":{"line":1582,"column":70}},"804":{"start":{"line":1587,"column":2},"end":{"line":1587,"column":24}},"805":{"start":{"line":1590,"column":2},"end":{"line":1592,"column":21}},"806":{"start":{"line":1591,"column":4},"end":{"line":1591,"column":30}},"807":{"start":{"line":1595,"column":2},"end":{"line":1595,"column":28}},"808":{"start":{"line":1597,"column":2},"end":{"line":1597,"column":56}},"809":{"start":{"line":1601,"column":14},"end":{"line":1601,"column":24}},"810":{"start":{"line":1602,"column":19},"end":{"line":1602,"column":32}},"811":{"start":{"line":1603,"column":2},"end":{"line":1603,"column":32}},"812":{"start":{"line":1604,"column":19},"end":{"line":1604,"column":32}},"813":{"start":{"line":1605,"column":2},"end":{"line":1605,"column":32}},"814":{"start":{"line":1608,"column":2},"end":{"line":1616,"column":3}},"815":{"start":{"line":1609,"column":4},"end":{"line":1609,"column":23}},"816":{"start":{"line":1610,"column":9},"end":{"line":1616,"column":3}},"817":{"start":{"line":1611,"column":4},"end":{"line":1611,"column":18}},"818":{"start":{"line":1613,"column":24},"end":{"line":1613,"column":42}},"819":{"start":{"line":1614,"column":4},"end":{"line":1614,"column":51}},"820":{"start":{"line":1615,"column":4},"end":{"line":1615,"column":26}},"821":{"start":{"line":1618,"column":2},"end":{"line":1618,"column":63}},"822":{"start":{"line":1620,"column":16},"end":{"line":1620,"column":29}},"823":{"start":{"line":1621,"column":2},"end":{"line":1628,"column":3}},"824":{"start":{"line":1622,"column":4},"end":{"line":1626,"column":14}},"825":{"start":{"line":1623,"column":6},"end":{"line":1623,"column":24}},"826":{"start":{"line":1625,"column":6},"end":{"line":1625,"column":28}},"827":{"start":{"line":1627,"column":4},"end":{"line":1627,"column":77}},"828":{"start":{"line":1633,"column":2},"end":{"line":1638,"column":3}},"829":{"start":{"line":1634,"column":17},"end":{"line":1634,"column":38}},"830":{"start":{"line":1635,"column":4},"end":{"line":1637,"column":5}},"831":{"start":{"line":1636,"column":6},"end":{"line":1636,"column":24}},"832":{"start":{"line":1642,"column":2},"end":{"line":1642,"column":41}},"833":{"start":{"line":1642,"column":34},"end":{"line":1642,"column":41}},"834":{"start":{"line":1644,"column":2},"end":{"line":1644,"column":36}},"835":{"start":{"line":1645,"column":2},"end":{"line":1645,"column":45}},"836":{"start":{"line":1646,"column":2},"end":{"line":1646,"column":33}},"837":{"start":{"line":1647,"column":2},"end":{"line":1647,"column":36}},"838":{"start":{"line":1648,"column":2},"end":{"line":1648,"column":37}},"839":{"start":{"line":1649,"column":2},"end":{"line":1649,"column":37}},"840":{"start":{"line":1650,"column":2},"end":{"line":1650,"column":44}},"841":{"start":{"line":1651,"column":2},"end":{"line":1651,"column":39}},"842":{"start":{"line":1652,"column":2},"end":{"line":1652,"column":47}},"843":{"start":{"line":1653,"column":2},"end":{"line":1653,"column":47}},"844":{"start":{"line":1654,"column":2},"end":{"line":1654,"column":39}},"845":{"start":{"line":1655,"column":2},"end":{"line":1655,"column":49}},"846":{"start":{"line":1656,"column":2},"end":{"line":1656,"column":44}},"847":{"start":{"line":1657,"column":2},"end":{"line":1657,"column":40}},"848":{"start":{"line":1659,"column":2},"end":{"line":1659,"column":88}},"849":{"start":{"line":1662,"column":2},"end":{"line":1662,"column":29}},"850":{"start":{"line":1664,"column":2},"end":{"line":1664,"column":37}},"851":{"start":{"line":1665,"column":2},"end":{"line":1665,"column":57}},"852":{"start":{"line":1668,"column":2},"end":{"line":1668,"column":27}},"853":{"start":{"line":1670,"column":2},"end":{"line":1670,"column":181}},"854":{"start":{"line":1673,"column":2},"end":{"line":1689,"column":5}},"855":{"start":{"line":1693,"column":21},"end":{"line":1693,"column":24}},"856":{"start":{"line":1694,"column":25},"end":{"line":1694,"column":27}},"857":{"start":{"line":1696,"column":2},"end":{"line":1727,"column":3}},"858":{"start":{"line":1696,"column":19},"end":{"line":1696,"column":20}},"859":{"start":{"line":1697,"column":4},"end":{"line":1697,"column":33}},"860":{"start":{"line":1700,"column":4},"end":{"line":1700,"column":38}},"861":{"start":{"line":1703,"column":4},"end":{"line":1703,"column":37}},"862":{"start":{"line":1706,"column":4},"end":{"line":1706,"column":31}},"863":{"start":{"line":1709,"column":4},"end":{"line":1709,"column":35}},"864":{"start":{"line":1712,"column":4},"end":{"line":1712,"column":30}},"865":{"start":{"line":1715,"column":4},"end":{"line":1715,"column":30}},"866":{"start":{"line":1718,"column":4},"end":{"line":1718,"column":34}},"867":{"start":{"line":1721,"column":4},"end":{"line":1721,"column":32}},"868":{"start":{"line":1724,"column":4},"end":{"line":1726,"column":5}},"869":{"start":{"line":1725,"column":6},"end":{"line":1725,"column":72}},"870":{"start":{"line":1725,"column":35},"end":{"line":1725,"column":70}},"871":{"start":{"line":1733,"column":19},"end":{"line":1733,"column":21}},"872":{"start":{"line":1734,"column":2},"end":{"line":1734,"column":52}},"873":{"start":{"line":1737,"column":2},"end":{"line":1753,"column":3}},"874":{"start":{"line":1738,"column":25},"end":{"line":1745,"column":5}},"875":{"start":{"line":1746,"column":4},"end":{"line":1752,"column":7}},"876":{"start":{"line":1758,"column":2},"end":{"line":1758,"column":72}},"877":{"start":{"line":1760,"column":2},"end":{"line":1775,"column":3}},"878":{"start":{"line":1761,"column":22},"end":{"line":1767,"column":5}},"879":{"start":{"line":1768,"column":4},"end":{"line":1774,"column":7}},"880":{"start":{"line":1779,"column":17},"end":{"line":1779,"column":19}},"881":{"start":{"line":1780,"column":2},"end":{"line":1780,"column":53}},"882":{"start":{"line":1782,"column":2},"end":{"line":1790,"column":3}},"883":{"start":{"line":1783,"column":4},"end":{"line":1789,"column":7}},"884":{"start":{"line":1794,"column":2},"end":{"line":1794,"column":80}},"885":{"start":{"line":1796,"column":2},"end":{"line":1805,"column":3}},"886":{"start":{"line":1797,"column":4},"end":{"line":1804,"column":7}},"887":{"start":{"line":1810,"column":2},"end":{"line":1819,"column":3}},"888":{"start":{"line":1811,"column":4},"end":{"line":1811,"column":39}},"889":{"start":{"line":1812,"column":4},"end":{"line":1818,"column":7}},"890":{"start":{"line":1823,"column":21},"end":{"line":1827,"column":3}},"891":{"start":{"line":1829,"column":2},"end":{"line":1829,"column":47}},"892":{"start":{"line":1831,"column":2},"end":{"line":1839,"column":3}},"893":{"start":{"line":1832,"column":4},"end":{"line":1838,"column":7}},"894":{"start":{"line":1843,"column":2},"end":{"line":1843,"column":73}},"895":{"start":{"line":1845,"column":2},"end":{"line":1854,"column":3}},"896":{"start":{"line":1846,"column":4},"end":{"line":1853,"column":7}},"897":{"start":{"line":1858,"column":2},"end":{"line":1858,"column":69}},"898":{"start":{"line":1860,"column":2},"end":{"line":1877,"column":3}},"899":{"start":{"line":1861,"column":23},"end":{"line":1861,"column":120}},"900":{"start":{"line":1862,"column":21},"end":{"line":1869,"column":5}},"901":{"start":{"line":1870,"column":4},"end":{"line":1870,"column":49}},"902":{"start":{"line":1871,"column":4},"end":{"line":1876,"column":7}},"903":{"start":{"line":1881,"column":2},"end":{"line":1912,"column":3}},"904":{"start":{"line":1882,"column":18},"end":{"line":1882,"column":59}},"905":{"start":{"line":1884,"column":4},"end":{"line":1884,"column":50}},"906":{"start":{"line":1885,"column":4},"end":{"line":1902,"column":7}},"907":{"start":{"line":1905,"column":4},"end":{"line":1907,"column":5}},"908":{"start":{"line":1906,"column":6},"end":{"line":1906,"column":57}},"909":{"start":{"line":1909,"column":4},"end":{"line":1909,"column":33}},"910":{"start":{"line":1911,"column":4},"end":{"line":1911,"column":54}},"911":{"start":{"line":1916,"column":0},"end":{"line":1938,"column":3}},"912":{"start":{"line":1917,"column":2},"end":{"line":1937,"column":5}},"913":{"start":{"line":1940,"column":0},"end":{"line":1959,"column":3}},"914":{"start":{"line":1941,"column":24},"end":{"line":1941,"column":32}},"915":{"start":{"line":1942,"column":2},"end":{"line":1944,"column":3}},"916":{"start":{"line":1943,"column":4},"end":{"line":1943,"column":61}},"917":{"start":{"line":1946,"column":2},"end":{"line":1946,"column":51}},"918":{"start":{"line":1949,"column":2},"end":{"line":1955,"column":3}},"919":{"start":{"line":1950,"column":18},"end":{"line":1950,"column":59}},"920":{"start":{"line":1951,"column":4},"end":{"line":1951,"column":57}},"921":{"start":{"line":1952,"column":4},"end":{"line":1952,"column":33}},"922":{"start":{"line":1954,"column":4},"end":{"line":1954,"column":50}},"923":{"start":{"line":1957,"column":2},"end":{"line":1957,"column":77}},"924":{"start":{"line":1958,"column":2},"end":{"line":1958,"column":72}},"925":{"start":{"line":1961,"column":0},"end":{"line":1967,"column":3}},"926":{"start":{"line":1962,"column":2},"end":{"line":1964,"column":3}},"927":{"start":{"line":1963,"column":4},"end":{"line":1963,"column":59}},"928":{"start":{"line":1965,"column":2},"end":{"line":1965,"column":20}},"929":{"start":{"line":1966,"column":2},"end":{"line":1966,"column":75}},"930":{"start":{"line":1970,"column":0},"end":{"line":1970,"column":151}},"931":{"start":{"line":1970,"column":26},"end":{"line":1970,"column":149}}},"fnMap":{"0":{"name":"(anonymous_0)","decl":{"start":{"line":94,"column":37},"end":{"line":94,"column":38}},"loc":{"start":{"line":94,"column":43},"end":{"line":96,"column":5}},"line":94},"1":{"name":"initializeDiamondProtocol","decl":{"start":{"line":117,"column":15},"end":{"line":117,"column":40}},"loc":{"start":{"line":117,"column":43},"end":{"line":133,"column":1}},"line":117},"2":{"name":"(anonymous_2)","decl":{"start":{"line":126,"column":16},"end":{"line":126,"column":17}},"loc":{"start":{"line":126,"column":22},"end":{"line":128,"column":5}},"line":126},"3":{"name":"initializeNewSystems","decl":{"start":{"line":148,"column":15},"end":{"line":148,"column":35}},"loc":{"start":{"line":148,"column":38},"end":{"line":295,"column":1}},"line":148},"4":{"name":"(anonymous_4)","decl":{"start":{"line":273,"column":45},"end":{"line":273,"column":46}},"loc":{"start":{"line":273,"column":60},"end":{"line":275,"column":7}},"line":273},"5":{"name":"(anonymous_5)","decl":{"start":{"line":298,"column":12},"end":{"line":298,"column":13}},"loc":{"start":{"line":298,"column":18},"end":{"line":303,"column":1}},"line":298},"6":{"name":"save","decl":{"start":{"line":306,"column":9},"end":{"line":306,"column":13}},"loc":{"start":{"line":306,"column":16},"end":{"line":334,"column":1}},"line":306},"7":{"name":"(anonymous_7)","decl":{"start":{"line":337,"column":12},"end":{"line":337,"column":13}},"loc":{"start":{"line":337,"column":18},"end":{"line":348,"column":1}},"line":337},"8":{"name":"agora","decl":{"start":{"line":350,"column":9},"end":{"line":350,"column":14}},"loc":{"start":{"line":350,"column":17},"end":{"line":350,"column":126}},"line":350},"9":{"name":"tempoAtras","decl":{"start":{"line":352,"column":9},"end":{"line":352,"column":19}},"loc":{"start":{"line":352,"column":31},"end":{"line":365,"column":1}},"line":352},"10":{"name":"emitPublico","decl":{"start":{"line":378,"column":9},"end":{"line":378,"column":20}},"loc":{"start":{"line":378,"column":34},"end":{"line":383,"column":1}},"line":378},"11":{"name":"emitSussurro","decl":{"start":{"line":385,"column":9},"end":{"line":385,"column":21}},"loc":{"start":{"line":385,"column":39},"end":{"line":393,"column":1}},"line":385},"12":{"name":"emitSistema","decl":{"start":{"line":395,"column":9},"end":{"line":395,"column":20}},"loc":{"start":{"line":395,"column":28},"end":{"line":400,"column":1}},"line":395},"13":{"name":"broadcastPlayers","decl":{"start":{"line":402,"column":9},"end":{"line":402,"column":25}},"loc":{"start":{"line":402,"column":28},"end":{"line":412,"column":1}},"line":402},"14":{"name":"(anonymous_14)","decl":{"start":{"line":403,"column":48},"end":{"line":403,"column":49}},"loc":{"start":{"line":403,"column":54},"end":{"line":409,"column":3}},"line":403},"15":{"name":"broadcastPosicoes","decl":{"start":{"line":414,"column":9},"end":{"line":414,"column":26}},"loc":{"start":{"line":414,"column":29},"end":{"line":416,"column":1}},"line":414},"16":{"name":"(anonymous_16)","decl":{"start":{"line":420,"column":13},"end":{"line":420,"column":14}},"loc":{"start":{"line":420,"column":27},"end":{"line":420,"column":75}},"line":420},"17":{"name":"(anonymous_17)","decl":{"start":{"line":421,"column":19},"end":{"line":421,"column":20}},"loc":{"start":{"line":421,"column":33},"end":{"line":421,"column":100}},"line":421},"18":{"name":"(anonymous_18)","decl":{"start":{"line":431,"column":19},"end":{"line":431,"column":20}},"loc":{"start":{"line":431,"column":33},"end":{"line":441,"column":1}},"line":431},"19":{"name":"(anonymous_19)","decl":{"start":{"line":443,"column":23},"end":{"line":443,"column":24}},"loc":{"start":{"line":443,"column":37},"end":{"line":465,"column":1}},"line":443},"20":{"name":"(anonymous_20)","decl":{"start":{"line":444,"column":71},"end":{"line":444,"column":72}},"loc":{"start":{"line":444,"column":76},"end":{"line":444,"column":93}},"line":444},"21":{"name":"(anonymous_21)","decl":{"start":{"line":468,"column":31},"end":{"line":468,"column":32}},"loc":{"start":{"line":468,"column":45},"end":{"line":470,"column":1}},"line":468},"22":{"name":"(anonymous_22)","decl":{"start":{"line":472,"column":31},"end":{"line":472,"column":32}},"loc":{"start":{"line":472,"column":45},"end":{"line":474,"column":1}},"line":472},"23":{"name":"(anonymous_23)","decl":{"start":{"line":476,"column":43},"end":{"line":476,"column":44}},"loc":{"start":{"line":476,"column":57},"end":{"line":479,"column":1}},"line":476},"24":{"name":"(anonymous_24)","decl":{"start":{"line":481,"column":30},"end":{"line":481,"column":31}},"loc":{"start":{"line":481,"column":44},"end":{"line":484,"column":1}},"line":481},"25":{"name":"(anonymous_25)","decl":{"start":{"line":487,"column":22},"end":{"line":487,"column":23}},"loc":{"start":{"line":487,"column":36},"end":{"line":489,"column":1}},"line":487},"26":{"name":"(anonymous_26)","decl":{"start":{"line":492,"column":30},"end":{"line":492,"column":31}},"loc":{"start":{"line":492,"column":44},"end":{"line":494,"column":1}},"line":492},"27":{"name":"(anonymous_27)","decl":{"start":{"line":496,"column":33},"end":{"line":496,"column":34}},"loc":{"start":{"line":496,"column":47},"end":{"line":498,"column":1}},"line":496},"28":{"name":"(anonymous_28)","decl":{"start":{"line":500,"column":30},"end":{"line":500,"column":31}},"loc":{"start":{"line":500,"column":44},"end":{"line":507,"column":1}},"line":500},"29":{"name":"(anonymous_29)","decl":{"start":{"line":510,"column":23},"end":{"line":510,"column":24}},"loc":{"start":{"line":510,"column":37},"end":{"line":512,"column":1}},"line":510},"30":{"name":"(anonymous_30)","decl":{"start":{"line":514,"column":32},"end":{"line":514,"column":33}},"loc":{"start":{"line":514,"column":46},"end":{"line":518,"column":1}},"line":514},"31":{"name":"(anonymous_31)","decl":{"start":{"line":520,"column":28},"end":{"line":520,"column":29}},"loc":{"start":{"line":520,"column":42},"end":{"line":522,"column":1}},"line":520},"32":{"name":"(anonymous_32)","decl":{"start":{"line":524,"column":26},"end":{"line":524,"column":27}},"loc":{"start":{"line":524,"column":40},"end":{"line":526,"column":1}},"line":524},"33":{"name":"(anonymous_33)","decl":{"start":{"line":528,"column":25},"end":{"line":528,"column":26}},"loc":{"start":{"line":528,"column":39},"end":{"line":530,"column":1}},"line":528},"34":{"name":"(anonymous_34)","decl":{"start":{"line":533,"column":29},"end":{"line":533,"column":30}},"loc":{"start":{"line":533,"column":43},"end":{"line":535,"column":1}},"line":533},"35":{"name":"(anonymous_35)","decl":{"start":{"line":537,"column":50},"end":{"line":537,"column":51}},"loc":{"start":{"line":537,"column":64},"end":{"line":539,"column":1}},"line":537},"36":{"name":"(anonymous_36)","decl":{"start":{"line":541,"column":30},"end":{"line":541,"column":31}},"loc":{"start":{"line":541,"column":44},"end":{"line":543,"column":1}},"line":541},"37":{"name":"(anonymous_37)","decl":{"start":{"line":545,"column":23},"end":{"line":545,"column":24}},"loc":{"start":{"line":545,"column":37},"end":{"line":547,"column":1}},"line":545},"38":{"name":"(anonymous_38)","decl":{"start":{"line":549,"column":26},"end":{"line":549,"column":27}},"loc":{"start":{"line":549,"column":40},"end":{"line":551,"column":1}},"line":549},"39":{"name":"(anonymous_39)","decl":{"start":{"line":553,"column":32},"end":{"line":553,"column":33}},"loc":{"start":{"line":553,"column":46},"end":{"line":555,"column":1}},"line":553},"40":{"name":"(anonymous_40)","decl":{"start":{"line":557,"column":43},"end":{"line":557,"column":44}},"loc":{"start":{"line":557,"column":57},"end":{"line":559,"column":1}},"line":557},"41":{"name":"(anonymous_41)","decl":{"start":{"line":562,"column":37},"end":{"line":562,"column":38}},"loc":{"start":{"line":562,"column":51},"end":{"line":566,"column":1}},"line":562},"42":{"name":"(anonymous_42)","decl":{"start":{"line":568,"column":47},"end":{"line":568,"column":48}},"loc":{"start":{"line":568,"column":67},"end":{"line":572,"column":1}},"line":568},"43":{"name":"(anonymous_43)","decl":{"start":{"line":574,"column":27},"end":{"line":574,"column":28}},"loc":{"start":{"line":574,"column":41},"end":{"line":576,"column":1}},"line":574},"44":{"name":"(anonymous_44)","decl":{"start":{"line":579,"column":29},"end":{"line":579,"column":30}},"loc":{"start":{"line":579,"column":49},"end":{"line":583,"column":1}},"line":579},"45":{"name":"(anonymous_45)","decl":{"start":{"line":585,"column":29},"end":{"line":585,"column":30}},"loc":{"start":{"line":585,"column":43},"end":{"line":587,"column":1}},"line":585},"46":{"name":"(anonymous_46)","decl":{"start":{"line":590,"column":29},"end":{"line":590,"column":30}},"loc":{"start":{"line":590,"column":43},"end":{"line":592,"column":1}},"line":590},"47":{"name":"(anonymous_47)","decl":{"start":{"line":594,"column":32},"end":{"line":594,"column":33}},"loc":{"start":{"line":594,"column":46},"end":{"line":596,"column":1}},"line":594},"48":{"name":"(anonymous_48)","decl":{"start":{"line":598,"column":30},"end":{"line":598,"column":31}},"loc":{"start":{"line":598,"column":44},"end":{"line":600,"column":1}},"line":598},"49":{"name":"(anonymous_49)","decl":{"start":{"line":602,"column":37},"end":{"line":602,"column":38}},"loc":{"start":{"line":602,"column":51},"end":{"line":604,"column":1}},"line":602},"50":{"name":"(anonymous_50)","decl":{"start":{"line":606,"column":32},"end":{"line":606,"column":33}},"loc":{"start":{"line":606,"column":52},"end":{"line":609,"column":1}},"line":606},"51":{"name":"(anonymous_51)","decl":{"start":{"line":611,"column":32},"end":{"line":611,"column":33}},"loc":{"start":{"line":611,"column":52},"end":{"line":615,"column":1}},"line":611},"52":{"name":"(anonymous_52)","decl":{"start":{"line":617,"column":31},"end":{"line":617,"column":32}},"loc":{"start":{"line":617,"column":51},"end":{"line":620,"column":1}},"line":617},"53":{"name":"(anonymous_53)","decl":{"start":{"line":622,"column":32},"end":{"line":622,"column":33}},"loc":{"start":{"line":622,"column":46},"end":{"line":626,"column":1}},"line":622},"54":{"name":"(anonymous_54)","decl":{"start":{"line":628,"column":31},"end":{"line":628,"column":32}},"loc":{"start":{"line":628,"column":51},"end":{"line":632,"column":1}},"line":628},"55":{"name":"(anonymous_55)","decl":{"start":{"line":635,"column":24},"end":{"line":635,"column":25}},"loc":{"start":{"line":635,"column":38},"end":{"line":637,"column":1}},"line":635},"56":{"name":"(anonymous_56)","decl":{"start":{"line":639,"column":30},"end":{"line":639,"column":31}},"loc":{"start":{"line":639,"column":50},"end":{"line":647,"column":1}},"line":639},"57":{"name":"(anonymous_57)","decl":{"start":{"line":650,"column":31},"end":{"line":650,"column":32}},"loc":{"start":{"line":650,"column":45},"end":{"line":652,"column":1}},"line":650},"58":{"name":"(anonymous_58)","decl":{"start":{"line":654,"column":38},"end":{"line":654,"column":39}},"loc":{"start":{"line":654,"column":52},"end":{"line":658,"column":1}},"line":654},"59":{"name":"(anonymous_59)","decl":{"start":{"line":660,"column":26},"end":{"line":660,"column":27}},"loc":{"start":{"line":660,"column":40},"end":{"line":662,"column":1}},"line":660},"60":{"name":"(anonymous_60)","decl":{"start":{"line":664,"column":33},"end":{"line":664,"column":34}},"loc":{"start":{"line":664,"column":47},"end":{"line":666,"column":1}},"line":664},"61":{"name":"(anonymous_61)","decl":{"start":{"line":668,"column":27},"end":{"line":668,"column":28}},"loc":{"start":{"line":668,"column":41},"end":{"line":670,"column":1}},"line":668},"62":{"name":"(anonymous_62)","decl":{"start":{"line":672,"column":28},"end":{"line":672,"column":29}},"loc":{"start":{"line":672,"column":42},"end":{"line":675,"column":1}},"line":672},"63":{"name":"(anonymous_63)","decl":{"start":{"line":677,"column":45},"end":{"line":677,"column":46}},"loc":{"start":{"line":677,"column":59},"end":{"line":680,"column":1}},"line":677},"64":{"name":"(anonymous_64)","decl":{"start":{"line":682,"column":35},"end":{"line":682,"column":36}},"loc":{"start":{"line":682,"column":49},"end":{"line":684,"column":1}},"line":682},"65":{"name":"(anonymous_65)","decl":{"start":{"line":686,"column":40},"end":{"line":686,"column":41}},"loc":{"start":{"line":686,"column":54},"end":{"line":688,"column":1}},"line":686},"66":{"name":"(anonymous_66)","decl":{"start":{"line":690,"column":29},"end":{"line":690,"column":30}},"loc":{"start":{"line":690,"column":49},"end":{"line":698,"column":1}},"line":690},"67":{"name":"(anonymous_67)","decl":{"start":{"line":700,"column":33},"end":{"line":700,"column":34}},"loc":{"start":{"line":700,"column":53},"end":{"line":708,"column":1}},"line":700},"68":{"name":"(anonymous_68)","decl":{"start":{"line":710,"column":32},"end":{"line":710,"column":33}},"loc":{"start":{"line":710,"column":52},"end":{"line":718,"column":1}},"line":710},"69":{"name":"(anonymous_69)","decl":{"start":{"line":721,"column":33},"end":{"line":721,"column":34}},"loc":{"start":{"line":721,"column":47},"end":{"line":723,"column":1}},"line":721},"70":{"name":"(anonymous_70)","decl":{"start":{"line":725,"column":34},"end":{"line":725,"column":35}},"loc":{"st
[...]
:1}},{"start":{},"end":{}}],"line":278},"37":{"loc":{"start":{"line":355,"column":17},"end":{"line":361,"column":1}},"type":"binary-expr","locations":[{"start":{"line":355,"column":17},"end":{"line":355,"column":56}},{"start":{"line":355,"column":60},"end":{"line":361,"column":1}}],"line":355},"38":{"loc":{"start":{"line":364,"column":17},"end":{"line":364,"column":72}},"type":"binary-expr","locations":[{"start":{"line":364,"column":17},"end":{"line":364,"column":32}},{"start":{"line":364,"column":36},"end":{"line":364,"column":72}}],"line":364},"39":{"loc":{"start":{"line":367,"column":0},"end":{"line":372,"column":1}},"type":"if","locations":[{"start":{"line":367,"column":0},"end":{"line":372,"column":1}},{"start":{},"end":{}}],"line":367},"40":{"loc":{"start":{"line":367,"column":4},"end":{"line":367,"column":104}},"type":"binary-expr","locations":[{"start":{"line":367,"column":4},"end":{"line":367,"column":36}},{"start":{"line":367,"column":40},"end":{"line":367,"column":68}},{"start":{"line":367,"column":72},"end":{"line":367,"column":104}}],"line":367},"41":{"loc":{"start":{"line":392,"column":40},"end":{"line":392,"column":62}},"type":"binary-expr","locations":[{"start":{"line":392,"column":40},"end":{"line":392,"column":48}},{"start":{"line":392,"column":52},"end":{"line":392,"column":62}}],"line":392},"42":{"loc":{"start":{"line":402,"column":9},"end":{"line":402,"column":22}},"type":"binary-expr","locations":[{"start":{"line":402,"column":9},"end":{"line":402,"column":17}},{"start":{"line":402,"column":21},"end":{"line":402,"column":22}}],"line":402},"43":{"loc":{"start":{"line":411,"column":0},"end":{"line":415,"column":1}},"type":"if","locations":[{"start":{"line":411,"column":0},"end":{"line":415,"column":1}},{"start":{},"end":{}}],"line":411},"44":{"loc":{"start":{"line":414,"column":35},"end":{"line":414,"column":48}},"type":"binary-expr","locations":[{"start":{"line":414,"column":35},"end":{"line":414,"column":43}},{"start":{"line":414,"column":47},"end":{"line":414,"column":48}}],"line":414},"45":{"loc":{"start":{"line":425,"column":25},"end":{"line":425,"column":38}},"type":"binary-expr","locations":[{"start":{"line":425,"column":25},"end":{"line":425,"column":33}},{"start":{"line":425,"column":37},"end":{"line":425,"column":38}}],"line":425}},"s":{"0":0,"1":0,"2":0,"3":0,"4":0,"5":0,"6":0,"7":0,"8":0,"9":0,"10":0,"11":0,"12":0,"13":0,"14":0,"15":0,"16":0,"17":0,"18":0,"19":0,"20":0,"21":0,"22":0,"23":0,"24":0,"25":0,"26":0,"27":0,"28":0,"29":0,"30":0,"31":0,"32":0,"33":0,"34":0,"35":0,"36":0,"37":0,"38":0,"39":0,"40":0,"41":0,"42":0,"43":0,"44":0,"45":0,"46":0,"47":0,"48":0,"49":0,"50":0,"51":0,"52":0,"53":0,"54":0,"55":0,"56":0,"57":0,"58":0,"59":0,"60":0,"61":0,"62":0,"63":0,"64":0,"65":0,"66":0,"67":0,"68":0,"69":0,"70":0,"71":0,"72":0,"73":0,"74":0,"75":0,"76":0,"77":0,"78":0,"79":0,"80":0,"81":0,"82":0,"83":0,"84":0,"85":0,"86":0,"87":0,"88":0,"89":0,"90":0,"91":0,"92":0,"93":0,"94":0,"95":0,"96":0,"97":0,"98":0,"99":0,"100":0,"101":0,"102":0,"103":0,"104":0,"105":0,"106":0,"107":0,"108":0,"109":0,"110":0,"111":0,"112":0,"113":0,"114":0,"115":0,"116":0,"117":0,"118":0,"119":0,"120":0,"121":0,"122":0,"123":0,"124":0,"125":0,"126":0,"127":0,"128":0,"129":0,"130":0,"131":0,"132":0,"133":0,"134":0,"135":0,"136":0,"137":0,"138":0,"139":0,"140":0,"141":0,"142":0,"143":0,"144":0,"145":0,"146":0,"147":0,"148":0,"149":0,"150":0,"151":0,"152":0,"153":0,"154":0,"155":0,"156":0,"157":0,"158":0,"159":0,"160":0,"161":0,"162":0,"163":0,"164":0,"165":0,"166":0,"167":0,"168":0,"169":0,"170":0,"171":0,"172":0,"173":0,"174":0,"175":0,"176":0,"177":0,"178":0,"179":0,"180":0,"181":0,"182":0,"183":0,"184":0,"185":0,"186":0,"187":0,"188":0,"189":0,"190":0,"191":0,"192":0,"193":0,"194":0,"195":0},"f":{"0":0,"1":0,"2":0,"3":0,"4":0,"5":0,"6":0,"7":0,"8":0,"9":0,"10":0,"11":0,"12":0},"b":{"0":[0],"1":[0],"2":[0],"3":[0],"4":[0,0],"5":[0,0],"6":[0],"7":[0,0],"8":[0,0],"9":[0,0],"10":[0,0],"11":[0,0],"12":[0,0],"13":[0,0],"14":[0,0],"15":[0,0],"16":[0,0],"17":[0,0],"18":[0,0],"19":[0,0],"20":[0,0],"21":[0,0],"22":[0,0],"23":[0,0],"24":[0],"25":[0,0],"26":[0,0],"27":[0,0],"28":[0,0],"29":[0,0],"30":[0,0],"31":[0,0],"32":[0,0],"33":[0,0],"34":[0,0],"35":[0],"36":[0,0],"37":[0,0],"38":[0,0],"39":[0,0],"40":[0,0,0],"41":[0,0],"42":[0,0],"43":[0,0],"44":[0,0],"45":[0,0]}}
,"C:\\Users\\Alyssin\\estudio_criacao\\consortho\\prototipos\\radio\\radio.js": {"path":"C:\\Users\\Alyssin\\estudio_criacao\\consortho\\prototipos\\radio\\radio.js","statementMap":{"0":{"start":{"line":1,"column":11},"end":{"line":1,"column":24}},"1":{"start":{"line":2,"column":13},"end":{"line":2,"column":28}},"2":{"start":{"line":5,"column":20},"end":{"line":5,"column":69}},"3":{"start":{"line":6,"column":20},"end":{"line":6,"column":61}},"4":{"start":{"line":7,"column":19},"end":{"line":7,"column":55}},"5":{"start":{"line":10,"column":0},"end":{"line":12,"column":1}},"6":{"start":{"line":11,"column":2},"end":{"line":11,"column":48}},"7":{"start":{"line":16,"column":0},"end":{"line":21,"column":1}},"8":{"start":{"line":17,"column":2},"end":{"line":17,"column":60}},"9":{"start":{"line":19,"column":2},"end":{"line":19,"column":55}},"10":{"start":{"line":20,"column":2},"end":{"line":20,"column":18}},"11":{"start":{"line":25,"column":0},"end":{"line":30,"column":1}},"12":{"start":{"line":26,"column":2},"end":{"line":26,"column":60}},"13":{"start":{"line":28,"column":2},"end":{"line":28,"column":55}},"14":{"start":{"line":29,"column":2},"end":{"line":29,"column":18}},"15":{"start":{"line":34,"column":2},"end":{"line":34,"column":53}},"16":{"start":{"line":38,"column":2},"end":{"line":38,"column":88}},"17":{"start":{"line":42,"column":2},"end":{"line":42,"column":23}},"18":{"start":{"line":46,"column":2},"end":{"line":46,"column":65}},"19":{"start":{"line":50,"column":2},"end":{"line":50,"column":34}},"20":{"start":{"line":55,"column":15},"end":{"line":55,"column":22}},"21":{"start":{"line":56,"column":16},"end":{"line":56,"column":28}},"22":{"start":{"line":57,"column":14},"end":{"line":57,"column":24}},"23":{"start":{"line":58,"column":17},"end":{"line":58,"column":30}},"24":{"start":{"line":61,"column":20},"end":{"line":61,"column":48}},"25":{"start":{"line":62,"column":18},"end":{"line":62,"column":39}},"26":{"start":{"line":65,"column":20},"end":{"line":81,"column":3}},"27":{"start":{"line":83,"column":19},"end":{"line":83,"column":49}},"28":{"start":{"line":84,"column":18},"end":{"line":88,"column":12}},"29":{"start":{"line":90,"column":2},"end":{"line":90,"column":67}},"30":{"start":{"line":94,"column":20},"end":{"line":94,"column":38}},"31":{"start":{"line":97,"column":18},"end":{"line":97,"column":77}},"32":{"start":{"line":98,"column":17},"end":{"line":98,"column":47}},"33":{"start":{"line":99,"column":17},"end":{"line":99,"column":48}},"34":{"start":{"line":101,"column":0},"end":{"line":101,"column":48}},"35":{"start":{"line":103,"column":0},"end":{"line":103,"column":49}},"36":{"start":{"line":104,"column":0},"end":{"line":104,"column":33}},"37":{"start":{"line":107,"column":16},"end":{"line":107,"column":49}},"38":{"start":{"line":108,"column":17},"end":{"line":108,"column":65}},"39":{"start":{"line":109,"column":0},"end":{"line":109,"column":45}}},"fnMap":{"0":{"name":"randomPick","decl":{"start":{"line":33,"column":9},"end":{"line":33,"column":19}},"loc":{"start":{"line":33,"column":25},"end":{"line":35,"column":1}},"line":33},"1":{"name":"agora","decl":{"start":{"line":37,"column":9},"end":{"line":37,"column":14}},"loc":{"start":{"line":37,"column":17},"end":{"line":39,"column":1}},"line":37},"2":{"name":"cicloAtual","decl":{"start":{"line":41,"column":9},"end":{"line":41,"column":19}},"loc":{"start":{"line":41,"column":22},"end":{"line":43,"column":1}},"line":41},"3":{"name":"recursos","decl":{"start":{"line":45,"column":9},"end":{"line":45,"column":17}},"loc":{"start":{"line":45,"column":20},"end":{"line":47,"column":1}},"line":45},"4":{"name":"construcoes","decl":{"start":{"line":49,"column":9},"end":{"line":49,"column":20}},"loc":{"start":{"line":49,"column":23},"end":{"line":51,"column":1}},"line":49},"5":{"name":"gerarTransmissao","decl":{"start":{"line":54,"column":9},"end":{"line":54,"column":25}},"loc":{"start":{"line":54,"column":28},"end":{"line":91,"column":1}},"line":54}},"branchMap":{"0":{"loc":{"start":{"line":10,"column":0},"end":{"line":12,"column":1}},"type":"if","locations":[{"start":{"line":10,"column":0},"end":{"line":12,"column":1}},{"start":{},"end":{}}],"line":10},"1":{"loc":{"start":{"line":42,"column":9},"end":{"line":42,"column":22}},"type":"binary-expr","locations":[{"start":{"line":42,"column":9},"end":{"line":42,"column":17}},{"start":{"line":42,"column":21},"end":{"line":42,"column":22}}],"line":42},"2":{"loc":{"start":{"line":46,"column":9},"end":{"line":46,"column":64}},"type":"binary-expr","locations":[{"start":{"line":46,"column":9},"end":{"line":46,"column":24}},{"start":{"line":46,"column":28},"end":{"line":46,"column":64}}],"line":46},"3":{"loc":{"start":{"line":50,"column":9},"end":{"line":50,"column":33}},"type":"binary-expr","locations":[{"start":{"line":50,"column":9},"end":{"line":50,"column":27}},{"start":{"line":50,"column":31},"end":{"line":50,"column":33}}],"line":50}},"s":{"0":0,"1":0,"2":0,"3":0,"4":0,"5":0,"6":0,"7":0,"8":0,"9":0,"10":0,"11":0,"12":0,"13":0,"14":0,"15":0,"16":0,"17":0,"18":0,"19":0,"20":0,"21":0,"22":0,"23":0,"24":0,"25":0,"26":0,"27":0,"28":0,"29":0,"30":0,"31":0,"32":0,"33":0,"34":0,"35":0,"36":0,"37":0,"38":0,"39":0},"f":{"0":0,"1":0,"2":0,"3":0,"4":0,"5":0},"b":{"0":[0,0],"1":[0,0],"2":[0,0],"3":[0,0]}}
,"C:\\Users\\Alyssin\\estudio_criacao\\consortho\\prototipos\\sonhador\\sonhador.js": {"path":"C:\\Users\\Alyssin\\estudio_criacao\\consortho\\prototipos\\sonhador\\sonhador.js","statementMap":{"0":{"start":{"line":8,"column":11},"end":{"line":8,"column":24}},"1":{"start":{"line":9,"column":13},"end":{"line":9,"column":28}},"2":{"start":{"line":11,"column":20},"end":{"line":11,"column":90}},"3":{"start":{"line":12,"column":20},"end":{"line":12,"column":81}},"4":{"start":{"line":13,"column":20},"end":{"line":13,"column":90}},"5":{"start":{"line":14,"column":17},"end":{"line":14,"column":53}},"6":{"start":{"line":15,"column":20},"end":{"line":15,"column":90}},"7":{"start":{"line":18,"column":16},"end":{"line":18,"column":56}},"8":{"start":{"line":19,"column":2},"end":{"line":19,"column":37}},"9":{"start":{"line":20,"column":2},"end":{"line":20,"column":28}},"10":{"start":{"line":24,"column":2},"end":{"line":28,"column":3}},"11":{"start":{"line":25,"column":4},"end":{"line":25,"column":56}},"12":{"start":{"line":27,"column":4},"end":{"line":27,"column":20}},"13":{"start":{"line":32,"column":2},"end":{"line":32,"column":60}},"14":{"start":{"line":36,"column":15},"end":{"line":36,"column":87}},"15":{"start":{"line":38,"column":26},"end":{"line":43,"column":1}},"16":{"start":{"line":45,"column":20},"end":{"line":56,"column":1}},"17":{"start":{"line":59,"column":15},"end":{"line":59,"column":28}},"18":{"start":{"line":60,"column":14},"end":{"line":60,"column":16}},"19":{"start":{"line":62,"column":2},"end":{"line":125,"column":3}},"20":{"start":{"line":64,"column":17},"end":{"line":64,"column":76}},"21":{"start":{"line":65,"column":18},"end":{"line":65,"column":89}},"22":{"start":{"line":66,"column":4},"end":{"line":71,"column":6}},"23":{"start":{"line":72,"column":9},"end":{"line":125,"column":3}},"24":{"start":{"line":74,"column":18},"end":{"line":84,"column":5}},"25":{"start":{"line":85,"column":4},"end":{"line":90,"column":6}},"26":{"start":{"line":91,"column":9},"end":{"line":125,"column":3}},"27":{"start":{"line":93,"column":19},"end":{"line":100,"column":5}},"28":{"start":{"line":101,"column":4},"end":{"line":106,"column":6}},"29":{"start":{"line":109,"column":28},"end":{"line":118,"column":5}},"30":{"start":{"line":119,"column":4},"end":{"line":124,"column":6}},"31":{"start":{"line":127,"column":2},"end":{"line":127,"column":15}},"32":{"start":{"line":131,"column":2},"end":{"line":131,"column":35}},"33":{"start":{"line":133,"column":17},"end":{"line":133,"column":47}},"34":{"start":{"line":134,"column":15},"end":{"line":134,"column":51}},"35":{"start":{"line":137,"column":20},"end":{"line":137,"column":53}},"36":{"start":{"line":138,"column":22},"end":{"line":138,"column":24}},"37":{"start":{"line":140,"column":2},"end":{"line":150,"column":3}},"38":{"start":{"line":140,"column":15},"end":{"line":140,"column":16}},"39":{"start":{"line":141,"column":18},"end":{"line":141,"column":30}},"40":{"start":{"line":142,"column":4},"end":{"line":142,"column":42}},"41":{"start":{"line":143,"column":4},"end":{"line":143,"column":32}},"42":{"start":{"line":144,"column":4},"end":{"line":144,"column":47}},"43":{"start":{"line":145,"column":4},"end":{"line":145,"column":28}},"44":{"start":{"line":146,"column":4},"end":{"line":146,"column":36}},"45":{"start":{"line":147,"column":4},"end":{"line":147,"column":28}},"46":{"start":{"line":148,"column":4},"end":{"line":148,"column":30}},"47":{"start":{"line":149,"column":4},"end":{"line":149,"column":80}},"48":{"start":{"line":153,"column":2},"end":{"line":155,"column":3}},"49":{"start":{"line":154,"column":4},"end":{"line":154,"column":46}},"50":{"start":{"line":158,"column":24},"end":{"line":162,"column":3}},"51":{"start":{"line":159,"column":4},"end":{"line":161,"column":31}},"52":{"start":{"line":164,"column":2},"end":{"line":173,"column":3}},"53":{"start":{"line":165,"column":4},"end":{"line":165,"column":30}},"54":{"start":{"line":166,"column":4},"end":{"line":166,"column":112}},"55":{"start":{"line":169,"column":4},"end":{"line":172,"column":5}},"56":{"start":{"line":170,"column":6},"end":{"line":170,"column":31}},"57":{"start":{"line":171,"column":6},"end":{"line":171,"column":56}},"58":{"start":{"line":176,"column":22},"end":{"line":176,"column":42}},"59":{"start":{"line":177,"column":21},"end":{"line":177,"column":66}},"60":{"start":{"line":177,"column":47},"end":{"line":177,"column":58}},"61":{"start":{"line":178,"column":18},"end":{"line":178,"column":20}},"62":{"start":{"line":179,"column":2},"end":{"line":181,"column":3}},"63":{"start":{"line":180,"column":4},"end":{"line":180,"column":49}},"64":{"start":{"line":183,"column":2},"end":{"line":183,"column":54}},"65":{"start":{"line":184,"column":2},"end":{"line":184,"column":100}},"66":{"start":{"line":185,"column":2},"end":{"line":185,"column":49}},"67":{"start":{"line":186,"column":2},"end":{"line":186,"column":64}},"68":{"start":{"line":188,"column":2},"end":{"line":188,"column":36}},"69":{"start":{"line":190,"column":2},"end":{"line":190,"column":37}},"70":{"start":{"line":191,"column":2},"end":{"line":197,"column":4}},"71":{"start":{"line":200,"column":0},"end":{"line":202,"column":1}},"72":{"start":{"line":201,"column":2},"end":{"line":201,"column":13}},"73":{"start":{"line":204,"column":0},"end":{"line":204,"column":42}}},"fnMap":{"0":{"name":"log","decl":{"start":{"line":17,"column":9},"end":{"line":17,"column":12}},"loc":{"start":{"line":17,"column":18},"end":{"line":21,"column":1}},"line":17},"1":{"name":"lerJSON","decl":{"start":{"line":23,"column":9},"end":{"line":23,"column":16}},"loc":{"start":{"line":23,"column":41},"end":{"line":29,"column":1}},"line":23},"2":{"name":"escreverJSON","decl":{"start":{"line":31,"column":9},"end":{"line":31,"column":21}},"loc":{"start":{"line":31,"column":38},"end":{"line":33,"column":1}},"line":31},"3":{"name":"gerarSonho","decl":{"start":{"line":58,"column":9},"end":{"line":58,"column":19}},"loc":{"start":{"line":58,"column":22},"end":{"line":128,"column":1}},"line":58},"4":{"name":"sonhador","decl":{"start":{"line":130,"column":9},"end":{"line":130,"column":17}},"loc":{"start":{"line":130,"column":20},"end":{"line":198,"column":1}},"line":130},"5":{"name":"(anonymous_5)","decl":{"start":{"line":158,"column":45},"end":{"line":158,"column":46}},"loc":{"start":{"line":159,"column":4},"end":{"line":161,"column":31}},"line":159},"6":{"name":"(anonymous_6)","decl":{"start":{"line":177,"column":42},"end":{"line":177,"column":43}},"loc":{"start":{"line":177,"column":47},"end":{"line":177,"column":58}},"line":177}},"branchMap":{"0":{"loc":{"start":{"line":23,"column":26},"end":{"line":23,"column":39}},"type":"default-arg","locations":[{"start":{"line":23,"column":37},"end":{"line":23,"column":39}}],"line":23},"1":{"loc":{"start":{"line":39,"column":6},"end":{"line":39,"column":25}},"type":"binary-expr","locations":[{"start":{"line":39,"column":6},"end":{"line":39,"column":19}},{"start":{"line":39,"column":23},"end":{"line":39,"column":25}}],"line":39},"2":{"loc":{"start":{"line":62,"column":2},"end":{"line":125,"column":3}},"type":"if","locations":[{"start":{"line":62,"column":2},"end":{"line":125,"column":3}},{"start":{"line":72,"column":9},"end":{"line":125,"column":3}}],"line":62},"3":{"loc":{"start":{"line":72,"column":9},"end":{"line":125,"column":3}},"type":"if","locations":[{"start":{"line":72,"column":9},"end":{"line":125,"column":3}},{"start":{"line":91,"column":9},"end":{"line":125,"column":3}}],"line":72},"4":{"loc":{"start":{"line":91,"column":9},"end":{"line":125,"column":3}},"type":"if","locations":[{"start":{"line":91,"column":9},"end":{"line":125,"column":3}},{"start":{"line":107,"column":9},"end":{"line":125,"column":3}}],"line":91},"5":{"loc":{"start":{"line":143,"column":18},"end":{"line":143,"column":31}},"type":"binary-expr","locations":[{"start":{"line":143,"column":18},"end":{"line":143,"column":26}},{"start":{"line":143,"column":30},"end":{"line":143,"column":31}}],"line":143},"6":{"loc":{"start":{"line":153,"column":2},"end":{"line":155,"column":3}},"type":"if","locations":[{"start":{"line":153,"column":2},"end":{"line":155,"column":3}},{"start":{},"end":{}}],"line":153},"7":{"loc":{"start":{"line":159,"column":4},"end":{"line":161,"column":31}},"type":"binary-expr","locations":[{"start":{"line":159,"column":4},"end":{"line":159,"column":16}},{"start":{"line":160,"column":4},"end":{"line":160,"column":37}},{"start":{"line":161,"column":4},"end":{"line":161,"column":31}}],"line":159},"8":{"loc":{"start":{"line":160,"column":17},"end":{"line":160,"column":29}},"type":"binary-expr","locations":[{"start":{"line":160,"column":17},"end":{"line":160,"column":24}},{"start":{"line":160,"column":28},"end":{"line":160,"column":29}}],"line":160},"9":{"loc":{"start":{"line":169,"column":4},"end":{"line":172,"column":5}},"type":"if","locations":[{"start":{"line":169,"column":4},"end":{"line":172,"column":5}},{"start":{},"end":{}}],"line":169},"10":{"loc":{"start":{"line":169,"column":8},"end":{"line":169,"column":67}},"type":"binary-expr","locations":[{"start":{"line":169,"column":8},"end":{"line":169,"column":35}},{"start":{"line":169,"column":39},"end":{"line":169,"column":67}}],"line":169},"11":{"loc":{"start":{"line":180,"column":23},"end":{"line":180,"column":43}},"type":"binary-expr","locations":[{"start":{"line":180,"column":23},"end":{"line":180,"column":38}},{"start":{"line":180,"column":42},"end":{"line":180,"column":43}}],"line":180},"12":{"loc":{"start":{"line":200,"column":0},"end":{"line":202,"column":1}},"type":"if","locations":[{"start":{"line":200,"column":0},"end":{"line":202,"column":1}},{"start":{},"end":{}}],"line":200}},"s":{"0":0,"1":0,"2":0,"3":0,"4":0,"5":0,"6":0,"7":0,"8":0,"9":0,"10":0,"11":0,"12":0,"13":0,"14":0,"15":0,"16":0,"17":0,"18":0,"19":0,"20":0,"21":0,"22":0,"23":0,"24":0,"25":0,"26":0,"27":0,"28":0,"29":0,"30":0,"31":0,"32":0,"33":0,"34":0,"35":0,"36":0,"37":0,"38":0,"39":0,"40":0,"41":0,"42":0,"43":0,"44":0,"45":0,"46":0,"47":0,"48":0,"49":0,"50":0,"51":0,"52":0,"53":0,"54":0,"55":0,"56":0,"57":0,"58":0,"59":0,"60":0,"61":0,"62":0,"63":0,"64":0,"65":0,"66":0,"67":0,"68":0,"69":0,"70":0,"71":0,"72":0,"73":0},"f":{"0":0,"1":0,"2":0,"3":0,"4":0,"5":0,"6":0},"b":{"0":[0],"1":[0,0],"2":[0,0],"3":[0,0],"4":[0,0],"5":[0,0],"6":[0,0],"7":[0,0,0],"8":[0,0],"9":[0,0],"10":[0,0],"11":[0,0],"12":[0,0]}}
}
