{"C:\\Users\\Alyssin\\estudio_criacao\\consortho\\server.js": {"path":"C:\\Users\\Alyssin\\estudio_criacao\\consortho\\server.js","statementMap":{"0":{"start":{"line":1,"column":16},"end":{"line":1,"column":34}},"1":{"start":{"line":2,"column":13},"end":{"line":2,"column":28}},"2":{"start":{"line":3,"column":19},"end":{"line":3,"column":39}},"3":{"start":{"line":4,"column":11},"end":{"line":4,"column":24}},"4":{"start":{"line":5,"column":13},"end":{"line":5,"column":28}},"5":{"start":{"line":6,"column":11},"end":{"line":6,"column":24}},"6":{"start":{"line":7,"column":13},"end":{"line":7,"column":33}},"7":{"start":{"line":8,"column":64},"end":{"line":8,"column":95}},"8":{"start":{"line":9,"column":47},"end":{"line":9,"column":83}},"9":{"start":{"line":12,"column":39},"end":{"line":12,"column":93}},"10":{"start":{"line":15,"column":28},"end":{"line":15,"column":57}},"11":{"start":{"line":16,"column":31},"end":{"line":16,"column":67}},"12":{"start":{"line":17,"column":34},"end":{"line":17,"column":74}},"13":{"start":{"line":18,"column":29},"end":{"line":18,"column":63}},"14":{"start":{"line":19,"column":30},"end":{"line":19,"column":66}},"15":{"start":{"line":20,"column":29},"end":{"line":20,"column":64}},"16":{"start":{"line":21,"column":20},"end":{"line":21,"column":45}},"17":{"start":{"line":22,"column":26},"end":{"line":22,"column":58}},"18":{"start":{"line":23,"column":27},"end":{"line":23,"column":59}},"19":{"start":{"line":24,"column":24},"end":{"line":24,"column":53}},"20":{"start":{"line":27,"column":19},"end":{"line":27,"column":47}},"21":{"start":{"line":28,"column":22},"end":{"line":28,"column":53}},"22":{"start":{"line":29,"column":27},"end":{"line":29,"column":64}},"23":{"start":{"line":30,"column":27},"end":{"line":30,"column":64}},"24":{"start":{"line":31,"column":33},"end":{"line":31,"column":76}},"25":{"start":{"line":32,"column":29},"end":{"line":32,"column":68}},"26":{"start":{"line":33,"column":29},"end":{"line":33,"column":68}},"27":{"start":{"line":34,"column":26},"end":{"line":34,"column":62}},"28":{"start":{"line":35,"column":26},"end":{"line":35,"column":62}},"29":{"start":{"line":36,"column":25},"end":{"line":36,"column":60}},"30":{"start":{"line":37,"column":25},"end":{"line":37,"column":76}},"31":{"start":{"line":38,"column":52},"end":{"line":38,"column":85}},"32":{"start":{"line":39,"column":121},"end":{"line":39,"column":164}},"33":{"start":{"line":40,"column":143},"end":{"line":40,"column":176}},"34":{"start":{"line":41,"column":92},"end":{"line":41,"column":137}},"35":{"start":{"line":42,"column":134},"end":{"line":42,"column":154}},"36":{"start":{"line":44,"column":12},"end":{"line":44,"column":21}},"37":{"start":{"line":45,"column":0},"end":{"line":45,"column":24}},"38":{"start":{"line":46,"column":0},"end":{"line":46,"column":56}},"39":{"start":{"line":47,"column":0},"end":{"line":47,"column":27}},"40":{"start":{"line":50,"column":0},"end":{"line":57,"column":3}},"41":{"start":{"line":51,"column":2},"end":{"line":56,"column":3}},"42":{"start":{"line":52,"column":4},"end":{"line":52,"column":50}},"43":{"start":{"line":53,"column":4},"end":{"line":53,"column":38}},"44":{"start":{"line":55,"column":4},"end":{"line":55,"column":36}},"45":{"start":{"line":59,"column":15},"end":{"line":59,"column":37}},"46":{"start":{"line":60,"column":11},"end":{"line":60,"column":29}},"47":{"start":{"line":61,"column":13},"end":{"line":61,"column":17}},"48":{"start":{"line":62,"column":13},"end":{"line":62,"column":77}},"49":{"start":{"line":63,"column":19},"end":{"line":63,"column":74}},"50":{"start":{"line":66,"column":12},"end":{"line":89,"column":1}},"51":{"start":{"line":91,"column":0},"end":{"line":118,"column":14}},"52":{"start":{"line":92,"column":16},"end":{"line":92,"column":57}},"53":{"start":{"line":93,"column":2},"end":{"line":93,"column":26}},"54":{"start":{"line":94,"column":2},"end":{"line":94,"column":25}},"55":{"start":{"line":95,"column":2},"end":{"line":95,"column":25}},"56":{"start":{"line":96,"column":2},"end":{"line":96,"column":56}},"57":{"start":{"line":96,"column":23},"end":{"line":96,"column":56}},"58":{"start":{"line":97,"column":2},"end":{"line":101,"column":3}},"59":{"start":{"line":98,"column":4},"end":{"line":98,"column":54}},"60":{"start":{"line":99,"column":4},"end":{"line":99,"column":54}},"61":{"start":{"line":100,"column":4},"end":{"line":100,"column":54}},"62":{"start":{"line":102,"column":2},"end":{"line":106,"column":3}},"63":{"start":{"line":103,"column":4},"end":{"line":103,"column":57}},"64":{"start":{"line":104,"column":4},"end":{"line":104,"column":57}},"65":{"start":{"line":105,"column":4},"end":{"line":105,"column":57}},"66":{"start":{"line":107,"column":2},"end":{"line":107,"column":63}},"67":{"start":{"line":107,"column":25},"end":{"line":107,"column":63}},"68":{"start":{"line":108,"column":2},"end":{"line":108,"column":57}},"69":{"start":{"line":108,"column":23},"end":{"line":108,"column":57}},"70":{"start":{"line":109,"column":2},"end":{"line":109,"column":98}},"71":{"start":{"line":109,"column":42},"end":{"line":109,"column":98}},"72":{"start":{"line":110,"column":2},"end":{"line":110,"column":104}},"73":{"start":{"line":110,"column":44},"end":{"line":110,"column":104}},"74":{"start":{"line":111,"column":2},"end":{"line":111,"column":113}},"75":{"start":{"line":111,"column":47},"end":{"line":111,"column":113}},"76":{"start":{"line":113,"column":2},"end":{"line":117,"column":3}},"77":{"start":{"line":114,"column":4},"end":{"line":116,"column":8}},"78":{"start":{"line":114,"column":43},"end":{"line":116,"column":5}},"79":{"start":{"line":121,"column":0},"end":{"line":121,"column":50}},"80":{"start":{"line":122,"column":0},"end":{"line":122,"column":50}},"81":{"start":{"line":123,"column":0},"end":{"line":123,"column":50}},"82":{"start":{"line":124,"column":0},"end":{"line":124,"column":19}},"83":{"start":{"line":125,"column":0},"end":{"line":125,"column":21}},"84":{"start":{"line":128,"column":27},"end":{"line":128,"column":57}},"85":{"start":{"line":131,"column":24},"end":{"line":134,"column":2}},"86":{"start":{"line":138,"column":2},"end":{"line":152,"column":3}},"87":{"start":{"line":140,"column":4},"end":{"line":140,"column":39}},"88":{"start":{"line":141,"column":4},"end":{"line":141,"column":66}},"89":{"start":{"line":146,"column":4},"end":{"line":148,"column":14}},"90":{"start":{"line":147,"column":6},"end":{"line":147,"column":36}},"91":{"start":{"line":151,"column":4},"end":{"line":151,"column":66}},"92":{"start":{"line":156,"column":17},"end":{"line":156,"column":21}},"93":{"start":{"line":157,"column":20},"end":{"line":157,"column":24}},"94":{"start":{"line":158,"column":18},"end":{"line":158,"column":22}},"95":{"start":{"line":159,"column":25},"end":{"line":159,"column":29}},"96":{"start":{"line":160,"column":31},"end":{"line":160,"column":35}},"97":{"start":{"line":161,"column":27},"end":{"line":161,"column":31}},"98":{"start":{"line":162,"column":27},"end":{"line":162,"column":31}},"99":{"start":{"line":163,"column":24},"end":{"line":163,"column":28}},"100":{"start":{"line":164,"column":24},"end":{"line":164,"column":28}},"101":{"start":{"line":165,"column":23},"end":{"line":165,"column":27}},"102":{"start":{"line":166,"column":23},"end":{"line":166,"column":27}},"103":{"start":{"line":169,"column":2},"end":{"line":324,"column":3}},"104":{"start":{"line":171,"column":4},"end":{"line":174,"column":7}},"105":{"start":{"line":175,"column":4},"end":{"line":175,"column":48}},"106":{"start":{"line":178,"column":4},"end":{"line":178,"column":70}},"107":{"start":{"line":179,"column":4},"end":{"line":179,"column":82}},"108":{"start":{"line":180,"column":4},"end":{"line":180,"column":51}},"109":{"start":{"line":183,"column":4},"end":{"line":183,"column":88}},"110":{"start":{"line":184,"column":4},"end":{"line":184,"column":24}},"111":{"start":{"line":185,"column":4},"end":{"line":185,"column":68}},"112":{"start":{"line":188,"column":4},"end":{"line":188,"column":108}},"113":{"start":{"line":189,"column":4},"end":{"line":189,"column":31}},"114":{"start":{"line":190,"column":4},"end":{"line":190,"column":59}},"115":{"start":{"line":193,"column":4},"end":{"line":200,"column":6}},"116":{"start":{"line":201,"column":4},"end":{"line":201,"column":37}},"117":{"start":{"line":202,"column":4},"end":{"line":202,"column":65}},"118":{"start":{"line":205,"column":4},"end":{"line":213,"column":6}},"119":{"start":{"line":214,"column":4},"end":{"line":214,"column":33}},"120":{"start":{"line":215,"column":4},"end":{"line":215,"column":59}},"121":{"start":{"line":218,"column":23},"end":{"line":227,"column":5}},"122":{"start":{"line":229,"column":4},"end":{"line":229,"column":79}},"123":{"start":{"line":230,"column":4},"end":{"line":230,"column":39}},"124":{"start":{"line":231,"column":4},"end":{"line":231,"column":75}},"125":{"start":{"line":234,"column":4},"end":{"line":244,"column":6}},"126":{"start":{"line":245,"column":4},"end":{"line":245,"column":30}},"127":{"start":{"line":246,"column":4},"end":{"line":246,"column":70}},"128":{"start":{"line":249,"column":35},"end":{"line":268,"column":5}},"129":{"start":{"line":270,"column":4},"end":{"line":270,"column":59}},"130":{"start":{"line":271,"column":4},"end":{"line":276,"column":5}},"131":{"start":{"line":272,"column":6},"end":{"line":272,"column":117}},"132":{"start":{"line":273,"column":6},"end":{"line":273,"column":77}},"133":{"start":{"line":275,"column":6},"end":{"line":275,"column":84}},"134":{"start":{"line":279,"column":4},"end":{"line":279,"column":57}},"135":{"start":{"line":280,"column":4},"end":{"line":300,"column":5}},"136":{"start":{"line":281,"column":6},"end":{"line":290,"column":9}},"137":{"start":{"line":293,"column":6},"end":{"line":295,"column":9}},"138":{"start":{"line":294,"column":8},"end":{"line":294,"column":53}},"139":{"start":{"line":297,"column":6},"end":{"line":297,"column":83}},"140":{"start":{"line":299,"column":6},"end":{"line":299,"column":83}},"141":{"start":{"line":303,"column":6},"end":{"line":303,"column":63}},"142":{"start":{"line":304,"column":6},"end":{"line":320,"column":7}},"143":{"start":{"line":305,"column":8},"end":{"line":305,"column":139}},"144":{"start":{"line":306,"column":8},"end":{"line":306,"column":39}},"145":{"start":{"line":307,"column":8},"end":{"line":307,"column":91}},"146":{"start":{"line":310,"column":8},"end":{"line":317,"column":11}},"147":{"start":{"line":319,"column":8},"end":{"line":319,"column":85}},"148":{"start":{"line":323,"column":4},"end":{"line":323,"column":64}},"149":{"start":{"line":328,"column":0},"end":{"line":333,"column":10}},"150":{"start":{"line":329,"column":2},"end":{"line":332,"column":3}},"151":{"start":{"line":330,"column":4},"end":{"line":330,"column":45}},"152":{"start":{"line":331,"column":4},"end":{"line":331,"column":59}},"153":{"start":{"line":338,"column":26},"end":{"line":338,"column":28}},"154":{"start":{"line":339,"column":2},"end":{"line":346,"column":16}},"155":{"start":{"line":340,"column":18},"end":{"line":340,"column":59}},"156":{"start":{"line":341,"column":4},"end":{"line":341,"column":56}},"157":{"start":{"line":342,"column":4},"end":{"line":342,"column":60}},"158":{"start":{"line":343,"column":4},"end":{"line":343,"column":54}},"159":{"start":{"line":344,"column":4},"end":{"line":344,"column":68}},"160":{"start":{"line":345,"column":4},"end":{"line":345,"column":66}},"161":{"start":{"line":348,"column":18},"end":{"line":360,"column":3}},"162":{"start":{"line":362,"column":2},"end":{"line":375,"column":3}},"163":{"start":{"line":363,"column":19},"end":{"line":363,"column":49}},"164":{"start":{"line":364,"column":4},"end":{"line":367,"column":5}},"165":{"start":{"line":365,"column":6},"end":{"line":365,"column":64}},"166":{"start":{"line":366,"column":6},"end":{"line":366,"column":54}},"167":{"start":{"line":369,"column":4},"end":{"line":369,"column":60}},"168":{"start":{"line":370,"column":4},"end":{"line":374,"column":5}},"169":{"start":{"line":371,"column":6},"end":{"line":371,"column":54}},"170":{"start":{"line":373,"column":6},"end":{"line":373,"column":70}},"171":{"start":{"line":379,"column":2},"end":{"line":390,"column":11}},"172":{"start":{"line":380,"column":4},"end":{"line":389,"column":18}},"173":{"start":{"line":381,"column":20},"end":{"line":381,"column":42}},"174":{"start":{"line":382,"column":6},"end":{"line":388,"column":7}},"175":{"start":{"line":383,"column":8},"end":{"line":383,"column":26}},"176":{"start":{"line":384,"column":8},"end":{"line":384,"column":37}},"177":{"start":{"line":385,"column":8},"end":{"line":385,"column":60}},"178":{"start":{"line":385,"column":28},"end":{"line":385,"column":60}},"179":{"start":{"line":386,"column":8},"end":{"line":386,"column":69}},"180":{"start":{"line":386,"column":31},"end":{"line":386,"column":69}},"181":{"start":{"line":387,"column":8},"end":{"line":387,"column":71}},"182":{"start":{"line":394,"column":4},"end":{"line":434,"column":5}},"183":{"start":{"line":395,"column":20},"end":{"line":395,"column":61}},"184":{"start":{"line":398,"column":6},"end":{"line":404,"column":7}},"185":{"start":{"line":399,"column":8},"end":{"line":403,"column":10}},"186":{"start":{"line":407,"column":6},"end":{"line":416,"column":8}},"187":{"start":{"line":419,"column":6},"end":{"line":425,"column":7}},"188":{"start":{"line":420,"column":8},"end":{"line":424,"column":10}},"189":{"start":{"line":428,"column":6},"end":{"line":428,"column":52}},"190":{"start":{"line":429,"column":6},"end":{"line":429,"column":51}},"191":{"start":{"line":431,"column":6},"end":{"line":431,"column":35}},"192":{"start":{"line":433,"column":6},"end":{"line":433,"column":58}},"193":{"start":{"line":437,"column":21},"end":{"line":437,"column":126}},"194":{"start":{"line":440,"column":2},"end":{"line":440,"column":30}},"195":{"start":{"line":440,"column":18},"end":{"line":440,"column":30}},"196":{"start":{"line":441,"column":16},"end":{"line":441,"column":26}},"197":{"start":{"line":442,"column":17},"end":{"line":442,"column":46}},"198":{"start":{"line":443,"column":15},"end":{"line":443,"column":29}},"199":{"start":{"line":444,"column":14},"end":{"line":444,"column":37}},"200":{"start":{"line":445,"column":14},"end":{"line":445,"column":34}},"201":{"start":{"line":446,"column":14},"end":{"line":446,"column":34}},"202":{"start":{"line":447,"column":15},"end":{"line":447,"column":35}},"203":{"start":{"line":448,"column":2},"end":{"line":448,"column":47}},"204":{"start":{"line":448,"column":16},"end":{"line":448,"column":47}},"205":{"start":{"line":449,"column":2},"end":{"line":449,"column":45}},"206":{"start":{"line":449,"column":15},"end":{"line":449,"column":45}},"207":{"start":{"line":450,"column":2},"end":{"line":450,"column":45}},"208":{"start":{"line":450,"column":15},"end":{"line":450,"column":45}},"209":{"start":{"line":451,"column":2},"end":{"line":451,"column":19}},"210":{"start":{"line":455,"column":17},"end":{"line":457,"column":82}},"211":{"start":{"line":458,"column":17},"end":{"line":460,"column":61}},"212":{"start":{"line":461,"column":11},"end":{"line":461,"column":102}},"213":{"start":{"line":462,"column":11},"end":{"line":462,"column":59}},"214":{"start":{"line":466,"column":14},"end":{"line":466,"column":62}},"215":{"start":{"line":467,"column":2},"end":{"line":467,"column":31}},"216":{"start":{"line":468,"column":2},"end":{"line":468,"column":31}},"217":{"start":{"line":469,"column":2},"end":{"line":469,"column":9}},"218":{"start":{"line":473,"column":14},"end":{"line":473,"column":67}},"219":{"start":{"line":474,"column":2},"end":{"line":474,"column":33}},"220":{"start":{"line":475,"column":20},"end":{"line":475,"column":39}},"221":{"start":{"line":476,"column":23},"end":{"line":476,"column":44}},"222":{"start":{"line":477,"column":2},"end":{"line":477,"column":61}},"223":{"start":{"line":477,"column":17},"end":{"line":477,"column":61}},"224":{"start":{"line":478,"column":2},"end":{"line":478,"column":97}},"225":{"start":{"line":478,"column":50},"end":{"line":478,"column":97}},"226":{"start":{"line":479,"column":2},"end":{"line":479,"column":9}},"227":{"start":{"line":483,"column":14},"end":{"line":483,"column":56}},"228":{"start":{"line":484,"column":2},"end":{"line":484,"column":31}},"229":{"start":{"line":485,"column":2},"end":{"line":485,"column":31}},"230":{"start":{"line":486,"column":2},"end":{"line":486,"column":9}},"231":{"start":{"line":490,"column":15},"end":{"line":496,"column":5}},"232":{"start":{"line":490,"column":54},"end":{"line":496,"column":3}},"233":{"start":{"line":497,"column":2},"end":{"line":497,"column":196}},"234":{"start":{"line":498,"column":2},"end":{"line":498,"column":29}},"235":{"start":{"line":502,"column":2},"end":{"line":502,"column":38}},"236":{"start":{"line":506,"column":0},"end":{"line":506,"column":35}},"237":{"start":{"line":507,"column":0},"end":{"line":507,"column":77}},"238":{"start":{"line":507,"column":27},"end":{"line":507,"column":75}},"239":{"start":{"line":508,"column":0},"end":{"line":508,"column":102}},"240":{"start":{"line":508,"column":33},"end":{"line":508,"column":100}},"241":{"start":{"line":511,"column":0},"end":{"line":517,"column":4}},"242":{"start":{"line":513,"column":8},"end":{"line":513,"column":90}},"243":{"start":{"line":513,"column":40},"end":{"line":513,"column":90}},"244":{"start":{"line":514,"column":8},"end":{"line":514,"column":94}},"245":{"start":{"line":514,"column":38},"end":{"line":514,"column":94}},"246":{"start":{"line":515,"column":8},"end":{"line":515,"column":98}},"247":{"start":{"line":515,"column":40},"end":{"line":515,"column":98}},"248":{"start":{"line":518,"column":0},"end":{"line":518,"column":109}},"249":{"start":{"line":518,"column":38},"end":{"line":518,"column":107}},"250":{"start":{"line":521,"column":0},"end":{"line":521,"column":69}},"251":{"start":{"line":523,"column":0},"end":{"line":523,"column":74}},"252":{"start":{"line":526,"column":24},"end":{"line":526,"column":34}},"253":{"start":{"line":528,"column":0},"end":{"line":538,"column":3}},"254":{"start":{"line":529,"column":2},"end":{"line":537,"column":5}},"255":{"start":{"line":540,"column":0},"end":{"line":562,"column":3}},"256":{"start":{"line":541,"column":24},"end":{"line":541,"column":94}},"257":{"start":{"line":541,"column":76},"end":{"line":541,"column":93}},"258":{"start":{"line":542,"column":27},"end":{"line":542,"column":76}},"259":{"start":{"line":543,"column":16},"end":{"line":543,"column":51}},"260":{"start":{"line":544,"column":18},"end":{"line":544,"column":60}},"261":{"start":{"line":545,"column":19},"end":{"line":545,"column":40}},"262":{"start":{"line":547,"column":2},"end":{"line":561,"column":5}},"263":{"start":{"line":565,"column":0},"end":{"line":567,"column":3}},"264":{"start":{"line":566,"column":2},"end":{"line":566,"column":47}},"265":{"start":{"line":569,"column":0},"end":{"line":571,"column":3}},"266":{"start":{"line":570,"column":2},"end":{"line":570,"column":49}},"267":{"start":{"line":573,"column":0},"end":{"line":576,"column":3}},"268":{"start":{"line":574,"column":2},"end":{"line":574,"column":37}},"269":{"start":{"line":575,"column":2},"end":{"line":575,"column":30}},"270":{"start":{"line":578,"column":0},"end":{"line":581,"column":3}},"271":{"start":{"line":579,"column":2},"end":{"line":579,"column":30}},"272":{"start":{"line":580,"column":2},"end":{"line":580,"column":30}},"273":{"start":{"line":584,"column":0},"end":{"line":586,"column":3}},"274":{"start":{"line":585,"column":2},"end":{"line":585,"column":35}},"275":{"start":{"line":589,"column":0},"end":{"line":591,"column":3}},"276":{"start":{"line":590,"column":2},"end":{"line":590,"column":49}},"277":{"start":{"line":593,"column":0},"end":{"line":595,"column":3}},"278":{"start":{"line":594,"column":2},"end":{"line":594,"column":51}},"279":{"start":{"line":597,"column":0},"end":{"line":604,"column":3}},"280":{"start":{"line":598,"column":23},"end":{"line":598,"column":31}},"281":{"start":{"line":599,"column":2},"end":{"line":603,"column":3}},"282":{"start":{"line":600,"column":4},"end":{"line":600,"column":32}},"283":{"start":{"line":602,"column":4},"end":{"line":602,"column":61}},"284":{"start":{"line":607,"column":0},"end":{"line":609,"column":3}},"285":{"start":{"line":608,"column":2},"end":{"line":608,"column":53}},"286":{"start":{"line":611,"column":0},"end":{"line":615,"column":3}},"287":{"start":{"line":612,"column":16},"end":{"line":612,"column":64}},"288":{"start":{"line":613,"column":2},"end":{"line":614,"column":64}},"289":{"start":{"line":613,"column":13},"end":{"line":613,"column":78}},"290":{"start":{"line":614,"column":7},"end":{"line":614,"column":64}},"291":{"start":{"line":617,"column":0},"end":{"line":619,"column":3}},"292":{"start":{"line":618,"column":2},"end":{"line":618,"column":58}},"293":{"start":{"line":621,"column":0},"end":{"line":623,"column":3}},"294":{"start":{"line":622,"column":2},"end":{"line":622,"column":56}},"295":{"start":{"line":625,"column":0},"end":{"line":627,"column":3}},"296":{"start":{"line":626,"column":2},"end":{"line":626,"column":61}},"297":{"start":{"line":630,"column":0},"end":{"line":632,"column":3}},"298":{"start":{"line":631,"column":2},"end":{"line":631,"column":65}},"299":{"start":{"line":634,"column":0},"end":{"line":636,"column":3}},"300":{"start":{"line":635,"column":2},"end":{"line":635,"column":93}},"301":{"start":{"line":638,"column":0},"end":{"line":640,"column":3}},"302":{"start":{"line":639,"column":2},"end":{"line":639,"column":65}},"303":{"start":{"line":642,"column":0},"end":{"line":644,"column":3}},"304":{"start":{"line":643,"column":2},"end":{"line":643,"column":59}},"305":{"start":{"line":646,"column":0},"end":{"line":648,"column":3}},"306":{"start":{"line":647,"column":2},"end":{"line":647,"column":62}},"307":{"start":{"line":650,"column":0},"end":{"line":652,"column":3}},"308":{"start":{"line":651,"column":2},"end":{"line":651,"column":63}},"309":{"start":{"line":654,"column":0},"end":{"line":656,"column":3}},"310":{"start":{"line":655,"column":2},"end":{"line":655,"column":85}},"311":{"start":{"line":659,"column":0},"end":{"line":663,"column":3}},"312":{"start":{"line":660,"column":20},"end":{"line":660,"column":75}},"313":{"start":{"line":661,"column":2},"end":{"line":662,"column":69}},"314":{"start":{"line":661,"column":17},"end":{"line":661,"column":89}},"315":{"start":{"line":662,"column":7},"end":{"line":662,"column":69}},"316":{"start":{"line":665,"column":0},"end":{"line":669,"column":3}},"317":{"start":{"line":666,"column":29},"end":{"line":666,"column":37}},"318":{"start":{"line":667,"column":19},"end":{"line":667,"column":92}},"319":{"start":{"line":668,"column":2},"end":{"line":668,"column":70}},"320":{"start":{"line":671,"column":0},"end":{"line":673,"column":3}},"321":{"start":{"line":672,"column":2},"end":{"line":672,"column":59}},"322":{"start":{"line":676,"column":0},"end":{"line":680,"column":3}},"323":{"start":{"line":677,"column":30},"end":{"line":677,"column":38}},"324":{"start":{"line":678,"column":19},"end":{"line":678,"column":59}},"325":{"start":{"line":679,"column":2},"end":{"line":679,"column":65}},"326":{"start":{"line":682,"column":0},"end":{"line":684,"column":3}},"327":{"start":{"line":683,"column":2},"end":{"line":683,"column":47}},"328":{"start":{"line":687,"column":0},"end":{"line":689,"column":3}},"329":{"start":{"line":688,"column":2},"end":{"line":688,"column":52}},"330":{"start":{"line":691,"column":0},"end":{"line":693,"column":3}},"331":{"start":{"line":692,"column":2},"end":{"line":692,"column":61}},"332":{"start":{"line":695,"column":0},"end":{"line":697,"column":3}},"333":{"start":{"line":696,"column":2},"end":{"line":696,"column":59}},"334":{"start":{"line":699,"column":0},"end":{"line":701,"column":3}},"335":{"start":{"line":700,"column":2},"end":{"line":700,"column":59}},"336":{"start":{"line":703,"column":0},"end":{"line":706,"column":3}},"337":{"start":{"line":704,"column":17},"end":{"line":704,"column":67}},"338":{"start":{"line":705,"column":2},"end":{"line":705,"column":64}},"339":{"start":{"line":708,"column":0},"end":{"line":712,"column":3}},"340":{"start":{"line":709,"column":26},"end":{"line":709,"column":34}},"341":{"start":{"line":710,"column":17},"end":{"line":710,"column":86}},"342":{"start":{"line":711,"column":2},"end":{"line":711,"column":64}},"343":{"start":{"line":714,"column":0},"end":{"line":717,"column":3}},"344":{"start":{"line":715,"column":17},"end":{"line":715,"column":55}},"345":{"start":{"line":716,"column":2},"end":{"line":716,"column":64}},"346":{"start":{"line":719,"column":0},"end":{"line":723,"column":3}},"347":{"start":{"line":720,"column":41},"end":{"line":720,"column":49}},"348":{"start":{"line":721,"column":17},"end":{"line":721,"column":75}},"349":{"start":{"line":722,"column":2},"end":{"line":722,"column":64}},"350":{"start":{"line":725,"column":0},"end":{"line":729,"column":3}},"351":{"start":{"line":726,"column":35},"end":{"line":726,"column":43}},"352":{"start":{"line":727,"column":17},"end":{"line":727,"column":80}},"353":{"start":{"line":728,"column":2},"end":{"line":728,"column":64}},"354":{"start":{"line":732,"column":0},"end":{"line":734,"column":3}},"355":{"start":{"line":733,"column":2},"end":{"line":733,"column":52}},"356":{"start":{"line":736,"column":0},"end":{"line":744,"column":3}},"357":{"start":{"line":737,"column":25},"end":{"line":737,"column":33}},"358":{"start":{"line":738,"column":2},"end":{"line":743,"column":3}},"359":{"start":{"line":739,"column":4},"end":{"line":739,"column":48}},"360":{"start":{"line":740,"column":4},"end":{"line":740,"column":32}},"361":{"start":{"line":742,"column":4},"end":{"line":742,"column":47}},"362":{"start":{"line":747,"column":0},"end":{"line":749,"column":3}},"363":{"start":{"line":748,"column":2},"end":{"line":748,"column":56}},"364":{"start":{"line":751,"column":0},"end":{"line":755,"column":3}},"365":{"start":{"line":752,"column":14},"end":{"line":752,"column":63}},"366":{"start":{"line":753,"column":2},"end":{"line":754,"column":68}},"367":{"start":{"line":753,"column":11},"end":{"line":753,"column":25}},"368":{"start":{"line":754,"column":7},"end":{"line":754,"column":68}},"369":{"start":{"line":757,"column":0},"end":{"line":759,"column":3}},"370":{"start":{"line":758,"column":2},"end":{"line":758,"column":51}},"371":{"start":{"line":761,"column":0},"end":{"line":763,"column":3}},"372":{"start":{"line":762,"column":2},"end":{"line":762,"column":55}},"373":{"start":{"line":765,"column":0},"end":{"line":767,"column":3}},"374":{"start":{"line":766,"column":2},"end":{"line":766,"column":57}},"375":{"start":{"line":769,"column":0},"end":{"line":772,"column":3}},"376":{"start":{"line":770,"column":16},"end":{"line":770,"column":47}},"377":{"start":{"line":771,"column":2},"end":{"line":771,"column":61}},"378":{"start":{"line":774,"column":0},"end":{"line":777,"column":3}},"379":{"start":{"line":775,"column":16},"end":{"line":775,"column":47}},"380":{"start":{"line":776,"column":2},"end":{"line":776,"column":88}},"381":{"start":{"line":779,"column":0},"end":{"line":781,"column":3}},"382":{"start":{"line":780,"column":2},"end":{"line":780,"column":79}},"383":{"start":{"line":783,"column":0},"end":{"line":785,"column":3}},"384":{"start":{"line":784,"column":2},"end":{"line":784,"column":77}},"385":{"start":{"line":787,"column":0},"end":{"line":795,"column":3}},"386":{"start":{"line":788,"column":54},"end":{"line":788,"column":62}},"387":{"start":{"line":789,"column":2},"end":{"line":794,"column":3}},"388":{"start":{"line":790,"column":19},"end":{"line":790,"column":98}},"389":{"start":{"line":791,"column":4},"end":{"line":791,"column":64}},"390":{"start":{"line":793,"column":4},"end":{"line":793,"column":47}},"391":{"start":{"line":797,"column":0},"end":{"line":805,"column":3}},"392":{"start":{"line":798,"column":36},"end":{"line":798,"column":44}},"393":{"start":{"line":799,"column":2},"end":{"line":804,"column":3}},"394":{"start":{"line":800,"column":16},"end":{"line":800,"column":80}},"395":{"start":{"line":801,"column":4},"end":{"line":801,"column":61}},"396":{"start":{"line":803,"column":4},"end":{"line":803,"column":47}},"397":{"start":{"line":807,"column":0},"end":{"line":815,"column":3}},"398":{"start":{"line":808,"column":26},"end":{"line":808,"column":34}},"399":{"start":{"line":809,"column":2},"end":{"line":814,"column":3}},"400":{"start":{"line":810,"column":19},"end":{"line":810,"column":66}},"401":{"start":{"line":811,"column":4},"end":{"line":811,"column":34}},"402":{"start":{"line":813,"column":4},"end":{"line":813,"column":47}},"403":{"start":{"line":818,"column":0},"end":{"line":820,"column":3}},"404":{"start":{"line":819,"column":2},"end":{"line":819,"column":95}},"405":{"start":{"line":822,"column":0},"end":{"line":825,"column":3}},"406":{"start":{"line":823,"column":16},"end":{"line":823,"column":47}},"407":{"start":{"line":824,"column":2},"end":{"line":824,"column":55}},"408":{"start":{"line":827,"column":0},"end":{"line":834,"column":3}},"409":{"start":{"line":828,"column":2},"end":{"line":833,"column":3}},"410":{"start":{"line":829,"column":4},"end":{"line":829,"column":44}},"411":{"start":{"line":830,"column":4},"end":{"line":830,"column":70}},"412":{"start":{"line":832,"column":4},"end":{"line":832,"column":47}},"413":{"start":{"line":836,"column":0},"end":{"line":839,"column":3}},"414":{"start":{"line":837,"column":2},"end":{"line":837,"column":29}},"415":{"start":{"line":838,"column":2},"end":{"line":838,"column":64}},"416":{"start":{"line":841,"column":0},"end":{"line":844,"column":3}},"417":{"start":{"line":842,"column":2},"end":{"line":842,"column":30}},"418":{"start":{"line":843,"column":2},"end":{"line":843,"column":65}},"419":{"start":{"line":846,"column":0},"end":{"line":849,"column":3}},"420":{"start":{"line":847,"column":2},"end":{"line":847,"column":28}},"421":{"start":{"line":848,"column":2},"end":{"line":848,"column":65}},"422":{"start":{"line":852,"column":0},"end":{"line":854,"column":3}},"423":{"start":{"line":853,"column":2},"end":{"line":853,"column":93}},"424":{"start":{"line":856,"column":0},"end":{"line":858,"column":3}},"425":{"start":{"line":857,"column":2},"end":{"line":857,"column":118}},"426":{"start":{"line":860,"column":0},"end":{"line":863,"column":3}},"427":{"start":{"line":861,"column":2},"end":{"line":861,"column":34}},"428":{"start":{"line":862,"column":2},"end":{"line":862,"column":71}},"429":{"start":{"line":865,"column":0},"end":{"line":867,"column":3}},"430":{"start":{"line":866,"column":2},"end":{"line":866,"column":55}},"431":{"start":{"line":869,"column":0},"end":{"line":871,"column":3}},"432":{"start":{"line":870,"column":2},"end":{"line":870,"column":54}},"433":{"start":{"line":874,"column":0},"end":{"line":876,"column":3}},"434":{"start":{"line":875,"column":2},"end":{"line":875,"column":92}},"435":{"start":{"line":878,"column":0},"end":{"line":880,"column":3}},"436":{"start":{"line":879,"column":2},"end":{"line":879,"column":56}},"437":{"start":{"line":882,"column":0},"end":{"line":886,"column":3}},"438":{"start":{"line":883,"column":15},"end":{"line":883,"column":64}},"439":{"start":{"line":884,"column":2},"end":{"line":885,"column":68}},"440":{"start":{"line":884,"column":12},"end":{"line":884,"column":27}},"441":{"start":{"line":885,"column":7},"end":{"line":885,"column":68}},"442":{"start":{"line":888,"column":0},"end":{"line":896,"column":3}},"443":{"start":{"line":889,"column":21},"end":{"line":889,"column":29}},"444":{"start":{"line":890,"column":2},"end":{"line":895,"column":3}},"445":{"start":{"line":891,"column":19},"end":{"line":891,"column":68}},"446":{"start":{"line":892,"column":4},"end":{"line":892,"column":71}},"447":{"start":{"line":894,"column":4},"end":{"line":894,"column":47}},"448":{"start":{"line":898,"column":0},"end":{"line":905,"column":3}},"449":{"start":{"line":899,"column":2},"end":{"line":904,"column":3}},"450":{"start":{"line":900,"column":19},"end":{"line":900,"column":57}},"451":{"start":{"line":901,"column":4},"end":{"line":901,"column":71}},"452":{"start":{"line":903,"column":4},"end":{"line":903,"column":47}},"453":{"start":{"line":907,"column":0},"end":{"line":914,"column":3}},"454":{"start":{"line":908,"column":2},"end":{"line":913,"column":3}},"455":{"start":{"line":909,"column":19},"end":{"line":909,"column":54}},"456":{"start":{"line":910,"column":4},"end":{"line":910,"column":71}},"457":{"start":{"line":912,"column":4},"end":{"line":912,"column":47}},"458":{"start":{"line":916,"column":0},"end":{"line":923,"column":3}},"459":{"start":{"line":917,"column":2},"end":{"line":922,"column":3}},"460":{"start":{"line":918,"column":19},"end":{"line":918,"column":63}},"461":{"start":{"line":919,"column":4},"end":{"line":919,"column":71}},"462":{"start":{"line":921,"column":4},"end":{"line":921,"column":47}},"463":{"start":{"line":925,"column":0},"end":{"line":932,"column":3}},"464":{"start":{"line":926,"column":2},"end":{"line":931,"column":3}},"465":{"start":{"line":927,"column":19},"end":{"line":927,"column":61}},"466":{"start":{"line":928,"column":4},"end":{"line":928,"column":71}},"467":{"start":{"line":930,"column":4},"end":{"line":930,"column":47}},"468":{"start":{"line":935,"column":0},"end":{"line":1488,"column":3}},"469":{"start":{"line":936,"column":2},"end":{"line":936,"column":44}},"470":{"start":{"line":939,"column":2},"end":{"line":939,"column":70}},"471":{"start":{"line":941,"column":14},"end":{"line":941,"column":26}},"472":{"start":{"line":944,"column":2},"end":{"line":944,"column":58}},"473":{"start":{"line":945,"column":2},"end":{"line":945,"column":52}},"474":{"start":{"line":946,"column":2},"end":{"line":946,"column":42}},"475":{"start":{"line":947,"column":2},"end":{"line":952,"column":5}},"476":{"start":{"line":953,"column":2},"end":{"line":953,"column":21}},"477":{"start":{"line":956,"column":24},"end":{"line":956,"column":44}},"478":{"start":{"line":957,"column":2},"end":{"line":957,"column":47}},"479":{"start":{"line":960,"column":2},"end":{"line":960,"column":68}},"480":{"start":{"line":963,"column":2},"end":{"line":963,"column":74}},"481":{"start":{"line":966,"column":2},"end":{"line":966,"column":71}},"482":{"start":{"line":969,"column":2},"end":{"line":969,"column":89}},"483":{"start":{"line":972,"column":2},"end":{"line":972,"column":71}},"484":{"start":{"line":975,"column":34},"end":{"line":977,"column":10}},"485":{"start":{"line":978,"column":16},"end":{"line":978,"column":43}},"486":{"start":{"line":979,"column":20},"end":{"line":979,"column":73}},"487":{"start":{"line":981,"column":2},"end":{"line":996,"column":3}},"488":{"start":{"line":982,"column":29},"end":{"line":984,"column":11}},"489":{"start":{"line":985,"column":29},"end":{"line":987,"column":11}},"490":{"start":{"line":988,"column":21},"end":{"line":988,"column":229}},"491":{"start":{"line":989,"column":4},"end":{"line":989,"column":86}},"492":{"start":{"line":990,"column":4},"end":{"line":990,"column":162}},"493":{"start":{"line":991,"column":9},"end":{"line":996,"column":3}},"494":{"start":{"line":992,"column":4},"end":{"line":992,"column":137}},"495":{"start":{"line":993,"column":4},"end":{"line":993,"column":59}},"496":{"start":{"line":995,"column":4},"end":{"line":995,"column":133}},"497":{"start":{"line":998,"column":2},"end":{"line":998,"column":45}},"498":{"start":{"line":999,"column":2},"end":{"line":999,"column":39}},"499":{"start":{"line":1000,"column":2},"end":{"line":1000,"column":41}},"500":{"start":{"line":1001,"column":2},"end":{"line":1001,"column":61}},"501":{"start":{"line":1002,"column":2},"end":{"line":1002,"column":9}},"502":{"start":{"line":1005,"column":2},"end":{"line":1016,"column":5}},"503":{"start":{"line":1006,"column":4},"end":{"line":1009,"column":5}},"504":{"start":{"line":1007,"column":6},"end":{"line":1007,"column":108}},"505":{"start":{"line":1008,"column":6},"end":{"line":1008,"column":13}},"506":{"start":{"line":1010,"column":4},"end":{"line":1010,"column":18}},"507":{"start":{"line":1011,"column":4},"end":{"line":1011,"column":99}},"508":{"start":{"line":1012,"column":4},"end":{"line":1012,"column":39}},"509":{"start":{"line":1013,"column":4},"end":{"line":1013,"column":63}},"510":{"start":{"line":1014,"column":4},"end":{"line":1014,"column":62}},"511":{"start":{"line":1015,"column":4},"end":{"line":1015,"column":23}},"512":{"start":{"line":1018,"column":2},"end":{"line":1030,"column":5}},"513":{"start":{"line":1019,"column":4},"end":{"line":1019,"column":40}},"514":{"start":{"line":1019,"column":33},"end":{"line":1019,"column":40}},"515":{"start":{"line":1020,"column":4},"end":{"line":1023,"column":5}},"516":{"start":{"line":1021,"column":6},"end":{"line":1021,"column":115}},"517":{"start":{"line":1022,"column":6},"end":{"line":1022,"column":13}},"518":{"start":{"line":1024,"column":4},"end":{"line":1024,"column":19}},"519":{"start":{"line":1025,"column":4},"end":{"line":1025,"column":100}},"520":{"start":{"line":1026,"column":4},"end":{"line":1026,"column":40}},"521":{"start":{"line":1027,"column":4},"end":{"line":1027,"column":73}},"522":{"start":{"line":1028,"column":4},"end":{"line":1028,"column":61}},"523":{"start":{"line":1029,"column":4},"end":{"line":1029,"column":23}},"524":{"start":{"line":1032,"column":2},"end":{"line":1051,"column":5}},"525":{"start":{"line":1033,"column":4},"end":{"line":1033,"column":41}},"526":{"start":{"line":1033,"column":34},"end":{"line":1033,"column":41}},"527":{"start":{"line":1034,"column":4},"end":{"line":1034,"column":20}},"528":{"start":{"line":1035,"column":4},"end":{"line":1035,"column":102}},"529":{"start":{"line":1036,"column":4},"end":{"line":1036,"column":41}},"530":{"start":{"line":1037,"column":4},"end":{"line":1037,"column":67}},"531":{"start":{"line":1038,"column":4},"end":{"line":1038,"column":52}},"532":{"start":{"line":1039,"column":4},"end":{"line":1039,"column":23}},"533":{"start":{"line":1042,"column":4},"end":{"line":1050,"column":7}},"534":{"start":{"line":1054,"column":4},"end":{"line":1063,"column":7}},"535":{"start":{"line":1055,"column":6},"end":{"line":1055,"column":51}},"536":{"start":{"line":1055,"column":44},"end":{"line":1055,"column":51}},"537":{"start":{"line":1056,"column":20},"end":{"line":1056,"column":43}},"538":{"start":{"line":1057,"column":6},"end":{"line":1062,"column":7}},"539":{"start":{"line":1058,"column":8},"end":{"line":1058,"column":39}},"540":{"start":{"line":1059,"column":8},"end":{"line":1059,"column":58}},"541":{"start":{"line":1061,"column":8},"end":{"line":1061,"column":121}},"542":{"start":{"line":1065,"column":4},"end":{"line":1070,"column":7}},"543":{"start":{"line":1066,"column":6},"end":{"line":1066,"column":51}},"544":{"start":{"line":1066,"column":44},"end":{"line":1066,"column":51}},"545":{"start":{"line":1067,"column":6},"end":{"line":1067,"column":44}},"546":{"start":{"line":1067,"column":37},"end":{"line":1067,"column":44}},"547":{"start":{"line":1068,"column":6},"end":{"line":1068,"column":49}},"548":{"start":{"line":1069,"column":6},"end":{"line":1069,"column":57}},"549":{"start":{"line":1073,"column":2},"end":{"line":1080,"column":5}},"550":{"start":{"line":1074,"column":4},"end":{"line":1074,"column":49}},"551":{"start":{"line":1074,"column":42},"end":{"line":1074,"column":49}},"552":{"start":{"line":1075,"column":4},"end":{"line":1079,"column":5}},"553":{"start":{"line":1076,"column":6},"end":{"line":1076,"column":81}},"554":{"start":{"line":1077,"column":6},"end":{"line":1077,"column":13}},"555":{"start":{"line":1078,"column":6},"end":{"line":1078,"column":26}},"556":{"start":{"line":1083,"column":2},"end":{"line":1087,"column":5}},"557":{"start":{"line":1084,"column":4},"end":{"line":1084,"column":53}},"558":{"start":{"line":1085,"column":4},"end":{"line":1085,"column":77}},"559":{"start":{"line":1085,"column":21},"end":{"line":1085,"column":69}},"560":{"start":{"line":1086,"column":4},"end":{"line":1086,"column":100}},"561":{"start":{"line":1086,"column":21},"end":{"line":1086,"column":92}},"562":{"start":{"line":1090,"column":2},"end":{"line":1093,"column":5}},"563":{"start":{"line":1091,"column":4},"end":{"line":1091,"column":33}},"564":{"start":{"line":1091,"column":26},"end":{"line":1091,"column":33}},"565":{"start":{"line":1092,"column":4},"end":{"line":1092,"column":36}},"566":{"start":{"line":1096,"column":2},"end":{"line":1151,"column":5}},"567":{"start":{"line":1097,"column":4},"end":{"line":1097,"column":36}},"568":{"start":{"line":1097,"column":29},"end":{"line":1097,"column":36}},"569":{"start":{"line":1099,"column":19},"end":{"line":1099,"column":55}},"570":{"start":{"line":1100,"column":18},"end":{"line":1100,"column":20}},"571":{"start":{"line":1101,"column":4},"end":{"line":1101,"column":71}},"572":{"start":{"line":1101,"column":49},"end":{"line":1101,"column":71}},"573":{"start":{"line":1102,"column":4},"end":{"line":1102,"column":69}},"574":{"start":{"line":1102,"column":49},"end":{"line":1102,"column":69}},"575":{"start":{"line":1103,"column":4},"end":{"line":1103,"column":71}},"576":{"start":{"line":1103,"column":49},"end":{"line":1103,"column":71}},"577":{"start":{"line":1105,"column":4},"end":{"line":1118,"column":5}},"578":{"start":{"line":1106,"column":6},"end":{"line":1110,"column":9}},"579":{"start":{"line":1111,"column":6},"end":{"line":1116,"column":9}},"580":{"start":{"line":1117,"column":6},"end":{"line":1117,"column":13}},"581":{"start":{"line":1120,"column":4},"end":{"line":1120,"column":45}},"582":{"start":{"line":1121,"column":4},"end":{"line":1121,"column":43}},"583":{"start":{"line":1122,"column":4},"end":{"line":1122,"column":45}},"584":{"start":{"line":1124,"column":23},"end":{"line":1134,"column":5}},"585":{"start":{"line":1135,"column":4},"end":{"line":1135,"column":39}},"586":{"start":{"line":1137,"column":4},"end":{"line":1137,"column":121}},"587":{"start":{"line":1138,"column":4},"end":{"line":1139,"column":128}},"588":{"start":{"line":1141,"column":4},"end":{"line":1141,"column":38}},"589":{"start":{"line":1142,"column":4},"end":{"line":1147,"column":7}},"590":{"start":{"line":1149,"column":4},"end":{"line":1149,"column":11}},"591":{"start":{"line":1150,"column":4},"end":{"line":1150,"column":156}},"592":{"start":{"line":1154,"column":2},"end":{"line":1162,"column":5}},"593":{"start":{"line":1155,"column":4},"end":{"line":1161,"column":7}},"594":{"start":{"line":1165,"column":2},"end":{"line":1173,"column":5}},"595":{"start":{"line":1166,"column":4},"end":{"line":1166,"column":59}},"596":{"start":{"line":1167,"column":4},"end":{"line":1172,"column":5}},"597":{"start":{"line":1168,"column":6},"end":{"line":1168,"column":36}},"598":{"start":{"line":1169,"column":6},"end":{"line":1169,"column":38}},"599":{"start":{"line":1170,"column":6},"end":{"line":1170,"column":130}},"600":{"start":{"line":1171,"column":6},"end":{"line":1171,"column":25}},"601":{"start":{"line":1176,"column":2},"end":{"line":1196,"column":5}},"602":{"start":{"line":1177,"column":4},"end":{"line":1195,"column":5}},"603":{"start":{"line":1178,"column":6},"end":{"line":1178,"column":22}},"604":{"start":{"line":1179,"column":6},"end":{"line":1179,"column":113}},"605":{"start":{"line":1180,"column":6},"end":{"line":1180,"column":43}},"606":{"start":{"line":1181,"column":6},"end":{"line":1181,"column":51}},"607":{"start":{"line":1182,"column":6},"end":{"line":1182,"column":73}},"608":{"start":{"line":1183,"column":6},"end":{"line":1183,"column":71}},"609":{"start":{"line":1184,"column":6},"end":{"line":1184,"column":25}},"610":{"start":{"line":1187,"column":6},"end":{"line":1194,"column":9}},"611":{"start":{"line":1198,"column":2},"end":{"line":1201,"column":5}},"612":{"start":{"line":1199,"column":4},"end":{"line":1199,"column":72}},"613":{"start":{"line":1200,"column":4},"end":{"line":1200,"column":64}},"614":{"start":{"line":1203,"column":2},"end":{"line":1206,"column":5}},"615":{"start":{"line":1204,"column":4},"end":{"line":1204,"column":85}},"616":{"start":{"line":1205,"column":4},"end":{"line":1205,"column":82}},"617":{"start":{"line":1208,"column":2},"end":{"line":1218,"column":5}},"618":{"start":{"line":1209,"column":4},"end":{"line":1209,"column":57}},"619":{"start":{"line":1210,"column":4},"end":{"line":1210,"column":58}},"620":{"start":{"line":1211,"column":4},"end":{"line":1211,"column":46}},"621":{"start":{"line":1212,"column":4},"end":{"line":1212,"column":62}},"622":{"start":{"line":1213,"column":4},"end":{"line":1215,"column":5}},"623":{"start":{"line":1214,"column":6},"end":{"line":1214,"column":48}},"624":{"start":{"line":1216,"column":4},"end":{"line":1216,"column":33}},"625":{"start":{"line":1217,"column":4},"end":{"line":1217,"column":11}},"626":{"start":{"line":1220,"column":2},"end":{"line":1229,"column":5}},"627":{"start":{"line":1221,"column":4},"end":{"line":1221,"column":51}},"628":{"start":{"line":1222,"column":4},"end":{"line":1222,"column":94}},"629":{"start":{"line":1223,"column":4},"end":{"line":1223,"column":46}},"630":{"start":{"line":1224,"column":4},"end":{"line":1224,"column":40}},"631":{"start":{"line":1225,"column":4},"end":{"line":1225,"column":34}},"632":{"start":{"line":1226,"column":4},"end":{"line":1226,"column":40}},"633":{"start":{"line":1227,"column":4},"end":{"line":1227,"column":36}},"634":{"start":{"line":1228,"column":4},"end":{"line":1228,"column":11}},"635":{"start":{"line":1231,"column":2},"end":{"line":1235,"column":5}},"636":{"start":{"line":1232,"column":4},"end":{"line":1232,"column":68}},"637":{"start":{"line":1233,"column":4},"end":{"line":1233,"column":105}},"638":{"start":{"line":1234,"column":4},"end":{"line":1234,"column":33}},"639":{"start":{"line":1237,"column":2},"end":{"line":1241,"column":5}},"640":{"start":{"line":1238,"column":4},"end":{"line":1238,"column":76}},"641":{"start":{"line":1239,"column":4},"end":{"line":1239,"column":87}},"642":{"start":{"line":1240,"column":4},"end":{"line":1240,"column":34}},"643":{"start":{"line":1243,"column":2},"end":{"line":1251,"column":5}},"644":{"start":{"line":1244,"column":4},"end":{"line":1244,"column":75}},"645":{"start":{"line":1245,"column":4},"end":{"line":1249,"column":5}},"646":{"start":{"line":1246,"column":6},"end":{"line":1246,"column":119}},"647":{"start":{"line":1248,"column":6},"end":{"line":1248,"column":66}},"648":{"start":{"line":1250,"column":4},"end":{"line":1250,"column":39}},"649":{"start":{"line":1253,"column":2},"end":{"line":1256,"column":5}},"650":{"start":{"line":1254,"column":4},"end":{"line":1254,"column":56}},"651":{"start":{"line":1255,"column":4},"end":{"line":1255,"column":93}},"652":{"start":{"line":1258,"column":2},"end":{"line":1262,"column":5}},"653":{"start":{"line":1259,"column":4},"end":{"line":1261,"column":5}},"654":{"start":{"line":1260,"column":6},"end":{"line":1260,"column":92}},"655":{"start":{"line":1265,"column":2},"end":{"line":1269,"column":5}},"656":{"start":{"line":1266,"column":4},"end":{"line":1266,"column":49}},"657":{"start":{"line":1266,"column":42},"end":{"line":1266,"column":49}},"658":{"start":{"line":1267,"column":21},"end":{"line":1267,"column":90}},"659":{"start":{"line":1268,"column":4},"end":{"line":1268,"column":48}},"660":{"start":{"line":1272,"column":2},"end":{"line":1275,"column":5}},"661":{"start":{"line":1273,"column":4},"end":{"line":1273,"column":49}},"662":{"start":{"line":1273,"column":42},"end":{"line":1273,"column":49}},"663":{"start":{"line":1274,"column":4},"end":{"line":1274,"column":77}},"664":{"start":{"line":1278,"column":2},"end":{"line":1281,"column":5}},"665":{"start":{"line":1279,"column":4},"end":{"line":1279,"column":49}},"666":{"start":{"line":1279,"column":42},"end":{"line":1279,"column":49}},"667":{"start":{"line":1280,"column":4},"end":{"line":1280,"column":88}},"668":{"start":{"line":1283,"column":2},"end":{"line":1286,"column":5}},"669":{"start":{"line":1284,"column":4},"end":{"line":1284,"column":49}},"670":{"start":{"line":1284,"column":42},"end":{"line":1284,"column":49}},"671":{"start":{"line":1285,"column":4},"end":{"line":1285,"column":85}},"672":{"start":{"line":1288,"column":2},"end":{"line":1291,"column":5}},"673":{"start":{"line":1289,"column":4},"end":{"line":1289,"column":49}},"674":{"start":{"line":1289,"column":42},"end":{"line":1289,"column":49}},"675":{"start":{"line":1290,"column":4},"end":{"line":1290,"column":64}},"676":{"start":{"line":1293,"column":2},"end":{"line":1296,"column":5}},"677":{"start":{"line":1294,"column":4},"end":{"line":1294,"column":49}},"678":{"start":{"line":1294,"column":42},"end":{"line":1294,"column":49}},"679":{"start":{"line":1295,"column":4},"end":{"line":1295,"column":84}},"680":{"start":{"line":1298,"column":2},"end":{"line":1301,"column":5}},"681":{"start":{"line":1299,"column":4},"end":{"line":1299,"column":49}},"682":{"start":{"line":1299,"column":42},"end":{"line":1299,"column":49}},"683":{"start":{"line":1300,"column":4},"end":{"line":1300,"column":85}},"684":{"start":{"line":1303,"column":2},"end":{"line":1306,"column":5}},"685":{"start":{"line":1304,"column":4},"end":{"line":1304,"column":49}},"686":{"start":{"line":1304,"column":42},"end":{"line":1304,"column":49}},"687":{"start":{"line":1305,"column":4},"end":{"line":1305,"column":77}},"688":{"start":{"line":1308,"column":2},"end":{"line":1311,"column":5}},"689":{"start":{"line":1309,"column":4},"end":{"line":1309,"column":49}},"690":{"start":{"line":1309,"column":42},"end":{"line":1309,"column":49}},"691":{"start":{"line":1310,"column":4},"end":{"line":1310,"column":101}},"692":{"start":{"line":1313,"column":2},"end":{"line":1316,"column":5}},"693":{"start":{"line":1314,"column":4},"end":{"line":1314,"column":49}},"694":{"start":{"line":1314,"column":42},"end":{"line":1314,"column":49}},"695":{"start":{"line":1315,"column":4},"end":{"line":1315,"column":87}},"696":{"start":{"line":1318,"column":2},"end":{"line":1321,"column":5}},"697":{"start":{"line":1319,"column":4},"end":{"line":1319,"column":49}},"698":{"start":{"line":1319,"column":42},"end":{"line":1319,"column":49}},"699":{"start":{"line":1320,"column":4},"end":{"line":1320,"column":89}},"700":{"start":{"line":1323,"column":2},"end":{"line":1326,"column":5}},"701":{"start":{"line":1324,"column":4},"end":{"line":1324,"column":49}},"702":{"start":{"line":1324,"column":42},"end":{"line":1324,"column":49}},"703":{"start":{"line":1325,"column":4},"end":{"line":1325,"column":94}},"704":{"start":{"line":1328,"column":2},"end":{"line":1331,"column":5}},"705":{"start":{"line":1329,"column":4},"end":{"line":1329,"column":49}},"706":{"start":{"line":1329,"column":42},"end":{"line":1329,"column":49}},"707":{"start":{"line":1330,"column":4},"end":{"line":1330,"column":113}},"708":{"start":{"line":1333,"column":2},"end":{"line":1336,"column":5}},"709":{"start":{"line":1334,"column":4},"end":{"line":1334,"column":49}},"710":{"start":{"line":1334,"column":42},"end":{"line":1334,"column":49}},"711":{"start":{"line":1335,"column":4},"end":{"line":1335,"column":99}},"712":{"start":{"line":1339,"column":2},"end":{"line":1342,"column":5}},"713":{"start":{"line":1340,"column":4},"end":{"line":1340,"column":49}},"714":{"start":{"line":1340,"column":42},"end":{"line":1340,"column":49}},"715":{"start":{"line":1341,"column":4},"end":{"line":1341,"column":75}},"716":{"start":{"line":1345,"column":2},"end":{"line":1349,"column":5}},"717":{"start":{"line":1346,"column":4},"end":{"line":1346,"column":49}},"718":{"start":{"line":1346,"column":42},"end":{"line":1346,"column":49}},"719":{"start":{"line":1347,"column":21},"end":{"line":1347,"column":95}},"720":{"start":{"line":1348,"column":4},"end":{"line":1348,"column":43}},"721":{"start":{"line":1352,"column":2},"end":{"line":1356,"column":5}},"722":{"start":{"line":1353,"column":4},"end":{"line":1353,"column":49}},"723":{"start":{"line":1353,"column":42},"end":{"line":1353,"column":49}},"724":{"start":{"line":1354,"column":19},"end":{"line":1354,"column":69}},"725":{"start":{"line":1355,"column":4},"end":{"line":1355,"column":43}},"726":{"start":{"line":1358,"column":2},"end":{"line":1362,"column":5}},"727":{"start":{"line":1359,"column":4},"end":{"line":1359,"column":49}},"728":{"start":{"line":1359,"column":42},"end":{"line":1359,"column":49}},"729":{"start":{"line":1360,"column":19},"end":{"line":1360,"column":93}},"730":{"start":{"line":1361,"column":4},"end":{"line":1361,"column":43}},"731":{"start":{"line":1364,"column":2},"end":{"line":1368,"column":5}},"732":{"start":{"line":1365,"column":4},"end":{"line":1365,"column":49}},"733":{"start":{"line":1365,"column":42},"end":{"line":1365,"column":49}},"734":{"start":{"line":1366,"column":19},"end":{"line":1366,"column":57}},"735":{"start":{"line":1367,"column":4},"end":{"line":1367,"column":42}},"736":{"start":{"line":1370,"column":2},"end":{"line":1374,"column":5}},"737":{"start":{"line":1371,"column":4},"end":{"line":1371,"column":49}},"738":{"start":{"line":1371,"column":42},"end":{"line":1371,"column":49}},"739":{"start":{"line":1372,"column":19},"end":{"line":1372,"column":92}},"740":{"start":{"line":1373,"column":4},"end":{"line":1373,"column":43}},"741":{"start":{"line":1376,"column":2},"end":{"line":1380,"column":5}},"742":{"start":{"line":1377,"column":4},"end":{"line":1377,"column":49}},"743":{"start":{"line":1377,"column":42},"end":{"line":1377,"column":49}},"744":{"start":{"line":1378,"column":19},"end":{"line":1378,"column":92}},"745":{"start":{"line":1379,"column":4},"end":{"line":1379,"column":48}},"746":{"start":{"line":1383,"column":32},"end":{"line":1383,"column":41}},"747":{"start":{"line":1385,"column":2},"end":{"line":1420,"column":5}},"748":{"start":{"line":1386,"column":4},"end":{"line":1393,"column":7}},"749":{"start":{"line":1396,"column":25},"end":{"line":1404,"column":7}},"750":{"start":{"line":1396,"column":87},"end":{"line":1404,"column":5}},"751":{"start":{"line":1406,"column":4},"end":{"line":1410,"column":7}},"752":{"start":{"line":1413,"column":4},"end":{"line":1419,"column":7}},"753":{"start":{"line":1422,"column":2},"end":{"line":1434,"column":5}},"754":{"start":{"line":1423,"column":24},"end":{"line":1423,"column":60}},"755":{"start":{"line":1424,"column":4},"end":{"line":1433,"column":5}},"756":{"start":{"line":1425,"column":6},"end":{"line":1425,"column":29}},"757":{"start":{"line":1426,"column":6},"end":{"line":1426,"column":29}},"758":{"start":{"line":1428,"column":6},"end":{"line":1432,"column":9}},"759":{"start":{"line":1436,"column":2},"end":{"line":1466,"column":5}},"760":{"start":{"line":1437,"column":24},"end":{"line":1437,"column":60}},"761":{"start":{"line":1438,"column":4},"end":{"line":1465,"column":5}},"762":{"start":{"line":1439,"column":6},"end":{"line":1439,"column":36}},"763":{"start":{"line":1440,"column":6},"end":{"line":1440,"column":39}},"764":{"start":{"line":1443,"column":6},"end":{"line":1449,"column":9}},"765":{"start":{"line":1452,"column":30},"end":{"line":1452,"column":105}},"766":{"start":{"line":1452,"column":85},"end":{"line":1452,"column":97}},"767":{"start":{"line":1453,"column":6},"end":{"line":1455,"column":7}},"768":{"start":{"line":1454,"column":8},"end":{"line":1454,"column":61}},"769":{"start":{"line":1458,"column":6},"end":{"line":1464,"column":15}},"770":{"start":{"line":1459,"column":18},"end":{"line":1459,"column":54}},"771":{"start":{"line":1460,"column":8},"end":{"line":1463,"column":9}},"772":{"start":{"line":1461,"column":10},"end":{"line":1461,"column":31}},"773":{"start":{"line":1462,"column":10},"end":{"line":1462,"column":26}},"774":{"start":{"line":1469,"column":2},"end":{"line":1475,"column":11}},"775":{"start":{"line":1470,"column":18},"end":{"line":1470,"column":44}},"776":{"start":{"line":1471,"column":4},"end":{"line":1474,"column":5}},"777":{"start":{"line":1472,"column":22},"end":{"line":1472,"column":89}},"778":{"start":{"line":1473,"column":6},"end":{"line":1473,"column":59}},"779":{"start":{"line":1478,"column":2},"end":{"line":1487,"column":5}},"780":{"start":{"line":1479,"column":24},"end":{"line":1479,"column":60}},"781":{"start":{"line":1480,"column":4},"end":{"line":1486,"column":5}},"782":{"start":{"line":1481,"column":6},"end":{"line":1484,"column":9}},"783":{"start":{"line":1485,"column":6},"end":{"line":1485,"column":46}},"784":{"start":{"line":1492,"column":19},"end":{"line":1492,"column":21}},"785":{"start":{"line":1495,"column":24},"end":{"line":1507,"column":3}},"786":{"start":{"line":1509,"column":2},"end":{"line":1522,"column":5}},"787":{"start":{"line":1510,"column":4},"end":{"line":1521,"column":6}},"788":{"start":{"line":1525,"column":2},"end":{"line":1533,"column":3}},"789":{"start":{"line":1526,"column":4},"end":{"line":1532,"column":6}},"790":{"start":{"line":1535,"column":2},"end":{"line":1540,"column":4}},"791":{"start":{"line":1545,"column":24},"end":{"line":1545,"column":44}},"792":{"start":{"line":1546,"column":2},"end":{"line":1546,"column":43}},"793":{"start":{"line":1551,"column":2},"end":{"line":1551,"column":42}},"794":{"start":{"line":1556,"column":2},"end":{"line":1556,"column":36}},"795":{"start":{"line":1561,"column":21},"end":{"line":1575,"column":3}},"796":{"start":{"line":1577,"column":2},"end":{"line":1585,"column":5}},"797":{"start":{"line":1578,"column":4},"end":{"line":1584,"column":5}},"798":{"start":{"line":1579,"column":6},"end":{"line":1583,"column":7}},"799":{"start":{"line":1580,"column":8},"end":{"line":1580,"column":99}},"800":{"start":{"line":1582,"column":8},"end":{"line":1582,"column":73}},"801":{"start":{"line":1587,"column":2},"end":{"line":1591,"column":5}},"802":{"start":{"line":1595,"column":0},"end":{"line":1595,"column":41}},"803":{"start":{"line":1595,"column":21},"end":{"line":1595,"column":41}},"804":{"start":{"line":1596,"column":0},"end":{"line":1598,"column":1}},"805":{"start":{"line":1597,"column":2},"end":{"line":1597,"column":42}},"806":{"start":{"line":1600,"column":0},"end":{"line":1605,"column":9}},"807":{"start":{"line":1601,"column":2},"end":{"line":1601,"column":64}},"808":{"start":{"line":1602,"column":2},"end":{"line":1602,"column":64}},"809":{"start":{"line":1603,"column":2},"end":{"line":1603,"column":22}},"810":{"start":{"line":1604,"column":2},"end":{"line":1604,"column":9}},"811":{"start":{"line":1608,"column":0},"end":{"line":1636,"column":10}},"812":{"start":{"line":1609,"column":2},"end":{"line":1609,"column":12}},"813":{"start":{"line":1610,"column":2},"end":{"line":1610,"column":25}},"814":{"start":{"line":1611,"column":2},"end":{"line":1611,"column":77}},"815":{"start":{"line":1611,"column":23},"end":{"line":1611,"column":77}},"816":{"start":{"line":1613,"column":2},"end":{"line":1613,"column":93}},"817":{"start":{"line":1614,"column":2},"end":{"line":1614,"column":93}},"818":{"start":{"line":1615,"column":2},"end":{"line":1615,"column":89}},"819":{"start":{"line":1616,"column":2},"end":{"line":1616,"column":9}},"820":{"start":{"line":1617,"column":2},"end":{"line":1617,"column":125}},"821":{"start":{"line":1618,"column":2},"end":{"line":1618,"column":61}},"822":{"start":{"line":1619,"column":2},"end":{"line":1619,"column":137}},"823":{"start":{"line":1620,"column":2},"end":{"line":1620,"column":27}},"824":{"start":{"line":1623,"column":2},"end":{"line":1623,"column":21}},"825":{"start":{"line":1624,"column":2},"end":{"line":1624,"column":28}},"826":{"start":{"line":1625,"column":2},"end":{"line":1625,"column":26}},"827":{"start":{"line":1628,"column":2},"end":{"line":1628,"column":35}},"828":{"start":{"line":1631,"column":2},"end":{"line":1635,"column":3}},"829":{"start":{"line":1632,"column":4},"end":{"line":1632,"column":92}},"830":{"start":{"line":1633,"column":4},"end":{"line":1633,"column":93}},"831":{"start":{"line":1634,"column":4},"end":{"line":1634,"column":94}},"832":{"start":{"line":1640,"column":2},"end":{"line":1640,"column":36}},"833":{"start":{"line":1641,"column":2},"end":{"line":1641,"column":31}},"834":{"start":{"line":1644,"column":4},"end":{"line":1644,"column":37}},"835":{"start":{"line":1647,"column":4},"end":{"line":1647,"column":36}},"836":{"start":{"line":1649,"column":4},"end":{"line":1649,"column":54}},"837":{"start":{"line":1650,"column":2},"end":{"line":1650,"column":54}},"838":{"start":{"line":1651,"column":2},"end":{"line":1651,"column":39}},"839":{"start":{"line":1652,"column":2},"end":{"line":1652,"column":42}},"840":{"start":{"line":1653,"column":2},"end":{"line":1653,"column":51}},"841":{"start":{"line":1654,"column":2},"end":{"line":1654,"column":41}},"842":{"start":{"line":1655,"column":2},"end":{"line":1655,"column":47}},"843":{"start":{"line":1656,"column":2},"end":{"line":1656,"column":44}},"844":{"start":{"line":1657,"column":2},"end":{"line":1657,"column":71}},"845":{"start":{"line":1658,"column":2},"end":{"line":1658,"column":77}},"846":{"start":{"line":1661,"column":0},"end":{"line":1661,"column":44}},"847":{"start":{"line":1664,"column":20},"end":{"line":1664,"column":24}},"848":{"start":{"line":1667,"column":2},"end":{"line":1667,"column":51}},"849":{"start":{"line":1668,"column":2},"end":{"line":1668,"column":52}},"850":{"start":{"line":1669,"column":2},"end":{"line":1669,"column":91}},"851":{"start":{"line":1672,"column":2},"end":{"line":1677,"column":11}},"852":{"start":{"line":1673,"column":4},"end":{"line":1676,"column":5}},"853":{"start":{"line":1674,"column":18},"end":{"line":1674,"column":60}},"854":{"start":{"line":1675,"column":6},"end":{"line":1675,"column":43}},"855":{"start":{"line":1680,"column":2},"end":{"line":1684,"column":12}},"856":{"start":{"line":1681,"column":4},"end":{"line":1683,"column":5}},"857":{"start":{"line":1682,"column":6},"end":{"line":1682,"column":65}},"858":{"start":{"line":1690,"column":0},"end":{"line":1727,"column":3}},"859":{"start":{"line":1691,"column":2},"end":{"line":1691,"column":52}},"860":{"start":{"line":1694,"column":2},"end":{"line":1696,"column":3}},"861":{"start":{"line":1695,"column":4},"end":{"line":1695,"column":33}},"862":{"start":{"line":1699,"column":2},"end":{"line":1701,"column":3}},"863":{"start":{"line":1700,"column":4},"end":{"line":1700,"column":33}},"864":{"start":{"line":1704,"column":2},"end":{"line":1706,"column":3}},"865":{"start":{"line":1705,"column":4},"end":{"line":1705,"column":30}},"866":{"start":{"line":1709,"column":2},"end":{"line":1711,"column":3}},"867":{"start":{"line":1710,"column":4},"end":{"line":1710,"column":33}},"868":{"start":{"line":1714,"column":2},"end":{"line":1716,"column":3}},"869":{"start":{"line":1715,"column":4},"end":{"line":1715,"column":44}},"870":{"start":{"line":1719,"column":2},"end":{"line":1721,"column":3}},"871":{"start":{"line":1720,"column":4},"end":{"line":1720,"column":26}},"872":{"start":{"line":1724,"column":2},"end":{"line":1724,"column":25}},"873":{"start":{"line":1726,"column":2},"end":{"line":1726,"column":47}},"874":{"start":{"line":1730,"column":0},"end":{"line":1759,"column":3}},"875":{"start":{"line":1731,"column":2},"end":{"line":1731,"column":51}},"876":{"start":{"line":1734,"column":2},"end":{"line":1736,"column":3}},"877":{"start":{"line":1735,"column":4},"end":{"line":1735,"column":44}},"878":{"start":{"line":1739,"column":2},"end":{"line":1741,"column":3}},"879":{"start":{"line":1740,"column":4},"end":{"line":1740,"column":43}},"880":{"start":{"line":1744,"column":2},"end":{"line":1746,"column":3}},"881":{"start":{"line":1745,"column":4},"end":{"line":1745,"column":29}},"882":{"start":{"line":1749,"column":2},"end":{"line":1751,"column":3}},"883":{"start":{"line":1750,"column":4},"end":{"line":1750,"column":48}},"884":{"start":{"line":1754,"column":2},"end":{"line":1756,"column":3}},"885":{"start":{"line":1755,"column":4},"end":{"line":1755,"column":43}},"886":{"start":{"line":1758,"column":2},"end":{"line":1758,"column":46}},"887":{"start":{"line":1762,"column":0},"end":{"line":1786,"column":3}},"888":{"start":{"line":1763,"column":2},"end":{"line":1763,"column":53}},"889":{"start":{"line":1766,"column":2},"end":{"line":1768,"column":3}},"890":{"start":{"line":1767,"column":4},"end":{"line":1767,"column":30}},"891":{"start":{"line":1771,"column":2},"end":{"line":1773,"column":3}},"892":{"start":{"line":1772,"column":4},"end":{"line":1772,"column":36}},"893":{"start":{"line":1776,"column":2},"end":{"line":1778,"column":3}},"894":{"start":{"line":1777,"column":4},"end":{"line":1777,"column":40}},"895":{"start":{"line":1781,"column":2},"end":{"line":1783,"column":3}},"896":{"start":{"line":1782,"column":4},"end":{"line":1782,"column":40}},"897":{"start":{"line":1785,"column":2},"end":{"line":1785,"column":48}},"898":{"start":{"line":1789,"column":0},"end":{"line":1795,"column":3}},"899":{"start":{"line":1790,"column":2},"end":{"line":1790,"column":65}},"900":{"start":{"line":1791,"column":2},"end":{"line":1793,"column":3}},"901":{"start":{"line":1792,"column":4},"end":{"line":1792,"column":28}},"902":{"start":{"line":1794,"column":2},"end":{"line":1794,"column":47}},"903":{"start":{"line":1797,"column":0},"end":{"line":1797,"column":57}},"904":{"start":{"line":1798,"column":0},"end":{"line":1798,"column":50}},"905":{"start":{"line":1799,"column":0},"end":{"line":1799,"column":48}},"906":{"start":{"line":1800,"column":0},"end":{"line":1800,"column":48}},"907":{"start":{"line":1801,"column":0},"end":{"line":1801,"column":61}},"908":{"start":{"line":1804,"column":0},"end":{"line":1804,"column":26}},"909":{"start":{"line":1805,"column":0},"end":{"line":1805,"column":98}},"910":{"start":{"line":1808,"column":0},"end":{"line":1808,"column":29}},"911":{"start":{"line":1809,"column":0},"end":{"line":1809,"column":109}},"912":{"start":{"line":1812,"column":0},"end":{"line":1812,"column":40}},"913":{"start":{"line":1813,"column":0},"end":{"line":1813,"column":105}},"914":{"start":{"line":1818,"column":26},"end":{"line":1836,"column":1}},"915":{"start":{"line":1840,"column":2},"end":{"line":1846,"column":16}},"916":{"start":{"line":1841,"column":18},"end":{"line":1841,"column":59}},"917":{"start":{"line":1842,"column":4},"end":{"line":1845,"column":5}},"918":{"start":{"line":1843,"column":6},"end":{"line":1843,"column":59}},"919":{"start":{"line":1844,"column":6},"end":{"line":1844,"column":70}},"920":{"start":{"line":1849,"column":2},"end":{"line":1849,"column":24}},"921":{"start":{"line":1852,"column":2},"end":{"line":1854,"column":21}},"922":{"start":{"line":1853,"column":4},"end":{"line":1853,"column":30}},"923":{"start":{"line":1857,"column":2},"end":{"line":1857,"column":28}},"924":{"start":{"line":1859,"column":2},"end":{"line":1859,"column":56}},"925":{"start":{"line":1863,"column":14},"end":{"line":1863,"column":24}},"926":{"start":{"line":1864,"column":19},"end":{"line":1864,"column":32}},"927":{"start":{"line":1865,"column":2},"end":{"line":1865,"column":32}},"928":{"start":{"line":1866,"column":19},"end":{"line":1866,"column":32}},"929":{"start":{"line":1867,"column":2},"end":{"line":1867,"column":32}},"930":{"start":{"line":1870,"column":2},"end":{"line":1878,"column":3}},"931":{"start":{"line":1871,"column":4},"end":{"line":1871,"column":23}},"932":{"start":{"line":1872,"column":9},"end":{"line":1878,"column":3}},"933":{"start":{"line":1873,"column":4},"end":{"line":1873,"column":18}},"934":{"start":{"line":1875,"column":24},"end":{"line":1875,"column":42}},"935":{"start":{"line":1876,"column":4},"end":{"line":1876,"column":51}},"936":{"start":{"line":1877,"column":4},"end":{"line":1877,"column":26}},"937":{"start":{"line":1880,"column":2},"end":{"line":1880,"column":63}},"938":{"start":{"line":1882,"column":16},"end":{"line":1882,"column":29}},"939":{"start":{"line":1883,"column":2},"end":{"line":1890,"column":3}},"940":{"start":{"line":1884,"column":4},"end":{"line":1888,"column":14}},"941":{"start":{"line":1885,"column":6},"end":{"line":1885,"column":24}},"942":{"start":{"line":1887,"column":6},"end":{"line":1887,"column":28}},"943":{"start":{"line":1889,"column":4},"end":{"line":1889,"column":77}},"944":{"start":{"line":1895,"column":2},"end":{"line":1900,"column":3}},"945":{"start":{"line":1896,"column":17},"end":{"line":1896,"column":38}},"946":{"start":{"line":1897,"column":4},"end":{"line":1899,"column":5}},"947":{"start":{"line":1898,"column":6},"end":{"line":1898,"column":24}},"948":{"start":{"line":1904,"column":2},"end":{"line":1904,"column":41}},"949":{"start":{"line":1904,"column":34},"end":{"line":1904,"column":41}},"950":{"start":{"line":1906,"column":2},"end":{"line":1906,"column":36}},"951":{"start":{"line":1907,"column":2},"end":{"line":1907,"column":45}},"952":{"start":{"line":1908,"column":2},"end":{"line":1908,"column":33}},"953":{"start":{"line":1909,"column":2},"end":{"line":1909,"column":36}},"954":{"start":{"line":1910,"column":2},"end":{"line":1910,"column":37}},"955":{"start":{"line":1911,"column":2},"end":{"line":1911,"column":37}},"956":{"start":{"line":1912,"column":2},"end":{"line":1912,"column":44}},"957":{"start":{"line":1913,"column":2},"end":{"line":1913,"column":39}},"958":{"start":{"line":1914,"column":2},"end":{"line":1914,"column":47}},"959":{"start":{"line":1915,"column":2},"end":{"line":1915,"column":47}},"960":{"start":{"line":1916,"column":2},"end":{"line":1916,"column":39}},"961":{"start":{"line":1917,"column":2},"end":{"line":1917,"column":49}},"962":{"start":{"line":1918,"column":2},"end":{"line":1918,"column":44}},"963":{"start":{"line":1919,"column":2},"end":{"line":1919,"column":40}},"964":{"start":{"line":1921,"column":2},"end":{"line":1921,"column":88}},"965":{"start":{"line":1924,"column":2},"end":{"line":1924,"column":29}},"966":{"start":{"line":1926,"column":2},"end":{"line":1926,"column":37}},"967":{"start":{"line":1927,"column":2},"end":{"line":1927,"column":57}},"968":{"start":{"line":1930,"column":2},"end":{"line":1930,"column":27}},"969":{"start":{"line":1932,"column":2},"end":{"line":1932,"column":181}},"970":{"start":{"line":1935,"column":2},"end":{"line":1951,"column":5}},"971":{"start":{"line":1955,"column":21},"end":{"line":1955,"column":24}},"972":{"start":{"line":1956,"column":25},"end":{"line":1956,"column":27}},"973":{"start":{"line":1958,"column":2},"end":{"line":1989,"column":3}},"974":{"start":{"line":1958,"column":19},"end":{"line":1958,"column":20}},"975":{"start":{"line":1959,"column":4},"end":{"line":1959,"column":33}},"976":{"start":{"line":1962,"column":4},"end":{"line":1962,"column":38}},"977":{"start":{"line":1965,"column":4},"end":{"line":1965,"column":37}},"978":{"start":{"line":1968,"column":4},"end":{"line":1968,"column":31}},"979":{"start":{"line":1971,"column":4},"end":{"line":1971,"column":35}},"980":{"start":{"line":1974,"column":4},"end":{"line":1974,"column":30}},"981":{"start":{"line":1977,"column":4},"end":{"line":1977,"column":30}},"982":{"start":{"line":1980,"column":4},"end":{"line":1980,"column":34}},"983":{"start":{"line":1983,"column":4},"end":{"line":1983,"column":32}},"984":{"start":{"line":1986,"column":4},"end":{"line":1988,"column":5}},"985":{"start":{"line":1987,"column":6},"end":{"line":1987,"column":72}},"986":{"start":{"line":1987,"column":35},"end":{"line":1987,"column":70}},"987":{"start":{"line":1995,"column":19},"end":{"line":1995,"column":21}},"988":{"start":{"line":1996,"column":2},"end":{"line":1996,"column":52}},"989":{"start":{"line":1999,"column":2},"end":{"line":2015,"column":3}},"990":{"start":{"line":2000,"column":25},"end":{"line":2007,"column":5}},"991":{"start":{"line":2008,"column":4},"end":{"line":2014,"column":7}},"992":{"start":{"line":2020,"column":2},"end":{"line":2020,"column":72}},"993":{"start":{"line":2022,"column":2},"end":{"line":2037,"column":3}},"994":{"start":{"line":2023,"column":22},"end":{"line":2029,"column":5}},"995":{"start":{"line":2030,"column":4},"end":{"line":2036,"column":7}},"996":{"start":{"line":2041,"column":17},"end":{"line":2041,"column":19}},"997":{"start":{"line":2042,"column":2},"end":{"line":2042,"column":53}},"998":{"start":{"line":2044,"column":2},"end":{"line":2052,"column":3}},"999":{"start":{"line":2045,"column":4},"end":{"line":2051,"column":7}},"1000":{"start":{"line":2056,"column":2},"end":{"line":2056,"column":80}},"1001":{"start":{"line":2058,"column":2},"end":{"line":2067,"column":3}},"1002":{"start":{"line":2059,"column":4},"end":{"line":2066,"column":7}},"1003":{"start":{"line":2072,"column":2},"end":{"line":2081,"column":3}},"1004":{"start":{"line":2073,"column":4},"end":{"line":2073,"column":39}},"1005":{"start":{"line":2074,"column":4},"end":{"line":2080,"column":7}},"1006":{"start":{"line":2085,"column":21},"end":{"line":2089,"column":3}},"1007":{"start":{"line":2091,"column":2},"end":{"line":2091,"column":47}},"1008":{"start":{"line":2093,"column":2},"end":{"line":2101,"column":3}},"1009":{"start":{"line":2094,"column":4},"end":{"line":2100,"column":7}},"1010":{"start":{"line":2105,"column":2},"end":{"line":2105,"column":73}},"1011":{"start":{"line":2107,"column":2},"end":{"line":2116,"column":3}},"1012":{"start":{"line":2108,"column":4},"end":{"line":2115,"column":7}},"1013":{"start":{"line":2120,"column":2},"end":{"line":2120,"column":69}},"1014":{"start":{"line":2122,"column":2},"end":{"line":2139,"column":3}},"1015":{"start":{"line":2123,"column":23},"end":{"line":2123,"column":120}},"1016":{"start":{"line":2124,"column":21},"end":{"line":2131,"column":5}},"1017":{"start":{"line":2132,"column":4},"end":{"line":2132,"column":49}},"1018":{"start":{"line":2133,"column":4},"end":{"line":2138,"column":7}},"1019":{"start":{"line":2143,"column":2},"end":{"line":2174,"column":3}},"1020":{"start":{"line":2144,"column":18},"end":{"line":2144,"column":59}},"1021":{"start":{"line":2146,"column":4},"end":{"line":2146,"column":50}},"1022":{"start":{"line":2147,"column":4},"end":{"line":2164,"column":7}},"1023":{"start":{"line":2167,"column":4},"end":{"line":2169,"column":5}},"1024":{"start":{"line":2168,"column":6},"end":{"line":2168,"column":57}},"1025":{"start":{"line":2171,"column":4},"end":{"line":2171,"column":33}},"1026":{"start":{"line":2173,"column":4},"end":{"line":2173,"column":54}},"1027":{"start":{"line":2178,"column":0},"end":{"line":2200,"column":3}},"1028":{"start":{"line":2179,"column":2},"end":{"line":2199,"column":5}},"1029":{"start":{"line":2202,"column":0},"end":{"line":2221,"column":3}},"1030":{"start":{"line":2203,"column":24},"end":{"line":2203,"column":32}},"1031":{"start":{"line":2204,"column":2},"end":{"line":2206,"column":3}},"1032":{"start":{"line":2205,"column":4},"end":{"line":2205,"column":61}},"1033":{"start":{"line":2208,"column":2},"end":{"line":2208,"column":51}},"1034":{"start":{"line":2211,"column":2},"end":{"line":2217,"column":3}},"1035":{"start":{"line":2212,"column":18},"end":{"line":2212,"column":59}},"1036":{"start":{"line":2213,"column":4},"end":{"line":2213,"column":57}},"1037":{"start":{"line":2214,"column":4},"end":{"line":2214,"column":33}},"1038":{"start":{"line":2216,"column":4},"end":{"line":2216,"column":50}},"1039":{"start":{"line":2219,"column":2},"end":{"line":2219,"column":77}},"1040":{"start":{"line":2220,"column":2},"end":{"line":2220,"column":72}},"1041":{"start":{"line":2223,"column":0},"end":{"line":2229,"column":3}},"1042":{"start":{"line":2224,"column":2},"end":{"line":2226,"column":3}},"1043":{"start":{"line":2225,"column":4},"end":{"line":2225,"column":59}},"1044":{"start":{"line":2227,"column":2},"end":{"line":2227,"column":20}},"1045":{"start":{"line":2228,"column":2},"end":{"line":2228,"column":75}},"1046":{"start":{"line":2232,"column":0},"end":{"line":2239,"column":3}},"1047":{"start":{"line":2233,"column":2},"end":{"line":2238,"column":3}},"1048":{"start":{"line":2234,"column":19},"end":{"line":2234,"column":45}},"1049":{"start":{"line":2235,"column":4},"end":{"line":2235,"column":48}},"1050":{"start":{"line":2237,"column":4},"end":{"line":2237,"column":63}},"1051":{"start":{"line":2242,"column":0},"end":{"line":2245,"column":3}},"1052":{"start":{"line":2243,"column":29},"end":{"line":2243,"column":62}},"1053":{"start":{"line":2244,"column":2},"end":{"line":2244,"column":56}},"1054":{"start":{"line":2248,"column":0},"end":{"line":2250,"column":3}},"1055":{"start":{"line":2249,"column":2},"end":{"line":2249,"column":62}},"1056":{"start":{"line":2252,"column":0},"end":{"line":2259,"column":3}},"1057":{"start":{"line":2253,"column":37},"end":{"line":2253,"column":45}},"1058":{"start":{"line":2254,"column":2},"end":{"line":2256,"column":3}},"1059":{"start":{"line":2255,"column":4},"end":{"line":2255,"column":83}},"1060":{"start":{"line":2257,"column":2},"end":{"line":2257,"column":56}},"1061":{"start":{"line":2258,"column":2},"end":{"line":2258,"column":62}},"1062":{"start":{"line":2261,"column":0},"end":{"line":2268,"column":3}},"1063":{"start":{"line":2262,"column":24},"end":{"line":2262,"column":32}},"1064":{"start":{"line":2263,"column":2},"end":{"line":2265,"column":3}},"1065":{"start":{"line":2264,"column":4},"end":{"line":2264,"column":81}},"1066":{"start":{"line":2266,"column":2},"end":{"line":2266,"column":34}},"1067":{"start":{"line":2267,"column":2},"end":{"line":2267,"column":62}},"1068":{"start":{"line":2271,"column":0},"end":{"line":2273,"column":3}},"1069":{"start":{"line":2272,"column":2},"end":{"line":2272,"column":62}},"1070":{"start":{"line":2275,"column":0},"end":{"line":2282,"column":3}},"1071":{"start":{"line":2276,"column":37},"end":{"line":2276,"column":45}},"1072":{"start":{"line":2277,"column":2},"end":{"line":2279,"column":3}},"1073":{"start":{"line":2278,"column":4},"end":{"line":2278,"column":83}},"1074":{"start":{"line":2280,"column":2},"end":{"line":2280,"column":56}},"1075":{"start":{"line":2281,"column":2},"end":{"line":2281,"column":62}},"1076":{"start":{"line":2284,"column":0},"end":{"line":2291,"column":3}},"1077":{"start":{"line":2285,"column":51},"end":{"line":2285,"column":59}},"1078":{"start":{"line":2286,"column":2},"end":{"line":2288,"column":3}},"1079":{"start":{"line":2287,"column":4},"end":{"line":2287,"column":95}},"1080":{"start":{"line":2289,"column":18},"end":{"line":2289,"column":84}},"1081":{"start":{"line":2290,"column":2},"end":{"line":2290,"column":56}},"1082":{"start":{"line":2293,"column":0},"end":{"line":2300,"column":3}},"1083":{"start":{"line":2294,"column":45},"end":{"line":2294,"column":53}},"1084":{"start":{"line":2295,"column":2},"end":{"line":2297,"column":3}},"1085":{"start":{"line":2296,"column":4},"end":{"line":2296,"column":80}},"1086":{"start":{"line":2298,"column":2},"end":{"line":2298,"column":49}},"1087":{"start":{"line":2299,"column":2},"end":{"line":2299,"column":62}},"1088":{"start":{"line":2303,"column":0},"end":{"line":2305,"column":3}},"1089":{"start":{"line":2304,"column":2},"end":{"line":2304,"column":62}},"1090":{"start":{"line":2307,"column":0},"end":{"line":2310,"column":3}},"1091":{"start":{"line":2308,"column":17},"end":{"line":2308,"column":53}},"1092":{"start":{"line":2309,"column":2},"end":{"line":2309,"column":19}},"1093":{"start":{"line":2312,"column":0},"end":{"line":2315,"column":3}},"1094":{"start":{"line":2313,"column":2},"end":{"line":2313,"column":77}},"1095":{"start":{"line":2314,"column":2},"end":{"line":2314,"column":80}},"1096":{"start":{"line":2318,"column":0},"end":{"line":2333,"column":3}},"1097":{"start":{"line":2319,"column":2},"end":{"line":2332,"column":3}},"1098":{"start":{"line":2320,"column":4},"end":{"line":2329,"column":7}},"1099":{"start":{"line":2331,"column":4},"end":{"line":2331,"column":74}},"1100":{"start":{"line":2335,"column":0},"end":{"line":2343,"column":3}},"1101":{"start":{"line":2336,"column":2},"end":{"line":2342,"column":3}},"1102":{"start":{"line":2337,"column":16},"end":{"line":2337,"column":58}},"1103":{"start":{"line":2338,"column":19},"end":{"line":2338,"column":55}},"1104":{"start":{"line":2339,"column":4},"end":{"line":2339,"column":40}},"1105":{"start":{"line":2341,"column":4},"end":{"line":2341,"column":68}},"1106":{"start":{"line":2345,"column":0},"end":{"line":2352,"column":3}},"1107":{"start":{"line":2346,"column":2},"end":{"line":2351,"column":3}},"1108":{"start":{"line":2347,"column":19},"end":{"line":2347,"column":57}},"1109":{"start":{"line":2348,"co
[...]
:1}},{"start":{},"end":{}}],"line":278},"37":{"loc":{"start":{"line":355,"column":17},"end":{"line":361,"column":1}},"type":"binary-expr","locations":[{"start":{"line":355,"column":17},"end":{"line":355,"column":56}},{"start":{"line":355,"column":60},"end":{"line":361,"column":1}}],"line":355},"38":{"loc":{"start":{"line":364,"column":17},"end":{"line":364,"column":72}},"type":"binary-expr","locations":[{"start":{"line":364,"column":17},"end":{"line":364,"column":32}},{"start":{"line":364,"column":36},"end":{"line":364,"column":72}}],"line":364},"39":{"loc":{"start":{"line":367,"column":0},"end":{"line":372,"column":1}},"type":"if","locations":[{"start":{"line":367,"column":0},"end":{"line":372,"column":1}},{"start":{},"end":{}}],"line":367},"40":{"loc":{"start":{"line":367,"column":4},"end":{"line":367,"column":104}},"type":"binary-expr","locations":[{"start":{"line":367,"column":4},"end":{"line":367,"column":36}},{"start":{"line":367,"column":40},"end":{"line":367,"column":68}},{"start":{"line":367,"column":72},"end":{"line":367,"column":104}}],"line":367},"41":{"loc":{"start":{"line":392,"column":40},"end":{"line":392,"column":62}},"type":"binary-expr","locations":[{"start":{"line":392,"column":40},"end":{"line":392,"column":48}},{"start":{"line":392,"column":52},"end":{"line":392,"column":62}}],"line":392},"42":{"loc":{"start":{"line":402,"column":9},"end":{"line":402,"column":22}},"type":"binary-expr","locations":[{"start":{"line":402,"column":9},"end":{"line":402,"column":17}},{"start":{"line":402,"column":21},"end":{"line":402,"column":22}}],"line":402},"43":{"loc":{"start":{"line":411,"column":0},"end":{"line":415,"column":1}},"type":"if","locations":[{"start":{"line":411,"column":0},"end":{"line":415,"column":1}},{"start":{},"end":{}}],"line":411},"44":{"loc":{"start":{"line":414,"column":35},"end":{"line":414,"column":48}},"type":"binary-expr","locations":[{"start":{"line":414,"column":35},"end":{"line":414,"column":43}},{"start":{"line":414,"column":47},"end":{"line":414,"column":48}}],"line":414},"45":{"loc":{"start":{"line":425,"column":25},"end":{"line":425,"column":38}},"type":"binary-expr","locations":[{"start":{"line":425,"column":25},"end":{"line":425,"column":33}},{"start":{"line":425,"column":37},"end":{"line":425,"column":38}}],"line":425}},"s":{"0":0,"1":0,"2":0,"3":0,"4":0,"5":0,"6":0,"7":0,"8":0,"9":0,"10":0,"11":0,"12":0,"13":0,"14":0,"15":0,"16":0,"17":0,"18":0,"19":0,"20":0,"21":0,"22":0,"23":0,"24":0,"25":0,"26":0,"27":0,"28":0,"29":0,"30":0,"31":0,"32":0,"33":0,"34":0,"35":0,"36":0,"37":0,"38":0,"39":0,"40":0,"41":0,"42":0,"43":0,"44":0,"45":0,"46":0,"47":0,"48":0,"49":0,"50":0,"51":0,"52":0,"53":0,"54":0,"55":0,"56":0,"57":0,"58":0,"59":0,"60":0,"61":0,"62":0,"63":0,"64":0,"65":0,"66":0,"67":0,"68":0,"69":0,"70":0,"71":0,"72":0,"73":0,"74":0,"75":0,"76":0,"77":0,"78":0,"79":0,"80":0,"81":0,"82":0,"83":0,"84":0,"85":0,"86":0,"87":0,"88":0,"89":0,"90":0,"91":0,"92":0,"93":0,"94":0,"95":0,"96":0,"97":0,"98":0,"99":0,"100":0,"101":0,"102":0,"103":0,"104":0,"105":0,"106":0,"107":0,"108":0,"109":0,"110":0,"111":0,"112":0,"113":0,"114":0,"115":0,"116":0,"117":0,"118":0,"119":0,"120":0,"121":0,"122":0,"123":0,"124":0,"125":0,"126":0,"127":0,"128":0,"129":0,"130":0,"131":0,"132":0,"133":0,"134":0,"135":0,"136":0,"137":0,"138":0,"139":0,"140":0,"141":0,"142":0,"143":0,"144":0,"145":0,"146":0,"147":0,"148":0,"149":0,"150":0,"151":0,"152":0,"153":0,"154":0,"155":0,"156":0,"157":0,"158":0,"159":0,"160":0,"161":0,"162":0,"163":0,"164":0,"165":0,"166":0,"167":0,"168":0,"169":0,"170":0,"171":0,"172":0,"173":0,"174":0,"175":0,"176":0,"177":0,"178":0,"179":0,"180":0,"181":0,"182":0,"183":0,"184":0,"185":0,"186":0,"187":0,"188":0,"189":0,"190":0,"191":0,"192":0,"193":0,"194":0,"195":0},"f":{"0":0,"1":0,"2":0,"3":0,"4":0,"5":0,"6":0,"7":0,"8":0,"9":0,"10":0,"11":0,"12":0},"b":{"0":[0],"1":[0],"2":[0],"3":[0],"4":[0,0],"5":[0,0],"6":[0],"7":[0,0],"8":[0,0],"9":[0,0],"10":[0,0],"11":[0,0],"12":[0,0],"13":[0,0],"14":[0,0],"15":[0,0],"16":[0,0],"17":[0,0],"18":[0,0],"19":[0,0],"20":[0,0],"21":[0,0],"22":[0,0],"23":[0,0],"24":[0],"25":[0,0],"26":[0,0],"27":[0,0],"28":[0,0],"29":[0,0],"30":[0,0],"31":[0,0],"32":[0,0],"33":[0,0],"34":[0,0],"35":[0],"36":[0,0],"37":[0,0],"38":[0,0],"39":[0,0],"40":[0,0,0],"41":[0,0],"42":[0,0],"43":[0,0],"44":[0,0],"45":[0,0]}}
,"C:\\Users\\Alyssin\\estudio_criacao\\consortho\\prototipos\\radio\\radio.js": {"path":"C:\\Users\\Alyssin\\estudio_criacao\\consortho\\prototipos\\radio\\radio.js","statementMap":{"0":{"start":{"line":1,"column":11},"end":{"line":1,"column":24}},"1":{"start":{"line":2,"column":13},"end":{"line":2,"column":28}},"2":{"start":{"line":5,"column":20},"end":{"line":5,"column":69}},"3":{"start":{"line":6,"column":20},"end":{"line":6,"column":61}},"4":{"start":{"line":7,"column":19},"end":{"line":7,"column":55}},"5":{"start":{"line":10,"column":0},"end":{"line":12,"column":1}},"6":{"start":{"line":11,"column":2},"end":{"line":11,"column":48}},"7":{"start":{"line":16,"column":0},"end":{"line":21,"column":1}},"8":{"start":{"line":17,"column":2},"end":{"line":17,"column":60}},"9":{"start":{"line":19,"column":2},"end":{"line":19,"column":55}},"10":{"start":{"line":20,"column":2},"end":{"line":20,"column":18}},"11":{"start":{"line":25,"column":0},"end":{"line":30,"column":1}},"12":{"start":{"line":26,"column":2},"end":{"line":26,"column":60}},"13":{"start":{"line":28,"column":2},"end":{"line":28,"column":55}},"14":{"start":{"line":29,"column":2},"end":{"line":29,"column":18}},"15":{"start":{"line":34,"column":2},"end":{"line":34,"column":53}},"16":{"start":{"line":38,"column":2},"end":{"line":38,"column":88}},"17":{"start":{"line":42,"column":2},"end":{"line":42,"column":23}},"18":{"start":{"line":46,"column":2},"end":{"line":46,"column":65}},"19":{"start":{"line":50,"column":2},"end":{"line":50,"column":34}},"20":{"start":{"line":55,"column":15},"end":{"line":55,"column":22}},"21":{"start":{"line":56,"column":16},"end":{"line":56,"column":28}},"22":{"start":{"line":57,"column":14},"end":{"line":57,"column":24}},"23":{"start":{"line":58,"column":17},"end":{"line":58,"column":30}},"24":{"start":{"line":61,"column":20},"end":{"line":61,"column":48}},"25":{"start":{"line":62,"column":18},"end":{"line":62,"column":39}},"26":{"start":{"line":65,"column":20},"end":{"line":81,"column":3}},"27":{"start":{"line":83,"column":19},"end":{"line":83,"column":49}},"28":{"start":{"line":84,"column":18},"end":{"line":88,"column":12}},"29":{"start":{"line":90,"column":2},"end":{"line":90,"column":67}},"30":{"start":{"line":94,"column":20},"end":{"line":94,"column":38}},"31":{"start":{"line":97,"column":18},"end":{"line":97,"column":77}},"32":{"start":{"line":98,"column":17},"end":{"line":98,"column":47}},"33":{"start":{"line":99,"column":17},"end":{"line":99,"column":48}},"34":{"start":{"line":101,"column":0},"end":{"line":101,"column":48}},"35":{"start":{"line":103,"column":0},"end":{"line":103,"column":49}},"36":{"start":{"line":104,"column":0},"end":{"line":104,"column":33}},"37":{"start":{"line":107,"column":16},"end":{"line":107,"column":49}},"38":{"start":{"line":108,"column":17},"end":{"line":108,"column":65}},"39":{"start":{"line":109,"column":0},"end":{"line":109,"column":45}}},"fnMap":{"0":{"name":"randomPick","decl":{"start":{"line":33,"column":9},"end":{"line":33,"column":19}},"loc":{"start":{"line":33,"column":25},"end":{"line":35,"column":1}},"line":33},"1":{"name":"agora","decl":{"start":{"line":37,"column":9},"end":{"line":37,"column":14}},"loc":{"start":{"line":37,"column":17},"end":{"line":39,"column":1}},"line":37},"2":{"name":"cicloAtual","decl":{"start":{"line":41,"column":9},"end":{"line":41,"column":19}},"loc":{"start":{"line":41,"column":22},"end":{"line":43,"column":1}},"line":41},"3":{"name":"recursos","decl":{"start":{"line":45,"column":9},"end":{"line":45,"column":17}},"loc":{"start":{"line":45,"column":20},"end":{"line":47,"column":1}},"line":45},"4":{"name":"construcoes","decl":{"start":{"line":49,"column":9},"end":{"line":49,"column":20}},"loc":{"start":{"line":49,"column":23},"end":{"line":51,"column":1}},"line":49},"5":{"name":"gerarTransmissao","decl":{"start":{"line":54,"column":9},"end":{"line":54,"column":25}},"loc":{"start":{"line":54,"column":28},"end":{"line":91,"column":1}},"line":54}},"branchMap":{"0":{"loc":{"start":{"line":10,"column":0},"end":{"line":12,"column":1}},"type":"if","locations":[{"start":{"line":10,"column":0},"end":{"line":12,"column":1}},{"start":{},"end":{}}],"line":10},"1":{"loc":{"start":{"line":42,"column":9},"end":{"line":42,"column":22}},"type":"binary-expr","locations":[{"start":{"line":42,"column":9},"end":{"line":42,"column":17}},{"start":{"line":42,"column":21},"end":{"line":42,"column":22}}],"line":42},"2":{"loc":{"start":{"line":46,"column":9},"end":{"line":46,"column":64}},"type":"binary-expr","locations":[{"start":{"line":46,"column":9},"end":{"line":46,"column":24}},{"start":{"line":46,"column":28},"end":{"line":46,"column":64}}],"line":46},"3":{"loc":{"start":{"line":50,"column":9},"end":{"line":50,"column":33}},"type":"binary-expr","locations":[{"start":{"line":50,"column":9},"end":{"line":50,"column":27}},{"start":{"line":50,"column":31},"end":{"line":50,"column":33}}],"line":50}},"s":{"0":0,"1":0,"2":0,"3":0,"4":0,"5":0,"6":0,"7":0,"8":0,"9":0,"10":0,"11":0,"12":0,"13":0,"14":0,"15":0,"16":0,"17":0,"18":0,"19":0,"20":0,"21":0,"22":0,"23":0,"24":0,"25":0,"26":0,"27":0,"28":0,"29":0,"30":0,"31":0,"32":0,"33":0,"34":0,"35":0,"36":0,"37":0,"38":0,"39":0},"f":{"0":0,"1":0,"2":0,"3":0,"4":0,"5":0},"b":{"0":[0,0],"1":[0,0],"2":[0,0],"3":[0,0]}}
,"C:\\Users\\Alyssin\\estudio_criacao\\consortho\\prototipos\\sonhador\\sonhador.js": {"path":"C:\\Users\\Alyssin\\estudio_criacao\\consortho\\prototipos\\sonhador\\sonhador.js","statementMap":{"0":{"start":{"line":8,"column":11},"end":{"line":8,"column":24}},"1":{"start":{"line":9,"column":13},"end":{"line":9,"column":28}},"2":{"start":{"line":11,"column":20},"end":{"line":11,"column":90}},"3":{"start":{"line":12,"column":20},"end":{"line":12,"column":81}},"4":{"start":{"line":13,"column":20},"end":{"line":13,"column":90}},"5":{"start":{"line":14,"column":17},"end":{"line":14,"column":53}},"6":{"start":{"line":15,"column":20},"end":{"line":15,"column":90}},"7":{"start":{"line":18,"column":16},"end":{"line":18,"column":56}},"8":{"start":{"line":19,"column":2},"end":{"line":19,"column":37}},"9":{"start":{"line":20,"column":2},"end":{"line":20,"column":28}},"10":{"start":{"line":24,"column":2},"end":{"line":28,"column":3}},"11":{"start":{"line":25,"column":4},"end":{"line":25,"column":56}},"12":{"start":{"line":27,"column":4},"end":{"line":27,"column":20}},"13":{"start":{"line":32,"column":2},"end":{"line":32,"column":60}},"14":{"start":{"line":36,"column":15},"end":{"line":36,"column":87}},"15":{"start":{"line":38,"column":26},"end":{"line":43,"column":1}},"16":{"start":{"line":45,"column":20},"end":{"line":56,"column":1}},"17":{"start":{"line":59,"column":15},"end":{"line":59,"column":28}},"18":{"start":{"line":60,"column":14},"end":{"line":60,"column":16}},"19":{"start":{"line":62,"column":2},"end":{"line":125,"column":3}},"20":{"start":{"line":64,"column":17},"end":{"line":64,"column":76}},"21":{"start":{"line":65,"column":18},"end":{"line":65,"column":89}},"22":{"start":{"line":66,"column":4},"end":{"line":71,"column":6}},"23":{"start":{"line":72,"column":9},"end":{"line":125,"column":3}},"24":{"start":{"line":74,"column":18},"end":{"line":84,"column":5}},"25":{"start":{"line":85,"column":4},"end":{"line":90,"column":6}},"26":{"start":{"line":91,"column":9},"end":{"line":125,"column":3}},"27":{"start":{"line":93,"column":19},"end":{"line":100,"column":5}},"28":{"start":{"line":101,"column":4},"end":{"line":106,"column":6}},"29":{"start":{"line":109,"column":28},"end":{"line":118,"column":5}},"30":{"start":{"line":119,"column":4},"end":{"line":124,"column":6}},"31":{"start":{"line":127,"column":2},"end":{"line":127,"column":15}},"32":{"start":{"line":131,"column":2},"end":{"line":131,"column":35}},"33":{"start":{"line":133,"column":17},"end":{"line":133,"column":47}},"34":{"start":{"line":134,"column":15},"end":{"line":134,"column":51}},"35":{"start":{"line":137,"column":20},"end":{"line":137,"column":53}},"36":{"start":{"line":138,"column":22},"end":{"line":138,"column":24}},"37":{"start":{"line":140,"column":2},"end":{"line":150,"column":3}},"38":{"start":{"line":140,"column":15},"end":{"line":140,"column":16}},"39":{"start":{"line":141,"column":18},"end":{"line":141,"column":30}},"40":{"start":{"line":142,"column":4},"end":{"line":142,"column":42}},"41":{"start":{"line":143,"column":4},"end":{"line":143,"column":32}},"42":{"start":{"line":144,"column":4},"end":{"line":144,"column":47}},"43":{"start":{"line":145,"column":4},"end":{"line":145,"column":28}},"44":{"start":{"line":146,"column":4},"end":{"line":146,"column":36}},"45":{"start":{"line":147,"column":4},"end":{"line":147,"column":28}},"46":{"start":{"line":148,"column":4},"end":{"line":148,"column":30}},"47":{"start":{"line":149,"column":4},"end":{"line":149,"column":80}},"48":{"start":{"line":153,"column":2},"end":{"line":155,"column":3}},"49":{"start":{"line":154,"column":4},"end":{"line":154,"column":46}},"50":{"start":{"line":158,"column":24},"end":{"line":162,"column":3}},"51":{"start":{"line":159,"column":4},"end":{"line":161,"column":31}},"52":{"start":{"line":164,"column":2},"end":{"line":173,"column":3}},"53":{"start":{"line":165,"column":4},"end":{"line":165,"column":30}},"54":{"start":{"line":166,"column":4},"end":{"line":166,"column":112}},"55":{"start":{"line":169,"column":4},"end":{"line":172,"column":5}},"56":{"start":{"line":170,"column":6},"end":{"line":170,"column":31}},"57":{"start":{"line":171,"column":6},"end":{"line":171,"column":56}},"58":{"start":{"line":176,"column":22},"end":{"line":176,"column":42}},"59":{"start":{"line":177,"column":21},"end":{"line":177,"column":66}},"60":{"start":{"line":177,"column":47},"end":{"line":177,"column":58}},"61":{"start":{"line":178,"column":18},"end":{"line":178,"column":20}},"62":{"start":{"line":179,"column":2},"end":{"line":181,"column":3}},"63":{"start":{"line":180,"column":4},"end":{"line":180,"column":49}},"64":{"start":{"line":183,"column":2},"end":{"line":183,"column":54}},"65":{"start":{"line":184,"column":2},"end":{"line":184,"column":100}},"66":{"start":{"line":185,"column":2},"end":{"line":185,"column":49}},"67":{"start":{"line":186,"column":2},"end":{"line":186,"column":64}},"68":{"start":{"line":188,"column":2},"end":{"line":188,"column":36}},"69":{"start":{"line":190,"column":2},"end":{"line":190,"column":37}},"70":{"start":{"line":191,"column":2},"end":{"line":197,"column":4}},"71":{"start":{"line":200,"column":0},"end":{"line":202,"column":1}},"72":{"start":{"line":201,"column":2},"end":{"line":201,"column":13}},"73":{"start":{"line":204,"column":0},"end":{"line":204,"column":42}}},"fnMap":{"0":{"name":"log","decl":{"start":{"line":17,"column":9},"end":{"line":17,"column":12}},"loc":{"start":{"line":17,"column":18},"end":{"line":21,"column":1}},"line":17},"1":{"name":"lerJSON","decl":{"start":{"line":23,"column":9},"end":{"line":23,"column":16}},"loc":{"start":{"line":23,"column":41},"end":{"line":29,"column":1}},"line":23},"2":{"name":"escreverJSON","decl":{"start":{"line":31,"column":9},"end":{"line":31,"column":21}},"loc":{"start":{"line":31,"column":38},"end":{"line":33,"column":1}},"line":31},"3":{"name":"gerarSonho","decl":{"start":{"line":58,"column":9},"end":{"line":58,"column":19}},"loc":{"start":{"line":58,"column":22},"end":{"line":128,"column":1}},"line":58},"4":{"name":"sonhador","decl":{"start":{"line":130,"column":9},"end":{"line":130,"column":17}},"loc":{"start":{"line":130,"column":20},"end":{"line":198,"column":1}},"line":130},"5":{"name":"(anonymous_5)","decl":{"start":{"line":158,"column":45},"end":{"line":158,"column":46}},"loc":{"start":{"line":159,"column":4},"end":{"line":161,"column":31}},"line":159},"6":{"name":"(anonymous_6)","decl":{"start":{"line":177,"column":42},"end":{"line":177,"column":43}},"loc":{"start":{"line":177,"column":47},"end":{"line":177,"column":58}},"line":177}},"branchMap":{"0":{"loc":{"start":{"line":23,"column":26},"end":{"line":23,"column":39}},"type":"default-arg","locations":[{"start":{"line":23,"column":37},"end":{"line":23,"column":39}}],"line":23},"1":{"loc":{"start":{"line":39,"column":6},"end":{"line":39,"column":25}},"type":"binary-expr","locations":[{"start":{"line":39,"column":6},"end":{"line":39,"column":19}},{"start":{"line":39,"column":23},"end":{"line":39,"column":25}}],"line":39},"2":{"loc":{"start":{"line":62,"column":2},"end":{"line":125,"column":3}},"type":"if","locations":[{"start":{"line":62,"column":2},"end":{"line":125,"column":3}},{"start":{"line":72,"column":9},"end":{"line":125,"column":3}}],"line":62},"3":{"loc":{"start":{"line":72,"column":9},"end":{"line":125,"column":3}},"type":"if","locations":[{"start":{"line":72,"column":9},"end":{"line":125,"column":3}},{"start":{"line":91,"column":9},"end":{"line":125,"column":3}}],"line":72},"4":{"loc":{"start":{"line":91,"column":9},"end":{"line":125,"column":3}},"type":"if","locations":[{"start":{"line":91,"column":9},"end":{"line":125,"column":3}},{"start":{"line":107,"column":9},"end":{"line":125,"column":3}}],"line":91},"5":{"loc":{"start":{"line":143,"column":18},"end":{"line":143,"column":31}},"type":"binary-expr","locations":[{"start":{"line":143,"column":18},"end":{"line":143,"column":26}},{"start":{"line":143,"column":30},"end":{"line":143,"column":31}}],"line":143},"6":{"loc":{"start":{"line":153,"column":2},"end":{"line":155,"column":3}},"type":"if","locations":[{"start":{"line":153,"column":2},"end":{"line":155,"column":3}},{"start":{},"end":{}}],"line":153},"7":{"loc":{"start":{"line":159,"column":4},"end":{"line":161,"column":31}},"type":"binary-expr","locations":[{"start":{"line":159,"column":4},"end":{"line":159,"column":16}},{"start":{"line":160,"column":4},"end":{"line":160,"column":37}},{"start":{"line":161,"column":4},"end":{"line":161,"column":31}}],"line":159},"8":{"loc":{"start":{"line":160,"column":17},"end":{"line":160,"column":29}},"type":"binary-expr","locations":[{"start":{"line":160,"column":17},"end":{"line":160,"column":24}},{"start":{"line":160,"column":28},"end":{"line":160,"column":29}}],"line":160},"9":{"loc":{"start":{"line":169,"column":4},"end":{"line":172,"column":5}},"type":"if","locations":[{"start":{"line":169,"column":4},"end":{"line":172,"column":5}},{"start":{},"end":{}}],"line":169},"10":{"loc":{"start":{"line":169,"column":8},"end":{"line":169,"column":67}},"type":"binary-expr","locations":[{"start":{"line":169,"column":8},"end":{"line":169,"column":35}},{"start":{"line":169,"column":39},"end":{"line":169,"column":67}}],"line":169},"11":{"loc":{"start":{"line":180,"column":23},"end":{"line":180,"column":43}},"type":"binary-expr","locations":[{"start":{"line":180,"column":23},"end":{"line":180,"column":38}},{"start":{"line":180,"column":42},"end":{"line":180,"column":43}}],"line":180},"12":{"loc":{"start":{"line":200,"column":0},"end":{"line":202,"column":1}},"type":"if","locations":[{"start":{"line":200,"column":0},"end":{"line":202,"column":1}},{"start":{},"end":{}}],"line":200}},"s":{"0":0,"1":0,"2":0,"3":0,"4":0,"5":0,"6":0,"7":0,"8":0,"9":0,"10":0,"11":0,"12":0,"13":0,"14":0,"15":0,"16":0,"17":0,"18":0,"19":0,"20":0,"21":0,"22":0,"23":0,"24":0,"25":0,"26":0,"27":0,"28":0,"29":0,"30":0,"31":0,"32":0,"33":0,"34":0,"35":0,"36":0,"37":0,"38":0,"39":0,"40":0,"41":0,"42":0,"43":0,"44":0,"45":0,"46":0,"47":0,"48":0,"49":0,"50":0,"51":0,"52":0,"53":0,"54":0,"55":0,"56":0,"57":0,"58":0,"59":0,"60":0,"61":0,"62":0,"63":0,"64":0,"65":0,"66":0,"67":0,"68":0,"69":0,"70":0,"71":0,"72":0,"73":0},"f":{"0":0,"1":0,"2":0,"3":0,"4":0,"5":0,"6":0},"b":{"0":[0],"1":[0,0],"2":[0,0],"3":[0,0],"4":[0,0],"5":[0,0],"6":[0,0],"7":[0,0,0],"8":[0,0],"9":[0,0],"10":[0,0],"11":[0,0],"12":[0,0]}}
}
