TN:
SF:server.js
FN:94,(anonymous_0)
FN:117,initializeDiamondProtocol
FN:126,(anonymous_2)
FN:148,initializeNewSystems
FN:273,(anonymous_4)
FN:298,(anonymous_5)
FN:306,save
FN:337,(anonymous_7)
FN:350,agora
FN:352,tempoAtras
FN:378,emitPublico
FN:385,emitSussurro
FN:395,emitSistema
FN:402,broadcastPlayers
FN:403,(anonymous_14)
FN:414,broadcastPosicoes
FN:420,(anonymous_16)
FN:421,(anonymous_17)
FN:431,(anonymous_18)
FN:443,(anonymous_19)
FN:444,(anonymous_20)
FN:468,(anonymous_21)
FN:472,(anonymous_22)
FN:476,(anonymous_23)
FN:481,(anonymous_24)
FN:487,(anonymous_25)
FN:492,(anonymous_26)
FN:496,(anonymous_27)
FN:500,(anonymous_28)
FN:510,(anonymous_29)
FN:514,(anonymous_30)
FN:520,(anonymous_31)
FN:524,(anonymous_32)
FN:528,(anonymous_33)
FN:533,(anonymous_34)
FN:537,(anonymous_35)
FN:541,(anonymous_36)
FN:545,(anonymous_37)
FN:549,(anonymous_38)
FN:553,(anonymous_39)
FN:557,(anonymous_40)
FN:562,(anonymous_41)
FN:568,(anonymous_42)
FN:574,(anonymous_43)
FN:579,(anonymous_44)
FN:585,(anonymous_45)
FN:590,(anonymous_46)
FN:594,(anonymous_47)
FN:598,(anonymous_48)
FN:602,(anonymous_49)
FN:606,(anonymous_50)
FN:611,(anonymous_51)
FN:617,(anonymous_52)
FN:622,(anonymous_53)
FN:628,(anonymous_54)
FN:635,(anonymous_55)
FN:639,(anonymous_56)
FN:650,(anonymous_57)
FN:654,(anonymous_58)
FN:660,(anonymous_59)
FN:664,(anonymous_60)
FN:668,(anonymous_61)
FN:672,(anonymous_62)
FN:677,(anonymous_63)
FN:682,(anonymous_64)
FN:686,(anonymous_65)
FN:690,(anonymous_66)
FN:700,(anonymous_67)
FN:710,(anonymous_68)
FN:721,(anonymous_69)
FN:725,(anonymous_70)
FN:730,(anonymous_71)
FN:739,(anonymous_72)
FN:744,(anonymous_73)
FN:749,(anonymous_74)
FN:755,(anonymous_75)
FN:759,(anonymous_76)
FN:763,(anonymous_77)
FN:768,(anonymous_78)
FN:772,(anonymous_79)
FN:777,(anonymous_80)
FN:781,(anonymous_81)
FN:785,(anonymous_82)
FN:791,(anonymous_83)
FN:801,(anonymous_84)
FN:810,(anonymous_85)
FN:819,(anonymous_86)
FN:828,(anonymous_87)
FN:838,(anonymous_88)
FN:905,(anonymous_89)
FN:918,(anonymous_90)
FN:932,(anonymous_91)
FN:954,(anonymous_92)
FN:964,(anonymous_93)
FN:971,(anonymous_94)
FN:981,(anonymous_95)
FN:983,(anonymous_96)
FN:984,(anonymous_97)
FN:988,(anonymous_98)
FN:994,(anonymous_99)
FN:1052,(anonymous_100)
FN:1063,(anonymous_101)
FN:1074,(anonymous_102)
FN:1096,(anonymous_103)
FN:1101,(anonymous_104)
FN:1106,(anonymous_105)
FN:1118,(anonymous_106)
FN:1129,(anonymous_107)
FN:1135,(anonymous_108)
FN:1141,(anonymous_109)
FN:1151,(anonymous_110)
FN:1156,(anonymous_111)
FN:1163,(anonymous_112)
FN:1170,(anonymous_113)
FN:1176,(anonymous_114)
FN:1181,(anonymous_115)
FN:1186,(anonymous_116)
FN:1191,(anonymous_117)
FN:1196,(anonymous_118)
FN:1201,(anonymous_119)
FN:1206,(anonymous_120)
FN:1211,(anonymous_121)
FN:1216,(anonymous_122)
FN:1221,(anonymous_123)
FN:1226,(anonymous_124)
FN:1231,(anonymous_125)
FN:1237,(anonymous_126)
FN:1243,(anonymous_127)
FN:1250,(anonymous_128)
FN:1256,(anonymous_129)
FN:1262,(anonymous_130)
FN:1268,(anonymous_131)
FN:1274,(anonymous_132)
FN:1283,(anonymous_133)
FN:1294,(anonymous_134)
FN:1320,(anonymous_135)
FN:1334,(anonymous_136)
FN:1350,(anonymous_137)
FN:1356,(anonymous_138)
FN:1367,(anonymous_139)
FN:1376,(anonymous_140)
FN:1389,buildEntitiesState
FN:1407,(anonymous_142)
FN:1442,broadcastEntitiesState
FN:1448,broadcastEntityUpdate
FN:1453,broadcastActivity
FN:1458,processarInteracoesAutomaticas
FN:1475,(anonymous_147)
FN:1498,(anonymous_148)
FN:1506,(anonymous_149)
FN:1532,initializeAllSystems
FN:1576,initializeDreamIncubator
FN:1590,(anonymous_152)
FN:1600,scheduleDreamCycles
FN:1622,(anonymous_154)
FN:1631,checkAutoStartCondition
FN:1641,startDreamCycle
FN:1692,runDreamProcessing
FN:1725,(anonymous_158)
FN:1732,exploreMultiverseBranches
FN:1756,mutateDNATowardIntention
FN:1778,seedTemporalEchoes
FN:1793,entangleQuantumCircuit
FN:1808,pulseCosmicBeacon
FN:1822,optimizeSubstrate
FN:1842,checkBubbleNucleation
FN:1857,evolveAgentsInDream
FN:1880,saveDreamResults
FN:1916,(anonymous_168)
FN:1940,(anonymous_169)
FN:1961,(anonymous_170)
FN:1970,(anonymous_171)
FNF:172
FNH:0
FNDA:0,(anonymous_0)
FNDA:0,initializeDiamondProtocol
FNDA:0,(anonymous_2)
FNDA:0,initializeNewSystems
FNDA:0,(anonymous_4)
FNDA:0,(anonymous_5)
FNDA:0,save
FNDA:0,(anonymous_7)
FNDA:0,agora
FNDA:0,tempoAtras
FNDA:0,emitPublico
FNDA:0,emitSussurro
FNDA:0,emitSistema
FNDA:0,broadcastPlayers
FNDA:0,(anonymous_14)
FNDA:0,broadcastPosicoes
FNDA:0,(anonymous_16)
FNDA:0,(anonymous_17)
FNDA:0,(anonymous_18)
FNDA:0,(anonymous_19)
FNDA:0,(anonymous_20)
FNDA:0,(anonymous_21)
FNDA:0,(anonymous_22)
FNDA:0,(anonymous_23)
FNDA:0,(anonymous_24)
FNDA:0,(anonymous_25)
FNDA:0,(anonymous_26)
FNDA:0,(anonymous_27)
FNDA:0,(anonymous_28)
FNDA:0,(anonymous_29)
FNDA:0,(anonymous_30)
FNDA:0,(anonymous_31)
FNDA:0,(anonymous_32)
FNDA:0,(anonymous_33)
FNDA:0,(anonymous_34)
FNDA:0,(anonymous_35)
FNDA:0,(anonymous_36)
FNDA:0,(anonymous_37)
FNDA:0,(anonymous_38)
FNDA:0,(anonymous_39)
FNDA:0,(anonymous_40)
FNDA:0,(anonymous_41)
FNDA:0,(anonymous_42)
FNDA:0,(anonymous_43)
FNDA:0,(anonymous_44)
FNDA:0,(anonymous_45)
FNDA:0,(anonymous_46)
FNDA:0,(anonymous_47)
FNDA:0,(anonymous_48)
FNDA:0,(anonymous_49)
FNDA:0,(anonymous_50)
FNDA:0,(anonymous_51)
FNDA:0,(anonymous_52)
FNDA:0,(anonymous_53)
FNDA:0,(anonymous_54)
FNDA:0,(anonymous_55)
FNDA:0,(anonymous_56)
FNDA:0,(anonymous_57)
FNDA:0,(anonymous_58)
FNDA:0,(anonymous_59)
FNDA:0,(anonymous_60)
FNDA:0,(anonymous_61)
FNDA:0,(anonymous_62)
FNDA:0,(anonymous_63)
FNDA:0,(anonymous_64)
FNDA:0,(anonymous_65)
FNDA:0,(anonymous_66)
FNDA:0,(anonymous_67)
FNDA:0,(anonymous_68)
FNDA:0,(anonymous_69)
FNDA:0,(anonymous_70)
FNDA:0,(anonymous_71)
FNDA:0,(anonymous_72)
FNDA:0,(anonymous_73)
FNDA:0,(anonymous_74)
FNDA:0,(anonymous_75)
FNDA:0,(anonymous_76)
FNDA:0,(anonymous_77)
FNDA:0,(anonymous_78)
FNDA:0,(anonymous_79)
FNDA:0,(anonymous_80)
FNDA:0,(anonymous_81)
FNDA:0,(anonymous_82)
FNDA:0,(anonymous_83)
FNDA:0,(anonymous_84)
FNDA:0,(anonymous_85)
FNDA:0,(anonymous_86)
FNDA:0,(anonymous_87)
FNDA:0,(anonymous_88)
FNDA:0,(anonymous_89)
FNDA:0,(anonymous_90)
FNDA:0,(anonymous_91)
FNDA:0,(anonymous_92)
FNDA:0,(anonymous_93)
FNDA:0,(anonymous_94)
FNDA:0,(anonymous_95)
FNDA:0,(anonymous_96)
FNDA:0,(anonymous_97)
FNDA:0,(anonymous_98)
FNDA:0,(anonymous_99)
FNDA:0,(anonymous_100)
FNDA:0,(anonymous_101)
FNDA:0,(anonymous_102)
FNDA:0,(anonymous_103)
FNDA:0,(anonymous_104)
FNDA:0,(anonymous_105)
FNDA:0,(anonymous_106)
FNDA:0,(anonymous_107)
FNDA:0,(anonymous_108)
FNDA:0,(anonymous_109)
FNDA:0,(anonymous_110)
FNDA:0,(anonymous_111)
FNDA:0,(anonymous_112)
FNDA:0,(anonymous_113)
FNDA:0,(anonymous_114)
FNDA:0,(anonymous_115)
FNDA:0,(anonymous_116)
FNDA:0,(anonymous_117)
FNDA:0,(anonymous_118)
FNDA:0,(anonymous_119)
FNDA:0,(anonymous_120)
FNDA:0,(anonymous_121)
FNDA:0,(anonymous_122)
FNDA:0,(anonymous_123)
FNDA:0,(anonymous_124)
FNDA:0,(anonymous_125)
FNDA:0,(anonymous_126)
FNDA:0,(anonymous_127)
FNDA:0,(anonymous_128)
FNDA:0,(anonymous_129)
FNDA:0,(anonymous_130)
FNDA:0,(anonymous_131)
FNDA:0,(anonymous_132)
FNDA:0,(anonymous_133)
FNDA:0,(anonymous_134)
FNDA:0,(anonymous_135)
FNDA:0,(anonymous_136)
FNDA:0,(anonymous_137)
FNDA:0,(anonymous_138)
FNDA:0,(anonymous_139)
FNDA:0,(anonymous_140)
FNDA:0,buildEntitiesState
FNDA:0,(anonymous_142)
FNDA:0,broadcastEntitiesState
FNDA:0,broadcastEntityUpdate
FNDA:0,broadcastActivity
FNDA:0,processarInteracoesAutomaticas
FNDA:0,(anonymous_147)
FNDA:0,(anonymous_148)
FNDA:0,(anonymous_149)
FNDA:0,initializeAllSystems
FNDA:0,initializeDreamIncubator
FNDA:0,(anonymous_152)
FNDA:0,scheduleDreamCycles
FNDA:0,(anonymous_154)
FNDA:0,checkAutoStartCondition
FNDA:0,startDreamCycle
FNDA:0,runDreamProcessing
FNDA:0,(anonymous_158)
FNDA:0,exploreMultiverseBranches
FNDA:0,mutateDNATowardIntention
FNDA:0,seedTemporalEchoes
FNDA:0,entangleQuantumCircuit
FNDA:0,pulseCosmicBeacon
FNDA:0,optimizeSubstrate
FNDA:0,checkBubbleNucleation
FNDA:0,evolveAgentsInDream
FNDA:0,saveDreamResults
FNDA:0,(anonymous_168)
FNDA:0,(anonymous_169)
FNDA:0,(anonymous_170)
FNDA:0,(anonymous_171)
DA:1,0
DA:2,0
DA:3,0
DA:4,0
DA:5,0
DA:6,0
DA:7,0
DA:8,0
DA:11,0
DA:12,0
DA:13,0
DA:14,0
DA:15,0
DA:16,0
DA:17,0
DA:18,0
DA:19,0
DA:20,0
DA:23,0
DA:24,0
DA:25,0
DA:26,0
DA:27,0
DA:28,0
DA:29,0
DA:30,0
DA:31,0
DA:32,0
DA:33,0
DA:35,0
DA:36,0
DA:37,0
DA:39,0
DA:40,0
DA:41,0
DA:42,0
DA:43,0
DA:46,0
DA:71,0
DA:72,0
DA:73,0
DA:74,0
DA:75,0
DA:76,0
DA:77,0
DA:78,0
DA:79,0
DA:80,0
DA:82,0
DA:83,0
DA:84,0
DA:85,0
DA:87,0
DA:88,0
DA:89,0
DA:90,0
DA:91,0
DA:93,0
DA:94,0
DA:101,0
DA:102,0
DA:103,0
DA:104,0
DA:105,0
DA:108,0
DA:111,0
DA:118,0
DA:120,0
DA:121,0
DA:126,0
DA:127,0
DA:131,0
DA:136,0
DA:137,0
DA:138,0
DA:139,0
DA:140,0
DA:141,0
DA:142,0
DA:143,0
DA:144,0
DA:145,0
DA:146,0
DA:149,0
DA:151,0
DA:155,0
DA:158,0
DA:159,0
DA:160,0
DA:163,0
DA:164,0
DA:165,0
DA:168,0
DA:169,0
DA:170,0
DA:173,0
DA:181,0
DA:182,0
DA:185,0
DA:194,0
DA:195,0
DA:198,0
DA:209,0
DA:210,0
DA:211,0
DA:214,0
DA:225,0
DA:226,0
DA:229,0
DA:250,0
DA:251,0
DA:252,0
DA:253,0
DA:255,0
DA:259,0
DA:260,0
DA:261,0
DA:273,0
DA:274,0
DA:277,0
DA:279,0
DA:283,0
DA:284,0
DA:285,0
DA:286,0
DA:287,0
DA:289,0
DA:293,0
DA:298,0
DA:299,0
DA:300,0
DA:301,0
DA:307,0
DA:320,0
DA:321,0
DA:322,0
DA:323,0
DA:324,0
DA:327,0
DA:328,0
DA:329,0
DA:331,0
DA:337,0
DA:338,0
DA:339,0
DA:340,0
DA:341,0
DA:342,0
DA:343,0
DA:344,0
DA:345,0
DA:350,0
DA:353,0
DA:354,0
DA:355,0
DA:356,0
DA:357,0
DA:358,0
DA:359,0
DA:360,0
DA:361,0
DA:362,0
DA:363,0
DA:364,0
DA:368,0
DA:371,0
DA:374,0
DA:375,0
DA:379,0
DA:380,0
DA:381,0
DA:382,0
DA:386,0
DA:387,0
DA:388,0
DA:389,0
DA:390,0
DA:391,0
DA:392,0
DA:396,0
DA:397,0
DA:398,0
DA:399,0
DA:403,0
DA:410,0
DA:411,0
DA:415,0
DA:419,0
DA:420,0
DA:421,0
DA:424,0
DA:426,0
DA:429,0
DA:431,0
DA:432,0
DA:443,0
DA:444,0
DA:445,0
DA:446,0
DA:447,0
DA:448,0
DA:450,0
DA:468,0
DA:469,0
DA:472,0
DA:473,0
DA:476,0
DA:477,0
DA:478,0
DA:481,0
DA:482,0
DA:483,0
DA:487,0
DA:488,0
DA:492,0
DA:493,0
DA:496,0
DA:497,0
DA:500,0
DA:501,0
DA:502,0
DA:503,0
DA:505,0
DA:510,0
DA:511,0
DA:514,0
DA:515,0
DA:516,0
DA:517,0
DA:520,0
DA:521,0
DA:524,0
DA:525,0
DA:528,0
DA:529,0
DA:533,0
DA:534,0
DA:537,0
DA:538,0
DA:541,0
DA:542,0
DA:545,0
DA:546,0
DA:549,0
DA:550,0
DA:553,0
DA:554,0
DA:557,0
DA:558,0
DA:562,0
DA:563,0
DA:564,0
DA:565,0
DA:568,0
DA:569,0
DA:570,0
DA:571,0
DA:574,0
DA:575,0
DA:579,0
DA:580,0
DA:581,0
DA:582,0
DA:585,0
DA:586,0
DA:590,0
DA:591,0
DA:594,0
DA:595,0
DA:598,0
DA:599,0
DA:602,0
DA:603,0
DA:606,0
DA:607,0
DA:608,0
DA:611,0
DA:612,0
DA:613,0
DA:614,0
DA:617,0
DA:618,0
DA:619,0
DA:622,0
DA:623,0
DA:624,0
DA:625,0
DA:628,0
DA:629,0
DA:630,0
DA:631,0
DA:635,0
DA:636,0
DA:639,0
DA:640,0
DA:641,0
DA:642,0
DA:643,0
DA:645,0
DA:650,0
DA:651,0
DA:654,0
DA:655,0
DA:656,0
DA:657,0
DA:660,0
DA:661,0
DA:664,0
DA:665,0
DA:668,0
DA:669,0
DA:672,0
DA:673,0
DA:674,0
DA:677,0
DA:678,0
DA:679,0
DA:682,0
DA:683,0
DA:686,0
DA:687,0
DA:690,0
DA:691,0
DA:692,0
DA:693,0
DA:694,0
DA:696,0
DA:700,0
DA:701,0
DA:702,0
DA:703,0
DA:704,0
DA:706,0
DA:710,0
DA:711,0
DA:712,0
DA:713,0
DA:714,0
DA:716,0
DA:721,0
DA:722,0
DA:725,0
DA:726,0
DA:727,0
DA:730,0
DA:731,0
DA:732,0
DA:733,0
DA:735,0
DA:739,0
DA:740,0
DA:741,0
DA:744,0
DA:745,0
DA:746,0
DA:749,0
DA:750,0
DA:751,0
DA:755,0
DA:756,0
DA:759,0
DA:760,0
DA:763,0
DA:764,0
DA:765,0
DA:768,0
DA:769,0
DA:772,0
DA:773,0
DA:777,0
DA:778,0
DA:781,0
DA:782,0
DA:785,0
DA:786,0
DA:787,0
DA:788,0
DA:791,0
DA:792,0
DA:793,0
DA:794,0
DA:795,0
DA:797,0
DA:801,0
DA:802,0
DA:803,0
DA:804,0
DA:806,0
DA:810,0
DA:811,0
DA:812,0
DA:813,0
DA:815,0
DA:819,0
DA:820,0
DA:821,0
DA:822,0
DA:824,0
DA:828,0
DA:829,0
DA:830,0
DA:831,0
DA:833,0
DA:838,0
DA:839,0
DA:841,0
DA:844,0
DA:845,0
DA:846,0
DA:847,0
DA:853,0
DA:856,0
DA:857,0
DA:860,0
DA:863,0
DA:866,0
DA:869,0
DA:872,0
DA:875,0
DA:878,0
DA:879,0
DA:881,0
DA:882,0
DA:885,0
DA:888,0
DA:889,0
DA:890,0
DA:891,0
DA:892,0
DA:893,0
DA:895,0
DA:898,0
DA:899,0
DA:900,0
DA:901,0
DA:902,0
DA:905,0
DA:906,0
DA:907,0
DA:908,0
DA:910,0
DA:911,0
DA:912,0
DA:913,0
DA:914,0
DA:915,0
DA:918,0
DA:919,0
DA:920,0
DA:921,0
DA:922,0
DA:924,0
DA:925,0
DA:926,0
DA:927,0
DA:928,0
DA:929,0
DA:932,0
DA:933,0
DA:934,0
DA:935,0
DA:936,0
DA:937,0
DA:938,0
DA:939,0
DA:942,0
DA:954,0
DA:955,0
DA:956,0
DA:957,0
DA:958,0
DA:960,0
DA:964,0
DA:965,0
DA:966,0
DA:967,0
DA:971,0
DA:972,0
DA:973,0
DA:974,0
DA:975,0
DA:976,0
DA:981,0
DA:982,0
DA:983,0
DA:984,0
DA:988,0
DA:989,0
DA:990,0
DA:994,0
DA:995,0
DA:997,0
DA:998,0
DA:999,0
DA:1000,0
DA:1001,0
DA:1003,0
DA:1004,0
DA:1009,0
DA:1015,0
DA:1018,0
DA:1019,0
DA:1020,0
DA:1022,0
DA:1033,0
DA:1035,0
DA:1036,0
DA:1039,0
DA:1040,0
DA:1047,0
DA:1048,0
DA:1052,0
DA:1053,0
DA:1063,0
DA:1064,0
DA:1065,0
DA:1066,0
DA:1067,0
DA:1068,0
DA:1069,0
DA:1074,0
DA:1075,0
DA:1076,0
DA:1077,0
DA:1078,0
DA:1079,0
DA:1080,0
DA:1081,0
DA:1082,0
DA:1085,0
DA:1096,0
DA:1097,0
DA:1098,0
DA:1101,0
DA:1102,0
DA:1103,0
DA:1106,0
DA:1107,0
DA:1108,0
DA:1109,0
DA:1110,0
DA:1111,0
DA:1112,0
DA:1114,0
DA:1115,0
DA:1118,0
DA:1119,0
DA:1120,0
DA:1121,0
DA:1122,0
DA:1123,0
DA:1124,0
DA:1125,0
DA:1126,0
DA:1129,0
DA:1130,0
DA:1131,0
DA:1132,0
DA:1135,0
DA:1136,0
DA:1137,0
DA:1138,0
DA:1141,0
DA:1142,0
DA:1143,0
DA:1144,0
DA:1146,0
DA:1148,0
DA:1151,0
DA:1152,0
DA:1153,0
DA:1156,0
DA:1157,0
DA:1158,0
DA:1163,0
DA:1164,0
DA:1165,0
DA:1166,0
DA:1170,0
DA:1171,0
DA:1172,0
DA:1176,0
DA:1177,0
DA:1178,0
DA:1181,0
DA:1182,0
DA:1183,0
DA:1186,0
DA:1187,0
DA:1188,0
DA:1191,0
DA:1192,0
DA:1193,0
DA:1196,0
DA:1197,0
DA:1198,0
DA:1201,0
DA:1202,0
DA:1203,0
DA:1206,0
DA:1207,0
DA:1208,0
DA:1211,0
DA:1212,0
DA:1213,0
DA:1216,0
DA:1217,0
DA:1218,0
DA:1221,0
DA:1222,0
DA:1223,0
DA:1226,0
DA:1227,0
DA:1228,0
DA:1231,0
DA:1232,0
DA:1233,0
DA:1237,0
DA:1238,0
DA:1239,0
DA:1243,0
DA:1244,0
DA:1245,0
DA:1246,0
DA:1250,0
DA:1251,0
DA:1252,0
DA:1253,0
DA:1256,0
DA:1257,0
DA:1258,0
DA:1259,0
DA:1262,0
DA:1263,0
DA:1264,0
DA:1265,0
DA:1268,0
DA:1269,0
DA:1270,0
DA:1271,0
DA:1274,0
DA:1275,0
DA:1276,0
DA:1277,0
DA:1281,0
DA:1283,0
DA:1284,0
DA:1294,0
DA:1304,0
DA:1311,0
DA:1320,0
DA:1321,0
DA:1322,0
DA:1323,0
DA:1324,0
DA:1326,0
DA:1334,0
DA:1335,0
DA:1336,0
DA:1337,0
DA:1338,0
DA:1341,0
DA:1350,0
DA:1351,0
DA:1352,0
DA:1356,0
DA:1357,0
DA:1358,0
DA:1359,0
DA:1360,0
DA:1367,0
DA:1368,0
DA:1369,0
DA:1370,0
DA:1371,0
DA:1376,0
DA:1377,0
DA:1378,0
DA:1379,0
DA:1383,0
DA:1390,0
DA:1393,0
DA:1407,0
DA:1408,0
DA:1423,0
DA:1424,0
DA:1433,0
DA:1443,0
DA:1444,0
DA:1449,0
DA:1454,0
DA:1459,0
DA:1475,0
DA:1476,0
DA:1477,0
DA:1478,0
DA:1480,0
DA:1485,0
DA:1493,0
DA:1494,0
DA:1495,0
DA:1498,0
DA:1499,0
DA:1500,0
DA:1501,0
DA:1502,0
DA:1506,0
DA:1507,0
DA:1508,0
DA:1509,0
DA:1511,0
DA:1512,0
DA:1513,0
DA:1514,0
DA:1515,0
DA:1516,0
DA:1517,0
DA:1518,0
DA:1521,0
DA:1524,0
DA:1525,0
DA:1526,0
DA:1527,0
DA:1533,0
DA:1534,0
DA:1537,0
DA:1539,0
DA:1540,0
DA:1541,0
DA:1542,0
DA:1543,0
DA:1544,0
DA:1545,0
DA:1546,0
DA:1547,0
DA:1548,0
DA:1551,0
DA:1556,0
DA:1578,0
DA:1579,0
DA:1580,0
DA:1581,0
DA:1582,0
DA:1587,0
DA:1590,0
DA:1591,0
DA:1595,0
DA:1597,0
DA:1601,0
DA:1602,0
DA:1603,0
DA:1604,0
DA:1605,0
DA:1608,0
DA:1609,0
DA:1610,0
DA:1611,0
DA:1613,0
DA:1614,0
DA:1615,0
DA:1618,0
DA:1620,0
DA:1621,0
DA:1622,0
DA:1623,0
DA:1625,0
DA:1627,0
DA:1633,0
DA:1634,0
DA:1635,0
DA:1636,0
DA:1642,0
DA:1644,0
DA:1645,0
DA:1646,0
DA:1647,0
DA:1648,0
DA:1649,0
DA:1650,0
DA:1651,0
DA:1652,0
DA:1653,0
DA:1654,0
DA:1655,0
DA:1656,0
DA:1657,0
DA:1659,0
DA:1662,0
DA:1664,0
DA:1665,0
DA:1668,0
DA:1670,0
DA:1673,0
DA:1693,0
DA:1694,0
DA:1696,0
DA:1697,0
DA:1700,0
DA:1703,0
DA:1706,0
DA:1709,0
DA:1712,0
DA:1715,0
DA:1718,0
DA:1721,0
DA:1724,0
DA:1725,0
DA:1733,0
DA:1734,0
DA:1737,0
DA:1738,0
DA:1746,0
DA:1758,0
DA:1760,0
DA:1761,0
DA:1768,0
DA:1779,0
DA:1780,0
DA:1782,0
DA:1783,0
DA:1794,0
DA:1796,0
DA:1797,0
DA:1810,0
DA:1811,0
DA:1812,0
DA:1823,0
DA:1829,0
DA:1831,0
DA:1832,0
DA:1843,0
DA:1845,0
DA:1846,0
DA:1858,0
DA:1860,0
DA:1861,0
DA:1862,0
DA:1870,0
DA:1871,0
DA:1881,0
DA:1882,0
DA:1884,0
DA:1885,0
DA:1905,0
DA:1906,0
DA:1909,0
DA:1911,0
DA:1916,0
DA:1917,0
DA:1940,0
DA:1941,0
DA:1942,0
DA:1943,0
DA:1946,0
DA:1949,0
DA:1950,0
DA:1951,0
DA:1952,0
DA:1954,0
DA:1957,0
DA:1958,0
DA:1961,0
DA:1962,0
DA:1963,0
DA:1965,0
DA:1966,0
DA:1970,0
LF:867
LH:0
BRDA:43,0,0,0
BRDA:43,0,1,0
BRDA:73,1,0,0
BRDA:73,1,1,0
BRDA:74,2,0,0
BRDA:74,2,1,0
BRDA:75,3,0,0
BRDA:75,3,1,0
BRDA:76,4,0,0
BRDA:76,4,1,0
BRDA:77,5,0,0
BRDA:77,5,1,0
BRDA:78,6,0,0
BRDA:78,6,1,0
BRDA:79,7,0,0
BRDA:79,7,1,0
BRDA:80,8,0,0
BRDA:80,8,1,0
BRDA:82,9,0,0
BRDA:82,9,1,0
BRDA:83,10,0,0
BRDA:83,10,1,0
BRDA:84,11,0,0
BRDA:84,11,1,0
BRDA:85,12,0,0
BRDA:85,12,1,0
BRDA:87,13,0,0
BRDA:87,13,1,0
BRDA:88,14,0,0
BRDA:88,14,1,0
BRDA:89,15,0,0
BRDA:89,15,1,0
BRDA:90,16,0,0
BRDA:90,16,1,0
BRDA:91,17,0,0
BRDA:91,17,1,0
BRDA:93,18,0,0
BRDA:93,18,1,0
BRDA:93,19,0,0
BRDA:93,19,1,0
BRDA:93,19,2,0
BRDA:101,20,0,0
BRDA:101,20,1,0
BRDA:102,21,0,0
BRDA:102,21,1,0
BRDA:103,22,0,0
BRDA:103,22,1,0
BRDA:299,23,0,0
BRDA:299,23,1,0
BRDA:322,24,0,0
BRDA:322,24,1,0
BRDA:340,25,0,0
BRDA:340,25,1,0
BRDA:340,26,0,0
BRDA:340,26,1,0
BRDA:342,27,0,0
BRDA:342,27,1,0
BRDA:343,28,0,0
BRDA:343,28,1,0
BRDA:344,29,0,0
BRDA:344,29,1,0
BRDA:353,30,0,0
BRDA:353,30,1,0
BRDA:361,31,0,0
BRDA:361,31,1,0
BRDA:362,32,0,0
BRDA:362,32,1,0
BRDA:363,33,0,0
BRDA:363,33,1,0
BRDA:390,34,0,0
BRDA:390,34,1,0
BRDA:391,35,0,0
BRDA:391,35,1,0
BRDA:391,36,0,0
BRDA:391,36,1,0
BRDA:407,37,0,0
BRDA:407,37,1,0
BRDA:408,38,0,0
BRDA:408,38,1,0
BRDA:410,39,0,0
BRDA:410,39,1,0
BRDA:410,40,0,0
BRDA:410,40,1,0
BRDA:410,41,0,0
BRDA:410,41,1,0
BRDA:410,42,0,0
BRDA:410,42,1,0
BRDA:444,43,0,0
BRDA:444,43,1,0
BRDA:459,44,0,0
BRDA:459,44,1,0
BRDA:488,45,0,0
BRDA:488,45,1,0
BRDA:493,46,0,0
BRDA:493,46,1,0
BRDA:497,47,0,0
BRDA:497,47,1,0
BRDA:502,48,0,0
BRDA:502,48,1,0
BRDA:511,49,0,0
BRDA:511,49,1,0
BRDA:516,50,0,0
BRDA:516,50,1,0
BRDA:521,51,0,0
BRDA:521,51,1,0
BRDA:525,52,0,0
BRDA:525,52,1,0
BRDA:529,53,0,0
BRDA:529,53,1,0
BRDA:534,54,0,0
BRDA:534,54,1,0
BRDA:538,55,0,0
BRDA:538,55,1,0
BRDA:542,56,0,0
BRDA:542,56,1,0
BRDA:546,57,0,0
BRDA:546,57,1,0
BRDA:550,58,0,0
BRDA:550,58,1,0
BRDA:554,59,0,0
BRDA:554,59,1,0
BRDA:558,60,0,0
BRDA:558,60,1,0
BRDA:564,61,0,0
BRDA:564,61,1,0
BRDA:571,62,0,0
BRDA:571,62,1,0
BRDA:575,63,0,0
BRDA:575,63,1,0
BRDA:582,64,0,0
BRDA:582,64,1,0
BRDA:586,65,0,0
BRDA:586,65,1,0
BRDA:591,66,0,0
BRDA:591,66,1,0
BRDA:595,67,0,0
BRDA:595,67,1,0
BRDA:599,68,0,0
BRDA:599,68,1,0
BRDA:603,69,0,0
BRDA:603,69,1,0
BRDA:608,70,0,0
BRDA:608,70,1,0
BRDA:613,71,0,0
BRDA:613,71,1,0
BRDA:614,72,0,0
BRDA:614,72,1,0
BRDA:619,73,0,0
BRDA:619,73,1,0
BRDA:625,74,0,0
BRDA:625,74,1,0
BRDA:631,75,0,0
BRDA:631,75,1,0
BRDA:636,76,0,0
BRDA:636,76,1,0
BRDA:651,77,0,0
BRDA:651,77,1,0
BRDA:656,78,0,0
BRDA:656,78,1,0
BRDA:661,79,0,0
BRDA:661,79,1,0
BRDA:665,80,0,0
BRDA:665,80,1,0
BRDA:669,81,0,0
BRDA:669,81,1,0
BRDA:673,82,0,0
BRDA:673,82,1,0
BRDA:674,83,0,0
BRDA:674,83,1,0
BRDA:678,84,0,0
BRDA:678,84,1,0
BRDA:679,85,0,0
BRDA:679,85,1,0
BRDA:683,86,0,0
BRDA:683,86,1,0
BRDA:687,87,0,0
BRDA:687,87,1,0
BRDA:694,88,0,0
BRDA:694,88,1,0
BRDA:704,89,0,0
BRDA:704,89,1,0
BRDA:722,90,0,0
BRDA:722,90,1,0
BRDA:726,91,0,0
BRDA:726,91,1,0
BRDA:727,92,0,0
BRDA:727,92,1,0
BRDA:756,93,0,0
BRDA:756,93,1,0
BRDA:760,94,0,0
BRDA:760,94,1,0
BRDA:760,95,0,0
BRDA:760,95,1,0
BRDA:769,96,0,0
BRDA:769,96,1,0
BRDA:773,97,0,0
BRDA:773,97,1,0
BRDA:778,98,0,0
BRDA:778,98,1,0
BRDA:782,99,0,0
BRDA:782,99,1,0
BRDA:787,100,0,0
BRDA:787,100,1,0
BRDA:795,101,0,0
BRDA:795,101,1,0
BRDA:804,102,0,0
BRDA:804,102,1,0
BRDA:813,103,0,0
BRDA:813,103,1,0
BRDA:822,104,0,0
BRDA:822,104,1,0
BRDA:831,105,0,0
BRDA:831,105,1,0
BRDA:863,106,0,0
BRDA:863,106,1,0
BRDA:866,107,0,0
BRDA:866,107,1,0
BRDA:869,108,0,0
BRDA:869,108,1,0
BRDA:872,109,0,0
BRDA:872,109,1,0
BRDA:875,110,0,0
BRDA:875,110,1,0
BRDA:881,111,0,0
BRDA:881,111,1,0
BRDA:881,112,0,0
BRDA:881,112,1,0
BRDA:881,112,2,0
BRDA:882,113,0,0
BRDA:882,113,1,0
BRDA:885,114,0,0
BRDA:885,114,1,0
BRDA:891,115,0,0
BRDA:891,115,1,0
BRDA:906,116,0,0
BRDA:906,116,1,0
BRDA:919,117,0,0
BRDA:919,117,1,0
BRDA:920,118,0,0
BRDA:920,118,1,0
BRDA:920,119,0,0
BRDA:920,119,1,0
BRDA:920,119,2,0
BRDA:933,120,0,0
BRDA:933,120,1,0
BRDA:947,121,0,0
BRDA:947,121,1,0
BRDA:949,122,0,0
BRDA:949,122,1,0
BRDA:955,123,0,0
BRDA:955,123,1,0
BRDA:955,124,0,0
BRDA:955,124,1,0
BRDA:956,125,0,0
BRDA:956,125,1,0
BRDA:957,126,0,0
BRDA:957,126,1,0
BRDA:965,127,0,0
BRDA:965,127,1,0
BRDA:965,128,0,0
BRDA:965,128,1,0
BRDA:966,129,0,0
BRDA:966,129,1,0
BRDA:966,130,0,0
BRDA:966,130,1,0
BRDA:972,131,0,0
BRDA:972,131,1,0
BRDA:972,132,0,0
BRDA:972,132,1,0
BRDA:973,133,0,0
BRDA:973,133,1,0
BRDA:973,134,0,0
BRDA:973,134,1,0
BRDA:989,135,0,0
BRDA:989,135,1,0
BRDA:995,136,0,0
BRDA:995,136,1,0
BRDA:995,137,0,0
BRDA:995,137,1,0
BRDA:999,138,0,0
BRDA:999,138,1,0
BRDA:1000,139,0,0
BRDA:1000,139,1,0
BRDA:1001,140,0,0
BRDA:1001,140,1,0
BRDA:1003,141,0,0
BRDA:1003,141,1,0
BRDA:1025,142,0,0
BRDA:1025,142,1,0
BRDA:1026,143,0,0
BRDA:1026,143,1,0
BRDA:1027,144,0,0
BRDA:1027,144,1,0
BRDA:1028,145,0,0
BRDA:1028,145,1,0
BRDA:1029,146,0,0
BRDA:1029,146,1,0
BRDA:1035,147,0,0
BRDA:1035,147,1,0
BRDA:1035,148,0,0
BRDA:1035,148,1,0
BRDA:1036,149,0,0
BRDA:1036,149,1,0
BRDA:1037,150,0,0
BRDA:1037,150,1,0
BRDA:1037,151,0,0
BRDA:1037,151,1,0
BRDA:1065,152,0,0
BRDA:1065,152,1,0
BRDA:1065,153,0,0
BRDA:1065,153,1,0
BRDA:1068,154,0,0
BRDA:1068,154,1,0
BRDA:1068,155,0,0
BRDA:1068,155,1,0
BRDA:1075,156,0,0
BRDA:1075,156,1,0
BRDA:1079,157,0,0
BRDA:1079,157,1,0
BRDA:1090,158,0,0
BRDA:1090,158,1,0
BRDA:1109,159,0,0
BRDA:1109,159,1,0
BRDA:1110,160,0,0
BRDA:1110,160,1,0
BRDA:1111,161,0,0
BRDA:1111,161,1,0
BRDA:1121,162,0,0
BRDA:1121,162,1,0
BRDA:1131,163,0,0
BRDA:1131,163,1,0
BRDA:1143,164,0,0
BRDA:1143,164,1,0
BRDA:1157,165,0,0
BRDA:1157,165,1,0
BRDA:1164,166,0,0
BRDA:1164,166,1,0
BRDA:1164,167,0,0
BRDA:1164,167,1,0
BRDA:1171,168,0,0
BRDA:1171,168,1,0
BRDA:1171,169,0,0
BRDA:1171,169,1,0
BRDA:1177,170,0,0
BRDA:1177,170,1,0
BRDA:1177,171,0,0
BRDA:1177,171,1,0
BRDA:1182,172,0,0
BRDA:1182,172,1,0
BRDA:1182,173,0,0
BRDA:1182,173,1,0
BRDA:1187,174,0,0
BRDA:1187,174,1,0
BRDA:1187,175,0,0
BRDA:1187,175,1,0
BRDA:1192,176,0,0
BRDA:1192,176,1,0
BRDA:1192,177,0,0
BRDA:1192,177,1,0
BRDA:1197,178,0,0
BRDA:1197,178,1,0
BRDA:1197,179,0,0
BRDA:1197,179,1,0
BRDA:1202,180,0,0
BRDA:1202,180,1,0
BRDA:1202,181,0,0
BRDA:1202,181,1,0
BRDA:1207,182,0,0
BRDA:1207,182,1,0
BRDA:1207,183,0,0
BRDA:1207,183,1,0
BRDA:1212,184,0,0
BRDA:1212,184,1,0
BRDA:1212,185,0,0
BRDA:1212,185,1,0
BRDA:1217,186,0,0
BRDA:1217,186,1,0
BRDA:1217,187,0,0
BRDA:1217,187,1,0
BRDA:1222,188,0,0
BRDA:1222,188,1,0
BRDA:1222,189,0,0
BRDA:1222,189,1,0
BRDA:1227,190,0,0
BRDA:1227,190,1,0
BRDA:1227,191,0,0
BRDA:1227,191,1,0
BRDA:1232,192,0,0
BRDA:1232,192,1,0
BRDA:1232,193,0,0
BRDA:1232,193,1,0
BRDA:1238,194,0,0
BRDA:1238,194,1,0
BRDA:1238,195,0,0
BRDA:1238,195,1,0
BRDA:1244,196,0,0
BRDA:1244,196,1,0
BRDA:1244,197,0,0
BRDA:1244,197,1,0
BRDA:1251,198,0,0
BRDA:1251,198,1,0
BRDA:1251,199,0,0
BRDA:1251,199,1,0
BRDA:1257,200,0,0
BRDA:1257,200,1,0
BRDA:1257,201,0,0
BRDA:1257,201,1,0
BRDA:1258,202,0,0
BRDA:1258,202,1,0
BRDA:1263,203,0,0
BRDA:1263,203,1,0
BRDA:1263,204,0,0
BRDA:1263,204,1,0
BRDA:1269,205,0,0
BRDA:1269,205,1,0
BRDA:1269,206,0,0
BRDA:1269,206,1,0
BRDA:1275,207,0,0
BRDA:1275,207,1,0
BRDA:1275,208,0,0
BRDA:1275,208,1,0
BRDA:1285,209,0,0
BRDA:1285,209,1,0
BRDA:1286,210,0,0
BRDA:1286,210,1,0
BRDA:1287,211,0,0
BRDA:1287,211,1,0
BRDA:1288,212,0,0
BRDA:1288,212,1,0
BRDA:1306,213,0,0
BRDA:1306,213,1,0
BRDA:1313,214,0,0
BRDA:1313,214,1,0
BRDA:1314,215,0,0
BRDA:1314,215,1,0
BRDA:1315,216,0,0
BRDA:1315,216,1,0
BRDA:1316,217,0,0
BRDA:1316,217,1,0
BRDA:1322,218,0,0
BRDA:1322,218,1,0
BRDA:1336,219,0,0
BRDA:1336,219,1,0
BRDA:1351,220,0,0
BRDA:1351,220,1,0
BRDA:1358,221,0,0
BRDA:1358,221,1,0
BRDA:1369,222,0,0
BRDA:1369,222,1,0
BRDA:1370,223,0,0
BRDA:1370,223,1,0
BRDA:1378,224,0,0
BRDA:1378,224,1,0
BRDA:1423,225,0,0
BRDA:1423,225,1,0
BRDA:1426,226,0,0
BRDA:1426,226,1,0
BRDA:1427,227,0,0
BRDA:1427,227,1,0
BRDA:1428,228,0,0
BRDA:1428,228,1,0
BRDA:1476,229,0,0
BRDA:1476,229,1,0
BRDA:1493,230,0,0
BRDA:1493,230,1,0
BRDA:1494,231,0,0
BRDA:1494,231,1,0
BRDA:1508,232,0,0
BRDA:1508,232,1,0
BRDA:1509,233,0,0
BRDA:1509,233,1,0
BRDA:1511,234,0,0
BRDA:1511,234,1,0
BRDA:1512,235,0,0
BRDA:1512,235,1,0
BRDA:1513,236,0,0
BRDA:1513,236,1,0
BRDA:1513,237,0,0
BRDA:1513,237,1,0
BRDA:1524,238,0,0
BRDA:1524,238,1,0
BRDA:1580,239,0,0
BRDA:1580,239,1,0
BRDA:1608,240,0,0
BRDA:1608,240,1,0
BRDA:1610,241,0,0
BRDA:1610,241,1,0
BRDA:1621,242,0,0
BRDA:1621,242,1,0
BRDA:1621,243,0,0
BRDA:1621,243,1,0
BRDA:1633,244,0,0
BRDA:1633,244,1,0
BRDA:1633,245,0,0
BRDA:1633,245,1,0
BRDA:1635,246,0,0
BRDA:1635,246,1,0
BRDA:1635,247,0,0
BRDA:1635,247,1,0
BRDA:1642,248,0,0
BRDA:1642,248,1,0
BRDA:1696,249,0,0
BRDA:1696,249,1,0
BRDA:1724,250,0,0
BRDA:1724,250,1,0
BRDA:1737,251,0,0
BRDA:1737,251,1,0
BRDA:1760,252,0,0
BRDA:1760,252,1,0
BRDA:1782,253,0,0
BRDA:1782,253,1,0
BRDA:1796,254,0,0
BRDA:1796,254,1,0
BRDA:1810,255,0,0
BRDA:1810,255,1,0
BRDA:1831,256,0,0
BRDA:1831,256,1,0
BRDA:1845,257,0,0
BRDA:1845,257,1,0
BRDA:1860,258,0,0
BRDA:1860,258,1,0
BRDA:1884,259,0,0
BRDA:1884,259,1,0
BRDA:1905,260,0,0
BRDA:1905,260,1,0
BRDA:1942,261,0,0
BRDA:1942,261,1,0
BRDA:1942,262,0,0
BRDA:1942,262,1,0
BRDA:1962,263,0,0
BRDA:1962,263,1,0
BRF:531
BRH:0
end_of_record
TN:
SF:prototipos\chat\chat.js
FN:29,formatTime
FN:33,addMessage
FN:62,addSystemNotice
FN:70,(anonymous_3)
FN:78,(anonymous_4)
FN:84,(anonymous_5)
FN:91,(anonymous_6)
FN:101,(anonymous_7)
FN:111,(anonymous_8)
FN:116,(anonymous_9)
FN:119,(anonymous_10)
FN:131,sendMessage
FN:146,(anonymous_12)
FNF:13
FNH:0
FNDA:0,formatTime
FNDA:0,addMessage
FNDA:0,addSystemNotice
FNDA:0,(anonymous_3)
FNDA:0,(anonymous_4)
FNDA:0,(anonymous_5)
FNDA:0,(anonymous_6)
FNDA:0,(anonymous_7)
FNDA:0,(anonymous_8)
FNDA:0,(anonymous_9)
FNDA:0,(anonymous_10)
FNDA:0,sendMessage
FNDA:0,(anonymous_12)
DA:1,0
DA:3,0
DA:4,0
DA:5,0
DA:6,0
DA:7,0
DA:9,0
DA:19,0
DA:30,0
DA:34,0
DA:35,0
DA:37,0
DA:38,0
DA:39,0
DA:41,0
DA:42,0
DA:44,0
DA:45,0
DA:46,0
DA:48,0
DA:49,0
DA:50,0
DA:52,0
DA:53,0
DA:54,0
DA:56,0
DA:57,0
DA:58,0
DA:59,0
DA:63,0
DA:64,0
DA:65,0
DA:66,0
DA:67,0
DA:70,0
DA:71,0
DA:72,0
DA:73,0
DA:75,0
DA:78,0
DA:79,0
DA:80,0
DA:81,0
DA:84,0
DA:85,0
DA:86,0
DA:87,0
DA:91,0
DA:92,0
DA:101,0
DA:102,0
DA:111,0
DA:112,0
DA:116,0
DA:117,0
DA:118,0
DA:119,0
DA:125,0
DA:126,0
DA:132,0
DA:133,0
DA:136,0
DA:139,0
DA:141,0
DA:142,0
DA:145,0
DA:146,0
DA:147,0
DA:148,0
DA:149,0
DA:153,0
LF:71
LH:0
BRDA:29,0,0,0
BRDA:33,1,0,0
BRDA:33,2,0,0
BRDA:35,3,0,0
BRDA:35,3,1,0
BRDA:39,4,0,0
BRDA:39,4,1,0
BRDA:46,5,0,0
BRDA:46,5,1,0
BRDA:93,6,0,0
BRDA:93,6,1,0
BRDA:94,7,0,0
BRDA:94,7,1,0
BRDA:96,8,0,0
BRDA:96,8,1,0
BRDA:103,9,0,0
BRDA:103,9,1,0
BRDA:104,10,0,0
BRDA:104,10,1,0
BRDA:106,11,0,0
BRDA:106,11,1,0
BRDA:112,12,0,0
BRDA:112,12,1,0
BRDA:117,13,0,0
BRDA:117,13,1,0
BRDA:117,14,0,0
BRDA:117,14,1,0
BRDA:117,14,2,0
BRDA:123,15,0,0
BRDA:123,15,1,0
BRDA:125,16,0,0
BRDA:125,16,1,0
BRDA:133,17,0,0
BRDA:133,17,1,0
BRDA:147,18,0,0
BRDA:147,18,1,0
BRDA:147,19,0,0
BRDA:147,19,1,0
BRF:38
BRH:0
end_of_record
TN:
SF:prototipos\colheita\atomic-write.js
FN:9,writeJSONAtomic
FN:61,readJSONSafe
FN:74,attemptRepair
FN:151,(anonymous_3)
FN:163,(anonymous_4)
FN:207,(anonymous_5)
FN:213,(anonymous_6)
FN:229,(anonymous_7)
FN:242,(anonymous_8)
FN:255,writeJSONCoordinated
FN:257,(anonymous_10)
FNF:11
FNH:0
FNDA:0,writeJSONAtomic
FNDA:0,readJSONSafe
FNDA:0,attemptRepair
FNDA:0,(anonymous_3)
FNDA:0,(anonymous_4)
FNDA:0,(anonymous_5)
FNDA:0,(anonymous_6)
FNDA:0,(anonymous_7)
FNDA:0,(anonymous_8)
FNDA:0,writeJSONCoordinated
FNDA:0,(anonymous_10)
DA:1,0
DA:2,0
DA:3,0
DA:10,0
DA:11,0
DA:12,0
DA:14,0
DA:15,0
DA:17,0
DA:20,0
DA:21,0
DA:23,0
DA:25,0
DA:28,0
DA:29,0
DA:32,0
DA:33,0
DA:34,0
DA:38,0
DA:40,0
DA:43,0
DA:45,0
DA:46,0
DA:50,0
DA:51,0
DA:55,0
DA:62,0
DA:63,0
DA:64,0
DA:66,0
DA:67,0
DA:75,0
DA:76,0
DA:77,0
DA:80,0
DA:81,0
DA:82,0
DA:83,0
DA:84,0
DA:85,0
DA:87,0
DA:88,0
DA:90,0
DA:91,0
DA:92,0
DA:95,0
DA:96,0
DA:97,0
DA:100,0
DA:101,0
DA:102,0
DA:105,0
DA:107,0
DA:108,0
DA:109,0
DA:110,0
DA:112,0
DA:113,0
DA:114,0
DA:115,0
DA:119,0
DA:120,0
DA:125,0
DA:128,0
DA:129,0
DA:130,0
DA:131,0
DA:132,0
DA:133,0
DA:134,0
DA:137,0
DA:139,0
DA:141,0
DA:142,0
DA:152,0
DA:153,0
DA:154,0
DA:159,0
DA:160,0
DA:164,0
DA:166,0
DA:167,0
DA:169,0
DA:170,0
DA:171,0
DA:172,0
DA:175,0
DA:176,0
DA:178,0
DA:179,0
DA:180,0
DA:184,0
DA:189,0
DA:195,0
DA:198,0
DA:199,0
DA:200,0
DA:201,0
DA:207,0
DA:210,0
DA:214,0
DA:216,0
DA:217,0
DA:218,0
DA:219,0
DA:221,0
DA:222,0
DA:225,0
DA:230,0
DA:231,0
DA:232,0
DA:233,0
DA:234,0
DA:235,0
DA:236,0
DA:243,0
DA:244,0
DA:245,0
DA:247,0
DA:256,0
DA:257,0
DA:258,0
DA:262,0
LF:123
LH:0
BRDA:9,0,0,0
BRDA:10,1,0,0
BRDA:10,2,0,0
BRDA:10,3,0,0
BRDA:20,4,0,0
BRDA:20,4,1,0
BRDA:45,5,0,0
BRDA:45,5,1,0
BRDA:61,6,0,0
BRDA:80,7,0,0
BRDA:80,7,1,0
BRDA:80,8,0,0
BRDA:80,8,1,0
BRDA:90,9,0,0
BRDA:90,9,1,0
BRDA:95,10,0,0
BRDA:95,10,1,0
BRDA:100,11,0,0
BRDA:100,11,1,0
BRDA:100,12,0,0
BRDA:100,12,1,0
BRDA:105,13,0,0
BRDA:105,13,1,0
BRDA:107,14,0,0
BRDA:107,14,1,0
BRDA:108,15,0,0
BRDA:108,15,1,0
BRDA:110,16,0,0
BRDA:110,16,1,0
BRDA:112,17,0,0
BRDA:112,17,1,0
BRDA:113,18,0,0
BRDA:113,18,1,0
BRDA:115,19,0,0
BRDA:115,19,1,0
BRDA:115,20,0,0
BRDA:115,20,1,0
BRDA:119,21,0,0
BRDA:119,21,1,0
BRDA:131,22,0,0
BRDA:131,22,1,0
BRDA:132,23,0,0
BRDA:132,23,1,0
BRDA:151,24,0,0
BRDA:155,25,0,0
BRDA:155,25,1,0
BRDA:156,26,0,0
BRDA:156,26,1,0
BRDA:169,27,0,0
BRDA:169,27,1,0
BRDA:178,28,0,0
BRDA:178,28,1,0
BRDA:178,29,0,0
BRDA:178,29,1,0
BRDA:199,30,0,0
BRDA:199,30,1,0
BRDA:216,31,0,0
BRDA:216,31,1,0
BRDA:230,32,0,0
BRDA:230,32,1,0
BRDA:230,33,0,0
BRDA:230,33,1,0
BRDA:234,34,0,0
BRDA:234,34,1,0
BRDA:255,35,0,0
BRF:65
BRH:0
end_of_record
TN:
SF:prototipos\colheita\colheita.js
FN:34,extrairEssencia
FN:36,(anonymous_1)
FN:37,(anonymous_2)
FN:49,main
FN:57,(anonymous_4)
FN:74,(anonymous_5)
FN:78,(anonymous_6)
FN:82,(anonymous_7)
FN:83,(anonymous_8)
FN:146,(anonymous_9)
FNF:10
FNH:0
FNDA:0,extrairEssencia
FNDA:0,(anonymous_1)
FNDA:0,(anonymous_2)
FNDA:0,main
FNDA:0,(anonymous_4)
FNDA:0,(anonymous_5)
FNDA:0,(anonymous_6)
FNDA:0,(anonymous_7)
FNDA:0,(anonymous_8)
FNDA:0,(anonymous_9)
DA:1,0
DA:2,0
DA:4,0
DA:7,0
DA:8,0
DA:9,0
DA:10,0
DA:13,0
DA:16,0
DA:18,0
DA:21,0
DA:22,0
DA:23,0
DA:24,0
DA:26,0
DA:31,0
DA:32,0
DA:36,0
DA:37,0
DA:39,0
DA:50,0
DA:51,0
DA:53,0
DA:54,0
DA:57,0
DA:58,0
DA:59,0
DA:61,0
DA:63,0
DA:64,0
DA:68,0
DA:72,0
DA:74,0
DA:75,0
DA:78,0
DA:79,0
DA:82,0
DA:83,0
DA:84,0
DA:85,0
DA:87,0
DA:88,0
DA:90,0
DA:107,0
DA:108,0
DA:109,0
DA:111,0
DA:112,0
DA:113,0
DA:114,0
DA:115,0
DA:117,0
DA:120,0
DA:121,0
DA:122,0
DA:123,0
DA:128,0
DA:129,0
DA:132,0
DA:133,0
DA:135,0
DA:136,0
DA:137,0
DA:138,0
DA:140,0
DA:144,0
DA:145,0
DA:146,0
DA:147,0
DA:149,0
DA:154,0
LF:71
LH:0
BRDA:18,0,0,0
BRDA:18,0,1,0
BRDA:22,1,0,0
BRDA:22,1,1,0
BRDA:40,2,0,0
BRDA:40,2,1,0
BRDA:43,3,0,0
BRDA:43,3,1,0
BRDA:45,4,0,0
BRDA:45,4,1,0
BRDA:58,5,0,0
BRDA:58,5,1,0
BRDA:61,6,0,0
BRDA:61,6,1,0
BRDA:63,7,0,0
BRDA:63,7,1,0
BRDA:68,8,0,0
BRDA:68,8,1,0
BRDA:72,9,0,0
BRDA:72,9,1,0
BRDA:74,10,0,0
BRDA:74,10,1,0
BRDA:79,11,0,0
BRDA:79,11,1,0
BRDA:82,12,0,0
BRDA:82,12,1,0
BRDA:83,13,0,0
BRDA:83,13,1,0
BRDA:83,14,0,0
BRDA:83,14,1,0
BRDA:84,15,0,0
BRDA:84,15,1,0
BRDA:84,16,0,0
BRDA:84,16,1,0
BRDA:85,17,0,0
BRDA:85,17,1,0
BRDA:85,17,2,0
BRDA:87,18,0,0
BRDA:87,18,1,0
BRDA:87,19,0,0
BRDA:87,19,1,0
BRDA:87,19,2,0
BRDA:121,20,0,0
BRDA:121,20,1,0
BRDA:122,21,0,0
BRDA:122,21,1,0
BRDA:128,22,0,0
BRDA:128,22,1,0
BRDA:144,23,0,0
BRDA:144,23,1,0
BRDA:147,24,0,0
BRDA:147,24,1,0
BRDA:148,25,0,0
BRDA:148,25,1,0
BRF:54
BRH:0
end_of_record
TN:
SF:prototipos\consente\consente.js
FN:14,lerEstado
FN:19,salvarEstado
FN:23,lerJardim
FN:28,lerSementes
FN:33,lerConstrucoesPoe
FN:38,lerLexico
FN:44,montarContexto
FN:50,(anonymous_7)
FN:58,(anonymous_8)
FN:59,(anonymous_9)
FN:60,(anonymous_10)
FN:62,(anonymous_11)
FN:68,(anonymous_12)
FN:75,escolher
FN:80,respostaGang
FN:91,respostaLumin
FN:102,respostaPoe
FN:112,respostaGeral
FN:122,detectarPersona
FN:130,gerarRespostaContextual
FN:144,registrarMemoriaLumin
FN:160,executarConstrucaoPoe
FN:187,mostrarRecursos
FN:193,mostrarStatus
FN:205,(anonymous_24)
FN:210,(anonymous_25)
FN:222,(anonymous_26)
FN:228,(anonymous_27)
FN:238,(anonymous_28)
FN:246,(anonymous_29)
FN:253,(anonymous_30)
FN:255,(anonymous_31)
FN:260,waitForConnect
FN:261,(anonymous_33)
FNF:34
FNH:0
FNDA:0,lerEstado
FNDA:0,salvarEstado
FNDA:0,lerJardim
FNDA:0,lerSementes
FNDA:0,lerConstrucoesPoe
FNDA:0,lerLexico
FNDA:0,montarContexto
FNDA:0,(anonymous_7)
FNDA:0,(anonymous_8)
FNDA:0,(anonymous_9)
FNDA:0,(anonymous_10)
FNDA:0,(anonymous_11)
FNDA:0,(anonymous_12)
FNDA:0,escolher
FNDA:0,respostaGang
FNDA:0,respostaLumin
FNDA:0,respostaPoe
FNDA:0,respostaGeral
FNDA:0,detectarPersona
FNDA:0,gerarRespostaContextual
FNDA:0,registrarMemoriaLumin
FNDA:0,executarConstrucaoPoe
FNDA:0,mostrarRecursos
FNDA:0,mostrarStatus
FNDA:0,(anonymous_24)
FNDA:0,(anonymous_25)
FNDA:0,(anonymous_26)
FNDA:0,(anonymous_27)
FNDA:0,(anonymous_28)
FNDA:0,(anonymous_29)
FNDA:0,(anonymous_30)
FNDA:0,(anonymous_31)
FNDA:0,waitForConnect
FNDA:0,(anonymous_33)
DA:1,0
DA:2,0
DA:3,0
DA:5,0
DA:6,0
DA:7,0
DA:8,0
DA:9,0
DA:10,0
DA:12,0
DA:15,0
DA:16,0
DA:20,0
DA:24,0
DA:25,0
DA:29,0
DA:30,0
DA:34,0
DA:35,0
DA:39,0
DA:40,0
DA:45,0
DA:46,0
DA:47,0
DA:48,0
DA:50,0
DA:58,0
DA:59,0
DA:60,0
DA:62,0
DA:64,0
DA:68,0
DA:76,0
DA:81,0
DA:88,0
DA:92,0
DA:99,0
DA:103,0
DA:109,0
DA:113,0
DA:119,0
DA:123,0
DA:124,0
DA:125,0
DA:126,0
DA:127,0
DA:131,0
DA:132,0
DA:134,0
DA:135,0
DA:136,0
DA:137,0
DA:138,0
DA:140,0
DA:145,0
DA:146,0
DA:153,0
DA:154,0
DA:155,0
DA:156,0
DA:157,0
DA:161,0
DA:162,0
DA:163,0
DA:164,0
DA:166,0
DA:167,0
DA:168,0
DA:178,0
DA:179,0
DA:180,0
DA:181,0
DA:182,0
DA:183,0
DA:184,0
DA:188,0
DA:189,0
DA:190,0
DA:194,0
DA:195,0
DA:205,0
DA:206,0
DA:207,0
DA:210,0
DA:211,0
DA:212,0
DA:214,0
DA:215,0
DA:218,0
DA:221,0
DA:222,0
DA:223,0
DA:225,0
DA:227,0
DA:228,0
DA:229,0
DA:231,0
DA:233,0
DA:234,0
DA:235,0
DA:236,0
DA:237,0
DA:238,0
DA:239,0
DA:241,0
DA:245,0
DA:246,0
DA:247,0
DA:248,0
DA:249,0
DA:253,0
DA:254,0
DA:255,0
DA:258,0
DA:261,0
DA:262,0
DA:263,0
DA:266,0
DA:269,0
LF:119
LH:0
BRDA:50,0,0,0
BRDA:50,0,1,0
BRDA:53,1,0,0
BRDA:53,1,1,0
BRDA:54,2,0,0
BRDA:54,2,1,0
BRDA:55,3,0,0
BRDA:55,3,1,0
BRDA:84,4,0,0
BRDA:84,4,1,0
BRDA:94,5,0,0
BRDA:94,5,1,0
BRDA:106,6,0,0
BRDA:106,6,1,0
BRDA:124,7,0,0
BRDA:124,7,1,0
BRDA:124,8,0,0
BRDA:124,8,1,0
BRDA:124,8,2,0
BRDA:124,8,3,0
BRDA:124,8,4,0
BRDA:124,8,5,0
BRDA:124,8,6,0
BRDA:124,8,7,0
BRDA:124,8,8,0
BRDA:125,9,0,0
BRDA:125,9,1,0
BRDA:125,10,0,0
BRDA:125,10,1,0
BRDA:125,10,2,0
BRDA:125,10,3,0
BRDA:125,10,4,0
BRDA:125,10,5,0
BRDA:125,10,6,0
BRDA:125,10,7,0
BRDA:126,11,0,0
BRDA:126,11,1,0
BRDA:126,12,0,0
BRDA:126,12,1,0
BRDA:126,12,2,0
BRDA:126,12,3,0
BRDA:126,12,4,0
BRDA:126,12,5,0
BRDA:126,12,6,0
BRDA:126,12,7,0
BRDA:134,13,0,0
BRDA:134,13,1,0
BRDA:134,13,2,0
BRDA:134,13,3,0
BRDA:140,14,0,0
BRDA:140,14,1,0
BRDA:153,15,0,0
BRDA:153,15,1,0
BRDA:155,16,0,0
BRDA:155,16,1,0
BRDA:163,17,0,0
BRDA:163,17,1,0
BRDA:163,18,0,0
BRDA:163,18,1,0
BRDA:169,19,0,0
BRDA:169,19,1,0
BRDA:172,20,0,0
BRDA:172,20,1,0
BRDA:178,21,0,0
BRDA:178,21,1,0
BRDA:184,22,0,0
BRDA:184,22,1,0
BRDA:189,23,0,0
BRDA:189,23,1,0
BRDA:200,24,0,0
BRDA:200,24,1,0
BRDA:211,25,0,0
BRDA:211,25,1,0
BRDA:211,26,0,0
BRDA:211,26,1,0
BRDA:212,27,0,0
BRDA:212,27,1,0
BRDA:215,28,0,0
BRDA:215,28,1,0
BRDA:221,29,0,0
BRDA:221,29,1,0
BRDA:221,30,0,0
BRDA:221,30,1,0
BRDA:227,31,0,0
BRDA:227,31,1,0
BRDA:227,32,0,0
BRDA:227,32,1,0
BRDA:233,33,0,0
BRDA:233,33,1,0
BRDA:233,34,0,0
BRDA:233,34,1,0
BRDA:235,35,0,0
BRDA:235,35,1,0
BRDA:262,36,0,0
BRDA:262,36,1,0
BRF:95
BRH:0
end_of_record
TN:
SF:prototipos\curador\curador.js
FN:17,log
FN:23,lerJSON
FN:31,escreverJSON
FN:36,avaliarMemoria
FN:52,curador
FN:69,(anonymous_5)
FN:75,(anonymous_6)
FN:90,(anonymous_7)
FN:120,(anonymous_8)
FN:121,(anonymous_9)
FNF:10
FNH:0
FNDA:0,log
FNDA:0,lerJSON
FNDA:0,escreverJSON
FNDA:0,avaliarMemoria
FNDA:0,curador
FNDA:0,(anonymous_5)
FNDA:0,(anonymous_6)
FNDA:0,(anonymous_7)
FNDA:0,(anonymous_8)
FNDA:0,(anonymous_9)
DA:8,0
DA:9,0
DA:11,0
DA:12,0
DA:13,0
DA:14,0
DA:15,0
DA:18,0
DA:19,0
DA:20,0
DA:24,0
DA:25,0
DA:27,0
DA:32,0
DA:37,0
DA:38,0
DA:39,0
DA:40,0
DA:42,0
DA:43,0
DA:44,0
DA:45,0
DA:46,0
DA:47,0
DA:49,0
DA:53,0
DA:55,0
DA:56,0
DA:57,0
DA:58,0
DA:60,0
DA:61,0
DA:62,0
DA:63,0
DA:66,0
DA:67,0
DA:69,0
DA:75,0
DA:78,0
DA:79,0
DA:81,0
DA:82,0
DA:83,0
DA:85,0
DA:86,0
DA:90,0
DA:95,0
DA:96,0
DA:97,0
DA:98,0
DA:99,0
DA:103,0
DA:106,0
DA:107,0
DA:108,0
DA:109,0
DA:110,0
DA:112,0
DA:113,0
DA:114,0
DA:115,0
DA:120,0
DA:121,0
DA:123,0
DA:126,0
DA:127,0
DA:128,0
DA:129,0
DA:133,0
DA:134,0
DA:144,0
DA:145,0
DA:148,0
LF:73
LH:0
BRDA:23,0,0,0
BRDA:37,1,0,0
BRDA:37,1,1,0
BRDA:37,2,0,0
BRDA:37,2,1,0
BRDA:38,3,0,0
BRDA:38,3,1,0
BRDA:39,4,0,0
BRDA:39,4,1,0
BRDA:40,5,0,0
BRDA:40,5,1,0
BRDA:45,6,0,0
BRDA:45,6,1,0
BRDA:46,7,0,0
BRDA:46,7,1,0
BRDA:47,8,0,0
BRDA:47,8,1,0
BRDA:67,9,0,0
BRDA:67,9,1,0
BRDA:67,10,0,0
BRDA:67,10,1,0
BRDA:85,11,0,0
BRDA:85,11,1,0
BRDA:89,12,0,0
BRDA:89,12,1,0
BRDA:95,13,0,0
BRDA:95,13,1,0
BRDA:99,14,0,0
BRDA:99,14,1,0
BRDA:112,15,0,0
BRDA:112,15,1,0
BRDA:127,16,0,0
BRDA:127,16,1,0
BRDA:127,17,0,0
BRDA:127,17,1,0
BRDA:128,18,0,0
BRDA:128,18,1,0
BRDA:129,19,0,0
BRDA:129,19,1,0
BRDA:144,20,0,0
BRDA:144,20,1,0
BRF:41
BRH:0
end_of_record
TN:
SF:prototipos\gang\visitas.js
FN:39,randomPick
FN:114,gerarVisita
FN:139,main
FN:180,(anonymous_3)
FNF:4
FNH:0
FNDA:0,randomPick
FNDA:0,gerarVisita
FNDA:0,main
FNDA:0,(anonymous_3)
DA:1,0
DA:2,0
DA:5,0
DA:6,0
DA:7,0
DA:11,0
DA:12,0
DA:14,0
DA:15,0
DA:20,0
DA:21,0
DA:23,0
DA:24,0
DA:28,0
DA:30,0
DA:31,0
DA:33,0
DA:34,0
DA:37,0
DA:40,0
DA:44,0
DA:104,0
DA:115,0
DA:116,0
DA:117,0
DA:119,0
DA:128,0
DA:129,0
DA:131,0
DA:140,0
DA:141,0
DA:144,0
DA:145,0
DA:146,0
DA:148,0
DA:149,0
DA:152,0
DA:155,0
DA:156,0
DA:158,0
DA:161,0
DA:164,0
DA:165,0
DA:168,0
DA:169,0
DA:170,0
DA:171,0
DA:172,0
DA:173,0
DA:174,0
DA:175,0
DA:178,0
DA:179,0
DA:180,0
DA:181,0
DA:186,0
LF:56
LH:0
BRDA:37,0,0,0
BRDA:37,0,1,0
BRDA:115,1,0,0
BRDA:115,1,1,0
BRDA:121,2,0,0
BRDA:121,2,1,0
BRDA:123,3,0,0
BRDA:123,3,1,0
BRDA:155,4,0,0
BRDA:155,4,1,0
BRDA:178,5,0,0
BRDA:178,5,1,0
BRF:12
BRH:0
end_of_record
TN:
SF:prototipos\guardiao\guardiao.js
FN:18,log
FN:24,lerJSON
FN:32,escreverJSON
FN:42,(anonymous_3)
FN:49,(anonymous_4)
FN:59,(anonymous_5)
FN:69,(anonymous_6)
FN:83,(anonymous_7)
FN:85,(anonymous_8)
FN:98,(anonymous_9)
FN:108,(anonymous_10)
FN:117,guardiao
FN:202,(anonymous_12)
FNF:13
FNH:0
FNDA:0,log
FNDA:0,lerJSON
FNDA:0,escreverJSON
FNDA:0,(anonymous_3)
FNDA:0,(anonymous_4)
FNDA:0,(anonymous_5)
FNDA:0,(anonymous_6)
FNDA:0,(anonymous_7)
FNDA:0,(anonymous_8)
FNDA:0,(anonymous_9)
FNDA:0,(anonymous_10)
FNDA:0,guardiao
FNDA:0,(anonymous_12)
DA:8,0
DA:9,0
DA:11,0
DA:12,0
DA:13,0
DA:14,0
DA:15,0
DA:16,0
DA:19,0
DA:20,0
DA:21,0
DA:25,0
DA:26,0
DA:28,0
DA:33,0
DA:36,0
DA:38,0
DA:42,0
DA:50,0
DA:51,0
DA:60,0
DA:61,0
DA:70,0
DA:71,0
DA:72,0
DA:73,0
DA:75,0
DA:84,0
DA:85,0
DA:86,0
DA:87,0
DA:88,0
DA:90,0
DA:99,0
DA:100,0
DA:110,0
DA:118,0
DA:119,0
DA:121,0
DA:122,0
DA:123,0
DA:124,0
DA:125,0
DA:128,0
DA:129,0
DA:131,0
DA:132,0
DA:133,0
DA:134,0
DA:135,0
DA:137,0
DA:138,0
DA:139,0
DA:141,0
DA:142,0
DA:144,0
DA:145,0
DA:147,0
DA:148,0
DA:150,0
DA:151,0
DA:153,0
DA:154,0
DA:156,0
DA:159,0
DA:160,0
DA:163,0
DA:174,0
DA:176,0
DA:177,0
DA:178,0
DA:179,0
DA:180,0
DA:183,0
DA:189,0
DA:190,0
DA:192,0
DA:197,0
DA:198,0
DA:202,0
DA:204,0
DA:207,0
DA:208,0
DA:209,0
DA:210,0
DA:213,0
DA:214,0
DA:215,0
DA:218,0
DA:219,0
DA:230,0
DA:231,0
DA:234,0
LF:93
LH:0
BRDA:24,0,0,0
BRDA:42,1,0,0
BRDA:42,1,1,0
BRDA:50,2,0,0
BRDA:50,2,1,0
BRDA:51,3,0,0
BRDA:51,3,1,0
BRDA:51,4,0,0
BRDA:51,4,1,0
BRDA:60,5,0,0
BRDA:60,5,1,0
BRDA:61,6,0,0
BRDA:61,6,1,0
BRDA:61,6,2,0
BRDA:61,7,0,0
BRDA:61,7,1,0
BRDA:61,8,0,0
BRDA:61,8,1,0
BRDA:61,9,0,0
BRDA:61,9,1,0
BRDA:70,10,0,0
BRDA:70,10,1,0
BRDA:73,11,0,0
BRDA:73,11,1,0
BRDA:84,12,0,0
BRDA:84,12,1,0
BRDA:87,13,0,0
BRDA:87,13,1,0
BRDA:87,14,0,0
BRDA:87,14,1,0
BRDA:88,15,0,0
BRDA:88,15,1,0
BRDA:99,16,0,0
BRDA:99,16,1,0
BRDA:100,17,0,0
BRDA:100,17,1,0
BRDA:110,18,0,0
BRDA:110,18,1,0
BRDA:128,19,0,0
BRDA:128,19,1,0
BRDA:142,20,0,0
BRDA:142,20,1,0
BRDA:142,20,2,0
BRDA:142,20,3,0
BRDA:142,20,4,0
BRDA:170,21,0,0
BRDA:170,21,1,0
BRDA:176,22,0,0
BRDA:176,22,1,0
BRDA:178,23,0,0
BRDA:178,23,1,0
BRDA:179,24,0,0
BRDA:179,24,1,0
BRDA:189,25,0,0
BRDA:189,25,1,0
BRDA:189,26,0,0
BRDA:189,26,1,0
BRDA:197,27,0,0
BRDA:197,27,1,0
BRDA:213,28,0,0
BRDA:213,28,1,0
BRDA:214,29,0,0
BRDA:214,29,1,0
BRDA:214,30,0,0
BRDA:214,30,1,0
BRDA:230,31,0,0
BRDA:230,31,1,0
BRF:67
BRH:0
end_of_record
TN:
SF:prototipos\jardim\jardim.js
FN:22,randomPick
FN:26,sugerirMemoria
FN:27,(anonymous_2)
FN:62,formatJardimOutput
FN:68,(anonymous_4)
FN:70,(anonymous_5)
FN:78,(anonymous_6)
FN:83,(anonymous_7)
FN:112,main
FN:121,(anonymous_9)
FNF:10
FNH:0
FNDA:0,randomPick
FNDA:0,sugerirMemoria
FNDA:0,(anonymous_2)
FNDA:0,formatJardimOutput
FNDA:0,(anonymous_4)
FNDA:0,(anonymous_5)
FNDA:0,(anonymous_6)
FNDA:0,(anonymous_7)
FNDA:0,main
FNDA:0,(anonymous_9)
DA:1,0
DA:2,0
DA:3,0
DA:6,0
DA:7,0
DA:8,0
DA:11,0
DA:23,0
DA:27,0
DA:28,0
DA:30,0
DA:31,0
DA:33,0
DA:51,0
DA:52,0
DA:54,0
DA:63,0
DA:64,0
DA:66,0
DA:67,0
DA:68,0
DA:69,0
DA:70,0
DA:71,0
DA:72,0
DA:73,0
DA:77,0
DA:78,0
DA:80,0
DA:81,0
DA:82,0
DA:83,0
DA:84,0
DA:85,0
DA:86,0
DA:87,0
DA:88,0
DA:89,0
DA:93,0
DA:96,0
DA:97,0
DA:98,0
DA:99,0
DA:100,0
DA:102,0
DA:103,0
DA:104,0
DA:105,0
DA:106,0
DA:107,0
DA:109,0
DA:113,0
DA:115,0
DA:116,0
DA:117,0
DA:120,0
DA:121,0
DA:122,0
DA:123,0
DA:128,0
DA:129,0
DA:135,0
DA:139,0
LF:63
LH:0
BRDA:28,0,0,0
BRDA:28,0,1,0
BRDA:69,1,0,0
BRDA:69,1,1,0
BRDA:71,2,0,0
BRDA:71,2,1,0
BRDA:80,3,0,0
BRDA:80,3,1,0
BRDA:85,4,0,0
BRDA:85,4,1,0
BRDA:86,5,0,0
BRDA:86,5,1,0
BRDA:97,6,0,0
BRDA:97,6,1,0
BRDA:98,7,0,0
BRDA:98,7,1,0
BRDA:99,8,0,0
BRDA:99,8,1,0
BRDA:100,9,0,0
BRDA:100,9,1,0
BRDA:100,10,0,0
BRDA:100,10,1,0
BRDA:100,11,0,0
BRDA:100,11,1,0
BRDA:122,12,0,0
BRDA:122,12,1,0
BRDA:123,13,0,0
BRDA:123,13,1,0
BRF:28
BRH:0
end_of_record
TN:
SF:prototipos\notificador\notificador.js
FN:16,lerEstado
FN:21,lerJardim
FN:26,lerSementes
FN:31,lerConstrucoesPoe
FN:36,notificar
FN:41,checarMudancas
FN:62,(anonymous_6)
FN:86,(anonymous_7)
FN:96,(anonymous_8)
FN:106,(anonymous_9)
FN:108,(anonymous_10)
FNF:11
FNH:0
FNDA:0,lerEstado
FNDA:0,lerJardim
FNDA:0,lerSementes
FNDA:0,lerConstrucoesPoe
FNDA:0,notificar
FNDA:0,checarMudancas
FNDA:0,(anonymous_6)
FNDA:0,(anonymous_7)
FNDA:0,(anonymous_8)
FNDA:0,(anonymous_9)
FNDA:0,(anonymous_10)
DA:1,0
DA:2,0
DA:3,0
DA:5,0
DA:6,0
DA:7,0
DA:8,0
DA:9,0
DA:11,0
DA:13,0
DA:14,0
DA:17,0
DA:18,0
DA:22,0
DA:23,0
DA:27,0
DA:28,0
DA:32,0
DA:33,0
DA:37,0
DA:38,0
DA:42,0
DA:43,0
DA:44,0
DA:45,0
DA:48,0
DA:49,0
DA:50,0
DA:54,0
DA:55,0
DA:56,0
DA:57,0
DA:58,0
DA:62,0
DA:63,0
DA:64,0
DA:65,0
DA:69,0
DA:70,0
DA:71,0
DA:73,0
DA:74,0
DA:75,0
DA:79,0
DA:80,0
DA:81,0
DA:83,0
DA:86,0
DA:87,0
DA:88,0
DA:90,0
DA:91,0
DA:92,0
DA:93,0
DA:94,0
DA:95,0
DA:96,0
DA:97,0
DA:98,0
DA:99,0
DA:101,0
DA:102,0
DA:103,0
DA:106,0
DA:107,0
DA:108,0
DA:112,0
DA:114,0
LF:68
LH:0
BRDA:48,0,0,0
BRDA:48,0,1,0
BRDA:49,1,0,0
BRDA:49,1,1,0
BRDA:49,2,0,0
BRDA:49,2,1,0
BRDA:49,3,0,0
BRDA:49,3,1,0
BRDA:54,4,0,0
BRDA:54,4,1,0
BRDA:55,5,0,0
BRDA:55,5,1,0
BRDA:57,6,0,0
BRDA:57,6,1,0
BRDA:62,7,0,0
BRDA:62,7,1,0
BRDA:63,8,0,0
BRDA:63,8,1,0
BRDA:70,9,0,0
BRDA:70,9,1,0
BRDA:71,10,0,0
BRDA:71,10,1,0
BRDA:73,11,0,0
BRDA:73,11,1,0
BRDA:79,12,0,0
BRDA:79,12,1,0
BRDA:80,13,0,0
BRDA:80,13,1,0
BRDA:80,14,0,0
BRDA:80,14,1,0
BRDA:94,15,0,0
BRDA:94,15,1,0
BRDA:95,16,0,0
BRDA:95,16,1,0
BRDA:96,17,0,0
BRDA:96,17,1,0
BRDA:98,18,0,0
BRDA:98,18,1,0
BRDA:99,19,0,0
BRDA:99,19,1,0
BRDA:102,20,0,0
BRDA:102,20,1,0
BRF:42
BRH:0
end_of_record
TN:
SF:prototipos\poe\atomic-write.js
FN:9,writeJSONAtomic
FN:60,readJSONSafe
FN:73,attemptRepair
FN:150,(anonymous_3)
FN:162,(anonymous_4)
FN:206,(anonymous_5)
FN:212,(anonymous_6)
FN:228,(anonymous_7)
FN:241,(anonymous_8)
FN:254,writeJSONCoordinated
FN:256,(anonymous_10)
FNF:11
FNH:0
FNDA:0,writeJSONAtomic
FNDA:0,readJSONSafe
FNDA:0,attemptRepair
FNDA:0,(anonymous_3)
FNDA:0,(anonymous_4)
FNDA:0,(anonymous_5)
FNDA:0,(anonymous_6)
FNDA:0,(anonymous_7)
FNDA:0,(anonymous_8)
FNDA:0,writeJSONCoordinated
FNDA:0,(anonymous_10)
DA:1,0
DA:2,0
DA:3,0
DA:10,0
DA:11,0
DA:12,0
DA:14,0
DA:15,0
DA:17,0
DA:20,0
DA:21,0
DA:23,0
DA:25,0
DA:28,0
DA:29,0
DA:32,0
DA:33,0
DA:34,0
DA:38,0
DA:40,0
DA:43,0
DA:45,0
DA:46,0
DA:50,0
DA:51,0
DA:55,0
DA:61,0
DA:62,0
DA:63,0
DA:65,0
DA:66,0
DA:74,0
DA:75,0
DA:76,0
DA:79,0
DA:80,0
DA:81,0
DA:82,0
DA:83,0
DA:84,0
DA:86,0
DA:87,0
DA:89,0
DA:90,0
DA:91,0
DA:94,0
DA:95,0
DA:96,0
DA:99,0
DA:100,0
DA:101,0
DA:104,0
DA:106,0
DA:107,0
DA:108,0
DA:109,0
DA:111,0
DA:112,0
DA:113,0
DA:114,0
DA:118,0
DA:119,0
DA:124,0
DA:127,0
DA:128,0
DA:129,0
DA:130,0
DA:131,0
DA:132,0
DA:133,0
DA:136,0
DA:138,0
DA:140,0
DA:141,0
DA:151,0
DA:152,0
DA:153,0
DA:158,0
DA:159,0
DA:163,0
DA:165,0
DA:166,0
DA:168,0
DA:169,0
DA:170,0
DA:171,0
DA:174,0
DA:175,0
DA:177,0
DA:178,0
DA:179,0
DA:183,0
DA:188,0
DA:194,0
DA:197,0
DA:198,0
DA:199,0
DA:200,0
DA:206,0
DA:209,0
DA:213,0
DA:215,0
DA:216,0
DA:217,0
DA:218,0
DA:220,0
DA:221,0
DA:224,0
DA:229,0
DA:230,0
DA:231,0
DA:232,0
DA:233,0
DA:234,0
DA:235,0
DA:242,0
DA:243,0
DA:244,0
DA:246,0
DA:255,0
DA:256,0
DA:257,0
DA:261,0
LF:123
LH:0
BRDA:9,0,0,0
BRDA:10,1,0,0
BRDA:10,2,0,0
BRDA:10,3,0,0
BRDA:20,4,0,0
BRDA:20,4,1,0
BRDA:45,5,0,0
BRDA:45,5,1,0
BRDA:60,6,0,0
BRDA:79,7,0,0
BRDA:79,7,1,0
BRDA:79,8,0,0
BRDA:79,8,1,0
BRDA:89,9,0,0
BRDA:89,9,1,0
BRDA:94,10,0,0
BRDA:94,10,1,0
BRDA:99,11,0,0
BRDA:99,11,1,0
BRDA:99,12,0,0
BRDA:99,12,1,0
BRDA:104,13,0,0
BRDA:104,13,1,0
BRDA:106,14,0,0
BRDA:106,14,1,0
BRDA:107,15,0,0
BRDA:107,15,1,0
BRDA:109,16,0,0
BRDA:109,16,1,0
BRDA:111,17,0,0
BRDA:111,17,1,0
BRDA:112,18,0,0
BRDA:112,18,1,0
BRDA:114,19,0,0
BRDA:114,19,1,0
BRDA:114,20,0,0
BRDA:114,20,1,0
BRDA:118,21,0,0
BRDA:118,21,1,0
BRDA:130,22,0,0
BRDA:130,22,1,0
BRDA:131,23,0,0
BRDA:131,23,1,0
BRDA:150,24,0,0
BRDA:154,25,0,0
BRDA:154,25,1,0
BRDA:155,26,0,0
BRDA:155,26,1,0
BRDA:168,27,0,0
BRDA:168,27,1,0
BRDA:177,28,0,0
BRDA:177,28,1,0
BRDA:177,29,0,0
BRDA:177,29,1,0
BRDA:198,30,0,0
BRDA:198,30,1,0
BRDA:215,31,0,0
BRDA:215,31,1,0
BRDA:229,32,0,0
BRDA:229,32,1,0
BRDA:229,33,0,0
BRDA:229,33,1,0
BRDA:233,34,0,0
BRDA:233,34,1,0
BRDA:254,35,0,0
BRF:65
BRH:0
end_of_record
TN:
SF:prototipos\poe\construcao.js
FN:9,writeJSONAtomic
FN:58,readJSONSafe
FN:71,attemptRepair
FN:148,(anonymous_3)
FN:160,(anonymous_4)
FN:212,(anonymous_5)
FN:227,(anonymous_6)
FN:240,(anonymous_7)
FN:253,writeJSONCoordinated
FN:255,(anonymous_9)
FN:276,(anonymous_10)
FN:410,(anonymous_11)
FN:432,(anonymous_12)
FNF:13
FNH:0
FNDA:0,writeJSONAtomic
FNDA:0,readJSONSafe
FNDA:0,attemptRepair
FNDA:0,(anonymous_3)
FNDA:0,(anonymous_4)
FNDA:0,(anonymous_5)
FNDA:0,(anonymous_6)
FNDA:0,(anonymous_7)
FNDA:0,writeJSONCoordinated
FNDA:0,(anonymous_9)
FNDA:0,(anonymous_10)
FNDA:0,(anonymous_11)
FNDA:0,(anonymous_12)
DA:1,0
DA:2,0
DA:3,0
DA:10,0
DA:11,0
DA:12,0
DA:14,0
DA:15,0
DA:17,0
DA:20,0
DA:21,0
DA:23,0
DA:25,0
DA:28,0
DA:29,0
DA:31,0
DA:35,0
DA:37,0
DA:40,0
DA:42,0
DA:43,0
DA:47,0
DA:48,0
DA:52,0
DA:59,0
DA:60,0
DA:61,0
DA:63,0
DA:64,0
DA:72,0
DA:73,0
DA:74,0
DA:77,0
DA:78,0
DA:79,0
DA:80,0
DA:81,0
DA:82,0
DA:84,0
DA:85,0
DA:87,0
DA:88,0
DA:89,0
DA:92,0
DA:93,0
DA:94,0
DA:97,0
DA:98,0
DA:99,0
DA:102,0
DA:104,0
DA:105,0
DA:106,0
DA:107,0
DA:109,0
DA:110,0
DA:111,0
DA:112,0
DA:116,0
DA:117,0
DA:122,0
DA:125,0
DA:126,0
DA:127,0
DA:128,0
DA:129,0
DA:130,0
DA:131,0
DA:134,0
DA:136,0
DA:138,0
DA:139,0
DA:149,0
DA:150,0
DA:151,0
DA:156,0
DA:157,0
DA:161,0
DA:163,0
DA:164,0
DA:166,0
DA:167,0
DA:168,0
DA:169,0
DA:172,0
DA:173,0
DA:175,0
DA:176,0
DA:177,0
DA:181,0
DA:186,0
DA:192,0
DA:195,0
DA:196,0
DA:197,0
DA:198,0
DA:205,0
DA:206,0
DA:209,0
DA:213,0
DA:214,0
DA:215,0
DA:216,0
DA:217,0
DA:219,0
DA:220,0
DA:223,0
DA:228,0
DA:229,0
DA:230,0
DA:231,0
DA:232,0
DA:233,0
DA:234,0
DA:241,0
DA:242,0
DA:243,0
DA:245,0
DA:254,0
DA:255,0
DA:256,0
DA:261,0
DA:262,0
DA:263,0
DA:264,0
DA:267,0
DA:270,0
DA:273,0
DA:276,0
DA:278,0
DA:279,0
DA:280,0
DA:281,0
DA:285,0
DA:287,0
DA:288,0
DA:289,0
DA:290,0
DA:291,0
DA:292,0
DA:293,0
DA:296,0
DA:355,0
DA:364,0
DA:365,0
DA:367,0
DA:368,0
DA:369,0
DA:370,0
DA:371,0
DA:374,0
DA:375,0
DA:376,0
DA:377,0
DA:378,0
DA:379,0
DA:382,0
DA:383,0
DA:384,0
DA:387,0
DA:388,0
DA:391,0
DA:407,0
DA:410,0
DA:411,0
DA:412,0
DA:413,0
DA:414,0
DA:418,0
DA:419,0
DA:420,0
DA:422,0
DA:423,0
DA:424,0
DA:425,0
DA:426,0
DA:427,0
DA:428,0
DA:429,0
DA:430,0
DA:432,0
DA:433,0
DA:434,0
DA:435,0
LF:184
LH:0
BRDA:9,0,0,0
BRDA:10,1,0,0
BRDA:10,2,0,0
BRDA:10,3,0,0
BRDA:20,4,0,0
BRDA:20,4,1,0
BRDA:42,5,0,0
BRDA:42,5,1,0
BRDA:58,6,0,0
BRDA:77,7,0,0
BRDA:77,7,1,0
BRDA:77,8,0,0
BRDA:77,8,1,0
BRDA:87,9,0,0
BRDA:87,9,1,0
BRDA:92,10,0,0
BRDA:92,10,1,0
BRDA:97,11,0,0
BRDA:97,11,1,0
BRDA:97,12,0,0
BRDA:97,12,1,0
BRDA:102,13,0,0
BRDA:102,13,1,0
BRDA:104,14,0,0
BRDA:104,14,1,0
BRDA:105,15,0,0
BRDA:105,15,1,0
BRDA:107,16,0,0
BRDA:107,16,1,0
BRDA:109,17,0,0
BRDA:109,17,1,0
BRDA:110,18,0,0
BRDA:110,18,1,0
BRDA:112,19,0,0
BRDA:112,19,1,0
BRDA:112,20,0,0
BRDA:112,20,1,0
BRDA:116,21,0,0
BRDA:116,21,1,0
BRDA:128,22,0,0
BRDA:128,22,1,0
BRDA:129,23,0,0
BRDA:129,23,1,0
BRDA:148,24,0,0
BRDA:152,25,0,0
BRDA:152,25,1,0
BRDA:153,26,0,0
BRDA:153,26,1,0
BRDA:166,27,0,0
BRDA:166,27,1,0
BRDA:175,28,0,0
BRDA:175,28,1,0
BRDA:175,29,0,0
BRDA:175,29,1,0
BRDA:196,30,0,0
BRDA:196,30,1,0
BRDA:214,31,0,0
BRDA:214,31,1,0
BRDA:228,32,0,0
BRDA:228,32,1,0
BRDA:228,33,0,0
BRDA:228,33,1,0
BRDA:232,34,0,0
BRDA:232,34,1,0
BRDA:253,35,0,0
BRDA:278,36,0,0
BRDA:278,36,1,0
BRDA:355,37,0,0
BRDA:355,37,1,0
BRDA:364,38,0,0
BRDA:364,38,1,0
BRDA:367,39,0,0
BRDA:367,39,1,0
BRDA:367,40,0,0
BRDA:367,40,1,0
BRDA:367,40,2,0
BRDA:392,41,0,0
BRDA:392,41,1,0
BRDA:402,42,0,0
BRDA:402,42,1,0
BRDA:411,43,0,0
BRDA:411,43,1,0
BRDA:414,44,0,0
BRDA:414,44,1,0
BRDA:425,45,0,0
BRDA:425,45,1,0
BRF:86
BRH:0
end_of_record
TN:
SF:prototipos\radio\radio.js
FN:33,randomPick
FN:37,agora
FN:41,cicloAtual
FN:45,recursos
FN:49,construcoes
FN:54,gerarTransmissao
FNF:6
FNH:0
FNDA:0,randomPick
FNDA:0,agora
FNDA:0,cicloAtual
FNDA:0,recursos
FNDA:0,construcoes
FNDA:0,gerarTransmissao
DA:1,0
DA:2,0
DA:5,0
DA:6,0
DA:7,0
DA:10,0
DA:11,0
DA:16,0
DA:17,0
DA:19,0
DA:20,0
DA:25,0
DA:26,0
DA:28,0
DA:29,0
DA:34,0
DA:38,0
DA:42,0
DA:46,0
DA:50,0
DA:55,0
DA:56,0
DA:57,0
DA:58,0
DA:61,0
DA:62,0
DA:65,0
DA:83,0
DA:84,0
DA:90,0
DA:94,0
DA:97,0
DA:98,0
DA:99,0
DA:101,0
DA:103,0
DA:104,0
DA:107,0
DA:108,0
DA:109,0
LF:40
LH:0
BRDA:10,0,0,0
BRDA:10,0,1,0
BRDA:42,1,0,0
BRDA:42,1,1,0
BRDA:46,2,0,0
BRDA:46,2,1,0
BRDA:50,3,0,0
BRDA:50,3,1,0
BRF:8
BRH:0
end_of_record
TN:
SF:prototipos\sonhador\sonhador.js
FN:17,log
FN:23,lerJSON
FN:31,escreverJSON
FN:58,gerarSonho
FN:130,sonhador
FN:158,(anonymous_5)
FN:177,(anonymous_6)
FNF:7
FNH:0
FNDA:0,log
FNDA:0,lerJSON
FNDA:0,escreverJSON
FNDA:0,gerarSonho
FNDA:0,sonhador
FNDA:0,(anonymous_5)
FNDA:0,(anonymous_6)
DA:8,0
DA:9,0
DA:11,0
DA:12,0
DA:13,0
DA:14,0
DA:15,0
DA:18,0
DA:19,0
DA:20,0
DA:24,0
DA:25,0
DA:27,0
DA:32,0
DA:36,0
DA:38,0
DA:45,0
DA:59,0
DA:60,0
DA:62,0
DA:64,0
DA:65,0
DA:66,0
DA:72,0
DA:74,0
DA:85,0
DA:91,0
DA:93,0
DA:101,0
DA:109,0
DA:119,0
DA:127,0
DA:131,0
DA:133,0
DA:134,0
DA:137,0
DA:138,0
DA:140,0
DA:141,0
DA:142,0
DA:143,0
DA:144,0
DA:145,0
DA:146,0
DA:147,0
DA:148,0
DA:149,0
DA:153,0
DA:154,0
DA:158,0
DA:159,0
DA:164,0
DA:165,0
DA:166,0
DA:169,0
DA:170,0
DA:171,0
DA:176,0
DA:177,0
DA:178,0
DA:179,0
DA:180,0
DA:183,0
DA:184,0
DA:185,0
DA:186,0
DA:188,0
DA:190,0
DA:191,0
DA:200,0
DA:201,0
DA:204,0
LF:72
LH:0
BRDA:23,0,0,0
BRDA:39,1,0,0
BRDA:39,1,1,0
BRDA:62,2,0,0
BRDA:62,2,1,0
BRDA:72,3,0,0
BRDA:72,3,1,0
BRDA:91,4,0,0
BRDA:91,4,1,0
BRDA:143,5,0,0
BRDA:143,5,1,0
BRDA:153,6,0,0
BRDA:153,6,1,0
BRDA:159,7,0,0
BRDA:159,7,1,0
BRDA:159,7,2,0
BRDA:160,8,0,0
BRDA:160,8,1,0
BRDA:169,9,0,0
BRDA:169,9,1,0
BRDA:169,10,0,0
BRDA:169,10,1,0
BRDA:180,11,0,0
BRDA:180,11,1,0
BRDA:200,12,0,0
BRDA:200,12,1,0
BRF:26
BRH:0
end_of_record
