TN:
SF:server.js
FN:65,(anonymous_0)
FN:78,save
FN:92,(anonymous_2)
FN:104,(anonymous_3)
FN:117,agora
FN:119,tempoAtras
FN:145,emitPublico
FN:152,emitSussurro
FN:162,emitSistema
FN:169,broadcastPlayers
FN:170,(anonymous_10)
FN:181,broadcastPosicoes
FN:187,(anonymous_12)
FN:195,(anonymous_13)
FN:209,(anonymous_14)
FN:210,(anonymous_15)
FN:234,(anonymous_16)
FN:282,(anonymous_17)
FN:295,(anonymous_18)
FN:310,(anonymous_19)
FN:320,(anonymous_20)
FN:327,(anonymous_21)
FN:337,(anonymous_22)
FN:339,(anonymous_23)
FN:340,(anonymous_24)
FN:344,(anonymous_25)
FN:350,(anonymous_26)
FN:408,(anonymous_27)
FN:419,(anonymous_28)
FN:438,salvarCheckpoint
FN:446,(anonymous_30)
FN:477,(anonymous_31)
FN:485,(anonymous_32)
FN:549,(anonymous_33)
FN:555,(anonymous_34)
FN:561,(anonymous_35)
FNF:36
FNH:0
FNDA:0,(anonymous_0)
FNDA:0,save
FNDA:0,(anonymous_2)
FNDA:0,(anonymous_3)
FNDA:0,agora
FNDA:0,tempoAtras
FNDA:0,emitPublico
FNDA:0,emitSussurro
FNDA:0,emitSistema
FNDA:0,broadcastPlayers
FNDA:0,(anonymous_10)
FNDA:0,broadcastPosicoes
FNDA:0,(anonymous_12)
FNDA:0,(anonymous_13)
FNDA:0,(anonymous_14)
FNDA:0,(anonymous_15)
FNDA:0,(anonymous_16)
FNDA:0,(anonymous_17)
FNDA:0,(anonymous_18)
FNDA:0,(anonymous_19)
FNDA:0,(anonymous_20)
FNDA:0,(anonymous_21)
FNDA:0,(anonymous_22)
FNDA:0,(anonymous_23)
FNDA:0,(anonymous_24)
FNDA:0,(anonymous_25)
FNDA:0,(anonymous_26)
FNDA:0,(anonymous_27)
FNDA:0,(anonymous_28)
FNDA:0,salvarCheckpoint
FNDA:0,(anonymous_30)
FNDA:0,(anonymous_31)
FNDA:0,(anonymous_32)
FNDA:0,(anonymous_33)
FNDA:0,(anonymous_34)
FNDA:0,(anonymous_35)
DA:1,0
DA:2,0
DA:3,0
DA:4,0
DA:5,0
DA:6,0
DA:7,0
DA:9,0
DA:10,0
DA:11,0
DA:12,0
DA:13,0
DA:14,0
DA:17,0
DA:42,0
DA:43,0
DA:44,0
DA:45,0
DA:46,0
DA:47,0
DA:48,0
DA:49,0
DA:50,0
DA:51,0
DA:53,0
DA:54,0
DA:55,0
DA:56,0
DA:58,0
DA:59,0
DA:60,0
DA:61,0
DA:62,0
DA:64,0
DA:65,0
DA:72,0
DA:73,0
DA:74,0
DA:75,0
DA:76,0
DA:79,0
DA:92,0
DA:93,0
DA:95,0
DA:96,0
DA:98,0
DA:104,0
DA:105,0
DA:106,0
DA:107,0
DA:108,0
DA:109,0
DA:110,0
DA:111,0
DA:112,0
DA:117,0
DA:120,0
DA:121,0
DA:122,0
DA:123,0
DA:124,0
DA:125,0
DA:126,0
DA:127,0
DA:128,0
DA:129,0
DA:130,0
DA:131,0
DA:135,0
DA:138,0
DA:141,0
DA:142,0
DA:146,0
DA:147,0
DA:148,0
DA:149,0
DA:153,0
DA:154,0
DA:155,0
DA:156,0
DA:157,0
DA:158,0
DA:159,0
DA:163,0
DA:164,0
DA:165,0
DA:166,0
DA:170,0
DA:177,0
DA:178,0
DA:182,0
DA:186,0
DA:187,0
DA:190,0
DA:192,0
DA:195,0
DA:196,0
DA:207,0
DA:209,0
DA:210,0
DA:211,0
DA:212,0
DA:213,0
DA:214,0
DA:216,0
DA:234,0
DA:235,0
DA:237,0
DA:240,0
DA:241,0
DA:242,0
DA:243,0
DA:249,0
DA:252,0
DA:255,0
DA:256,0
DA:258,0
DA:259,0
DA:262,0
DA:265,0
DA:266,0
DA:267,0
DA:268,0
DA:269,0
DA:270,0
DA:272,0
DA:275,0
DA:276,0
DA:277,0
DA:278,0
DA:279,0
DA:282,0
DA:283,0
DA:284,0
DA:285,0
DA:287,0
DA:288,0
DA:289,0
DA:290,0
DA:291,0
DA:292,0
DA:295,0
DA:296,0
DA:297,0
DA:298,0
DA:299,0
DA:301,0
DA:302,0
DA:303,0
DA:304,0
DA:305,0
DA:306,0
DA:310,0
DA:311,0
DA:312,0
DA:313,0
DA:314,0
DA:316,0
DA:320,0
DA:321,0
DA:322,0
DA:323,0
DA:327,0
DA:328,0
DA:329,0
DA:330,0
DA:331,0
DA:332,0
DA:337,0
DA:338,0
DA:339,0
DA:340,0
DA:344,0
DA:345,0
DA:346,0
DA:350,0
DA:351,0
DA:353,0
DA:354,0
DA:355,0
DA:356,0
DA:357,0
DA:359,0
DA:360,0
DA:365,0
DA:371,0
DA:374,0
DA:375,0
DA:376,0
DA:378,0
DA:389,0
DA:391,0
DA:392,0
DA:395,0
DA:396,0
DA:403,0
DA:404,0
DA:408,0
DA:409,0
DA:419,0
DA:420,0
DA:421,0
DA:422,0
DA:423,0
DA:424,0
DA:425,0
DA:431,0
DA:432,0
DA:433,0
DA:437,0
DA:439,0
DA:440,0
DA:441,0
DA:443,0
DA:444,0
DA:446,0
DA:448,0
DA:463,0
DA:464,0
DA:467,0
DA:477,0
DA:478,0
DA:479,0
DA:480,0
DA:481,0
DA:485,0
DA:486,0
DA:487,0
DA:490,0
DA:491,0
DA:492,0
DA:494,0
DA:502,0
DA:503,0
DA:512,0
DA:513,0
DA:517,0
DA:520,0
DA:521,0
DA:522,0
DA:526,0
DA:527,0
DA:528,0
DA:535,0
DA:536,0
DA:537,0
DA:539,0
DA:540,0
DA:541,0
DA:542,0
DA:544,0
DA:545,0
DA:546,0
DA:548,0
DA:549,0
DA:551,0
DA:555,0
DA:556,0
DA:557,0
DA:561,0
DA:562,0
DA:563,0
DA:564,0
DA:566,0
DA:567,0
DA:568,0
DA:569,0
DA:570,0
DA:571,0
DA:572,0
LF:270
LH:0
BRDA:14,0,0,0
BRDA:14,0,1,0
BRDA:44,1,0,0
BRDA:44,1,1,0
BRDA:45,2,0,0
BRDA:45,2,1,0
BRDA:46,3,0,0
BRDA:46,3,1,0
BRDA:47,4,0,0
BRDA:47,4,1,0
BRDA:48,5,0,0
BRDA:48,5,1,0
BRDA:49,6,0,0
BRDA:49,6,1,0
BRDA:50,7,0,0
BRDA:50,7,1,0
BRDA:51,8,0,0
BRDA:51,8,1,0
BRDA:53,9,0,0
BRDA:53,9,1,0
BRDA:54,10,0,0
BRDA:54,10,1,0
BRDA:55,11,0,0
BRDA:55,11,1,0
BRDA:56,12,0,0
BRDA:56,12,1,0
BRDA:58,13,0,0
BRDA:58,13,1,0
BRDA:59,14,0,0
BRDA:59,14,1,0
BRDA:60,15,0,0
BRDA:60,15,1,0
BRDA:61,16,0,0
BRDA:61,16,1,0
BRDA:62,17,0,0
BRDA:62,17,1,0
BRDA:64,18,0,0
BRDA:64,18,1,0
BRDA:64,19,0,0
BRDA:64,19,1,0
BRDA:64,19,2,0
BRDA:72,20,0,0
BRDA:72,20,1,0
BRDA:73,21,0,0
BRDA:73,21,1,0
BRDA:74,22,0,0
BRDA:74,22,1,0
BRDA:107,23,0,0
BRDA:107,23,1,0
BRDA:107,24,0,0
BRDA:107,24,1,0
BRDA:109,25,0,0
BRDA:109,25,1,0
BRDA:110,26,0,0
BRDA:110,26,1,0
BRDA:111,27,0,0
BRDA:111,27,1,0
BRDA:120,28,0,0
BRDA:120,28,1,0
BRDA:128,29,0,0
BRDA:128,29,1,0
BRDA:129,30,0,0
BRDA:129,30,1,0
BRDA:130,31,0,0
BRDA:130,31,1,0
BRDA:157,32,0,0
BRDA:157,32,1,0
BRDA:158,33,0,0
BRDA:158,33,1,0
BRDA:158,34,0,0
BRDA:158,34,1,0
BRDA:174,35,0,0
BRDA:174,35,1,0
BRDA:175,36,0,0
BRDA:175,36,1,0
BRDA:177,37,0,0
BRDA:177,37,1,0
BRDA:177,38,0,0
BRDA:177,38,1,0
BRDA:177,39,0,0
BRDA:177,39,1,0
BRDA:177,40,0,0
BRDA:177,40,1,0
BRDA:210,41,0,0
BRDA:210,41,1,0
BRDA:225,42,0,0
BRDA:225,42,1,0
BRDA:252,43,0,0
BRDA:252,43,1,0
BRDA:258,44,0,0
BRDA:258,44,1,0
BRDA:258,45,0,0
BRDA:258,45,1,0
BRDA:258,45,2,0
BRDA:259,46,0,0
BRDA:259,46,1,0
BRDA:262,47,0,0
BRDA:262,47,1,0
BRDA:268,48,0,0
BRDA:268,48,1,0
BRDA:283,49,0,0
BRDA:283,49,1,0
BRDA:296,50,0,0
BRDA:296,50,1,0
BRDA:297,51,0,0
BRDA:297,51,1,0
BRDA:297,52,0,0
BRDA:297,52,1,0
BRDA:297,52,2,0
BRDA:311,53,0,0
BRDA:311,53,1,0
BRDA:311,54,0,0
BRDA:311,54,1,0
BRDA:312,55,0,0
BRDA:312,55,1,0
BRDA:313,56,0,0
BRDA:313,56,1,0
BRDA:321,57,0,0
BRDA:321,57,1,0
BRDA:321,58,0,0
BRDA:321,58,1,0
BRDA:322,59,0,0
BRDA:322,59,1,0
BRDA:322,60,0,0
BRDA:322,60,1,0
BRDA:328,61,0,0
BRDA:328,61,1,0
BRDA:328,62,0,0
BRDA:328,62,1,0
BRDA:329,63,0,0
BRDA:329,63,1,0
BRDA:329,64,0,0
BRDA:329,64,1,0
BRDA:345,65,0,0
BRDA:345,65,1,0
BRDA:351,66,0,0
BRDA:351,66,1,0
BRDA:351,67,0,0
BRDA:351,67,1,0
BRDA:355,68,0,0
BRDA:355,68,1,0
BRDA:356,69,0,0
BRDA:356,69,1,0
BRDA:357,70,0,0
BRDA:357,70,1,0
BRDA:359,71,0,0
BRDA:359,71,1,0
BRDA:381,72,0,0
BRDA:381,72,1,0
BRDA:382,73,0,0
BRDA:382,73,1,0
BRDA:383,74,0,0
BRDA:383,74,1,0
BRDA:384,75,0,0
BRDA:384,75,1,0
BRDA:385,76,0,0
BRDA:385,76,1,0
BRDA:391,77,0,0
BRDA:391,77,1,0
BRDA:391,78,0,0
BRDA:391,78,1,0
BRDA:392,79,0,0
BRDA:392,79,1,0
BRDA:393,80,0,0
BRDA:393,80,1,0
BRDA:393,81,0,0
BRDA:393,81,1,0
BRDA:421,82,0,0
BRDA:421,82,1,0
BRDA:421,83,0,0
BRDA:421,83,1,0
BRDA:424,84,0,0
BRDA:424,84,1,0
BRDA:424,85,0,0
BRDA:424,85,1,0
BRDA:431,86,0,0
BRDA:431,86,1,0
BRDA:432,87,0,0
BRDA:432,87,1,0
BRDA:439,88,0,0
BRDA:439,88,1,0
BRDA:446,89,0,0
BRDA:446,89,1,0
BRDA:460,90,0,0
BRDA:460,90,1,0
BRDA:486,91,0,0
BRDA:486,91,1,0
BRDA:491,92,0,0
BRDA:491,92,1,0
BRDA:492,93,0,0
BRDA:492,93,1,0
BRDA:502,94,0,0
BRDA:502,94,1,0
BRDA:517,95,0,0
BRDA:517,95,1,0
BRDA:521,96,0,0
BRDA:521,96,1,0
BRDA:521,97,0,0
BRDA:521,97,1,0
BRDA:521,97,2,0
BRDA:526,98,0,0
BRDA:526,98,1,0
BRDA:526,99,0,0
BRDA:526,99,1,0
BRDA:539,100,0,0
BRDA:539,100,1,0
BRDA:545,101,0,0
BRDA:545,101,1,0
BRDA:546,102,0,0
BRDA:546,102,1,0
BRDA:563,103,0,0
BRDA:563,103,1,0
BRDA:564,104,0,0
BRDA:564,104,1,0
BRDA:566,105,0,0
BRDA:566,105,1,0
BRDA:567,106,0,0
BRDA:567,106,1,0
BRDA:568,107,0,0
BRDA:568,107,1,0
BRDA:568,108,0,0
BRDA:568,108,1,0
BRF:222
BRH:0
end_of_record
TN:
SF:prototipos\chat\chat.js
FN:29,formatTime
FN:33,addMessage
FN:62,addSystemNotice
FN:70,(anonymous_3)
FN:78,(anonymous_4)
FN:84,(anonymous_5)
FN:91,(anonymous_6)
FN:101,(anonymous_7)
FN:111,(anonymous_8)
FN:116,(anonymous_9)
FN:119,(anonymous_10)
FN:131,sendMessage
FN:146,(anonymous_12)
FNF:13
FNH:0
FNDA:0,formatTime
FNDA:0,addMessage
FNDA:0,addSystemNotice
FNDA:0,(anonymous_3)
FNDA:0,(anonymous_4)
FNDA:0,(anonymous_5)
FNDA:0,(anonymous_6)
FNDA:0,(anonymous_7)
FNDA:0,(anonymous_8)
FNDA:0,(anonymous_9)
FNDA:0,(anonymous_10)
FNDA:0,sendMessage
FNDA:0,(anonymous_12)
DA:1,0
DA:3,0
DA:4,0
DA:5,0
DA:6,0
DA:7,0
DA:9,0
DA:19,0
DA:30,0
DA:34,0
DA:35,0
DA:37,0
DA:38,0
DA:39,0
DA:41,0
DA:42,0
DA:44,0
DA:45,0
DA:46,0
DA:48,0
DA:49,0
DA:50,0
DA:52,0
DA:53,0
DA:54,0
DA:56,0
DA:57,0
DA:58,0
DA:59,0
DA:63,0
DA:64,0
DA:65,0
DA:66,0
DA:67,0
DA:70,0
DA:71,0
DA:72,0
DA:73,0
DA:75,0
DA:78,0
DA:79,0
DA:80,0
DA:81,0
DA:84,0
DA:85,0
DA:86,0
DA:87,0
DA:91,0
DA:92,0
DA:101,0
DA:102,0
DA:111,0
DA:112,0
DA:116,0
DA:117,0
DA:118,0
DA:119,0
DA:125,0
DA:126,0
DA:132,0
DA:133,0
DA:136,0
DA:139,0
DA:141,0
DA:142,0
DA:145,0
DA:146,0
DA:147,0
DA:148,0
DA:149,0
DA:153,0
LF:71
LH:0
BRDA:29,0,0,0
BRDA:33,1,0,0
BRDA:33,2,0,0
BRDA:35,3,0,0
BRDA:35,3,1,0
BRDA:39,4,0,0
BRDA:39,4,1,0
BRDA:46,5,0,0
BRDA:46,5,1,0
BRDA:93,6,0,0
BRDA:93,6,1,0
BRDA:94,7,0,0
BRDA:94,7,1,0
BRDA:96,8,0,0
BRDA:96,8,1,0
BRDA:103,9,0,0
BRDA:103,9,1,0
BRDA:104,10,0,0
BRDA:104,10,1,0
BRDA:106,11,0,0
BRDA:106,11,1,0
BRDA:112,12,0,0
BRDA:112,12,1,0
BRDA:117,13,0,0
BRDA:117,13,1,0
BRDA:117,14,0,0
BRDA:117,14,1,0
BRDA:117,14,2,0
BRDA:123,15,0,0
BRDA:123,15,1,0
BRDA:125,16,0,0
BRDA:125,16,1,0
BRDA:133,17,0,0
BRDA:133,17,1,0
BRDA:147,18,0,0
BRDA:147,18,1,0
BRDA:147,19,0,0
BRDA:147,19,1,0
BRF:38
BRH:0
end_of_record
TN:
SF:prototipos\colheita\colheita.js
FN:33,extrairEssencia
FN:35,(anonymous_1)
FN:36,(anonymous_2)
FN:48,main
FN:56,(anonymous_4)
FN:73,(anonymous_5)
FN:135,(anonymous_6)
FNF:7
FNH:0
FNDA:0,extrairEssencia
FNDA:0,(anonymous_1)
FNDA:0,(anonymous_2)
FNDA:0,main
FNDA:0,(anonymous_4)
FNDA:0,(anonymous_5)
FNDA:0,(anonymous_6)
DA:1,0
DA:2,0
DA:3,0
DA:6,0
DA:7,0
DA:8,0
DA:9,0
DA:12,0
DA:15,0
DA:17,0
DA:20,0
DA:21,0
DA:22,0
DA:23,0
DA:25,0
DA:30,0
DA:31,0
DA:35,0
DA:36,0
DA:38,0
DA:49,0
DA:50,0
DA:52,0
DA:53,0
DA:56,0
DA:57,0
DA:58,0
DA:60,0
DA:62,0
DA:63,0
DA:67,0
DA:71,0
DA:73,0
DA:74,0
DA:76,0
DA:77,0
DA:79,0
DA:96,0
DA:97,0
DA:98,0
DA:100,0
DA:101,0
DA:102,0
DA:103,0
DA:104,0
DA:106,0
DA:109,0
DA:110,0
DA:111,0
DA:112,0
DA:117,0
DA:118,0
DA:121,0
DA:122,0
DA:124,0
DA:125,0
DA:126,0
DA:127,0
DA:129,0
DA:133,0
DA:134,0
DA:135,0
DA:136,0
DA:138,0
DA:143,0
LF:65
LH:0
BRDA:17,0,0,0
BRDA:17,0,1,0
BRDA:21,1,0,0
BRDA:21,1,1,0
BRDA:39,2,0,0
BRDA:39,2,1,0
BRDA:42,3,0,0
BRDA:42,3,1,0
BRDA:44,4,0,0
BRDA:44,4,1,0
BRDA:57,5,0,0
BRDA:57,5,1,0
BRDA:60,6,0,0
BRDA:60,6,1,0
BRDA:62,7,0,0
BRDA:62,7,1,0
BRDA:67,8,0,0
BRDA:67,8,1,0
BRDA:71,9,0,0
BRDA:71,9,1,0
BRDA:74,10,0,0
BRDA:74,10,1,0
BRDA:76,11,0,0
BRDA:76,11,1,0
BRDA:110,12,0,0
BRDA:110,12,1,0
BRDA:111,13,0,0
BRDA:111,13,1,0
BRDA:117,14,0,0
BRDA:117,14,1,0
BRDA:133,15,0,0
BRDA:133,15,1,0
BRDA:136,16,0,0
BRDA:136,16,1,0
BRDA:137,17,0,0
BRDA:137,17,1,0
BRF:36
BRH:0
end_of_record
TN:
SF:prototipos\consente\consente.js
FN:14,lerEstado
FN:19,salvarEstado
FN:23,lerJardim
FN:28,lerSementes
FN:33,lerConstrucoesPoe
FN:38,lerLexico
FN:44,montarContexto
FN:50,(anonymous_7)
FN:58,(anonymous_8)
FN:59,(anonymous_9)
FN:60,(anonymous_10)
FN:62,(anonymous_11)
FN:68,(anonymous_12)
FN:75,escolher
FN:80,respostaGang
FN:91,respostaLumin
FN:102,respostaPoe
FN:112,respostaGeral
FN:122,detectarPersona
FN:130,gerarRespostaContextual
FN:144,registrarMemoriaLumin
FN:160,executarConstrucaoPoe
FN:187,mostrarRecursos
FN:193,mostrarStatus
FN:205,(anonymous_24)
FN:210,(anonymous_25)
FN:222,(anonymous_26)
FN:228,(anonymous_27)
FN:238,(anonymous_28)
FN:246,(anonymous_29)
FN:253,(anonymous_30)
FN:255,(anonymous_31)
FN:260,waitForConnect
FN:261,(anonymous_33)
FNF:34
FNH:0
FNDA:0,lerEstado
FNDA:0,salvarEstado
FNDA:0,lerJardim
FNDA:0,lerSementes
FNDA:0,lerConstrucoesPoe
FNDA:0,lerLexico
FNDA:0,montarContexto
FNDA:0,(anonymous_7)
FNDA:0,(anonymous_8)
FNDA:0,(anonymous_9)
FNDA:0,(anonymous_10)
FNDA:0,(anonymous_11)
FNDA:0,(anonymous_12)
FNDA:0,escolher
FNDA:0,respostaGang
FNDA:0,respostaLumin
FNDA:0,respostaPoe
FNDA:0,respostaGeral
FNDA:0,detectarPersona
FNDA:0,gerarRespostaContextual
FNDA:0,registrarMemoriaLumin
FNDA:0,executarConstrucaoPoe
FNDA:0,mostrarRecursos
FNDA:0,mostrarStatus
FNDA:0,(anonymous_24)
FNDA:0,(anonymous_25)
FNDA:0,(anonymous_26)
FNDA:0,(anonymous_27)
FNDA:0,(anonymous_28)
FNDA:0,(anonymous_29)
FNDA:0,(anonymous_30)
FNDA:0,(anonymous_31)
FNDA:0,waitForConnect
FNDA:0,(anonymous_33)
DA:1,0
DA:2,0
DA:3,0
DA:5,0
DA:6,0
DA:7,0
DA:8,0
DA:9,0
DA:10,0
DA:12,0
DA:15,0
DA:16,0
DA:20,0
DA:24,0
DA:25,0
DA:29,0
DA:30,0
DA:34,0
DA:35,0
DA:39,0
DA:40,0
DA:45,0
DA:46,0
DA:47,0
DA:48,0
DA:50,0
DA:58,0
DA:59,0
DA:60,0
DA:62,0
DA:64,0
DA:68,0
DA:76,0
DA:81,0
DA:88,0
DA:92,0
DA:99,0
DA:103,0
DA:109,0
DA:113,0
DA:119,0
DA:123,0
DA:124,0
DA:125,0
DA:126,0
DA:127,0
DA:131,0
DA:132,0
DA:134,0
DA:135,0
DA:136,0
DA:137,0
DA:138,0
DA:140,0
DA:145,0
DA:146,0
DA:153,0
DA:154,0
DA:155,0
DA:156,0
DA:157,0
DA:161,0
DA:162,0
DA:163,0
DA:164,0
DA:166,0
DA:167,0
DA:168,0
DA:178,0
DA:179,0
DA:180,0
DA:181,0
DA:182,0
DA:183,0
DA:184,0
DA:188,0
DA:189,0
DA:190,0
DA:194,0
DA:195,0
DA:205,0
DA:206,0
DA:207,0
DA:210,0
DA:211,0
DA:212,0
DA:214,0
DA:215,0
DA:218,0
DA:221,0
DA:222,0
DA:223,0
DA:225,0
DA:227,0
DA:228,0
DA:229,0
DA:231,0
DA:233,0
DA:234,0
DA:235,0
DA:236,0
DA:237,0
DA:238,0
DA:239,0
DA:241,0
DA:245,0
DA:246,0
DA:247,0
DA:248,0
DA:249,0
DA:253,0
DA:254,0
DA:255,0
DA:258,0
DA:261,0
DA:262,0
DA:263,0
DA:266,0
DA:269,0
LF:119
LH:0
BRDA:50,0,0,0
BRDA:50,0,1,0
BRDA:53,1,0,0
BRDA:53,1,1,0
BRDA:54,2,0,0
BRDA:54,2,1,0
BRDA:55,3,0,0
BRDA:55,3,1,0
BRDA:84,4,0,0
BRDA:84,4,1,0
BRDA:94,5,0,0
BRDA:94,5,1,0
BRDA:106,6,0,0
BRDA:106,6,1,0
BRDA:124,7,0,0
BRDA:124,7,1,0
BRDA:124,8,0,0
BRDA:124,8,1,0
BRDA:124,8,2,0
BRDA:124,8,3,0
BRDA:124,8,4,0
BRDA:124,8,5,0
BRDA:124,8,6,0
BRDA:124,8,7,0
BRDA:124,8,8,0
BRDA:125,9,0,0
BRDA:125,9,1,0
BRDA:125,10,0,0
BRDA:125,10,1,0
BRDA:125,10,2,0
BRDA:125,10,3,0
BRDA:125,10,4,0
BRDA:125,10,5,0
BRDA:125,10,6,0
BRDA:125,10,7,0
BRDA:126,11,0,0
BRDA:126,11,1,0
BRDA:126,12,0,0
BRDA:126,12,1,0
BRDA:126,12,2,0
BRDA:126,12,3,0
BRDA:126,12,4,0
BRDA:126,12,5,0
BRDA:126,12,6,0
BRDA:126,12,7,0
BRDA:134,13,0,0
BRDA:134,13,1,0
BRDA:134,13,2,0
BRDA:134,13,3,0
BRDA:140,14,0,0
BRDA:140,14,1,0
BRDA:153,15,0,0
BRDA:153,15,1,0
BRDA:155,16,0,0
BRDA:155,16,1,0
BRDA:163,17,0,0
BRDA:163,17,1,0
BRDA:163,18,0,0
BRDA:163,18,1,0
BRDA:169,19,0,0
BRDA:169,19,1,0
BRDA:172,20,0,0
BRDA:172,20,1,0
BRDA:178,21,0,0
BRDA:178,21,1,0
BRDA:184,22,0,0
BRDA:184,22,1,0
BRDA:189,23,0,0
BRDA:189,23,1,0
BRDA:200,24,0,0
BRDA:200,24,1,0
BRDA:211,25,0,0
BRDA:211,25,1,0
BRDA:211,26,0,0
BRDA:211,26,1,0
BRDA:212,27,0,0
BRDA:212,27,1,0
BRDA:215,28,0,0
BRDA:215,28,1,0
BRDA:221,29,0,0
BRDA:221,29,1,0
BRDA:221,30,0,0
BRDA:221,30,1,0
BRDA:227,31,0,0
BRDA:227,31,1,0
BRDA:227,32,0,0
BRDA:227,32,1,0
BRDA:233,33,0,0
BRDA:233,33,1,0
BRDA:233,34,0,0
BRDA:233,34,1,0
BRDA:235,35,0,0
BRDA:235,35,1,0
BRDA:262,36,0,0
BRDA:262,36,1,0
BRF:95
BRH:0
end_of_record
TN:
SF:prototipos\curador\curador.js
FN:17,log
FN:23,lerJSON
FN:31,escreverJSON
FN:36,avaliarMemoria
FN:52,curador
FN:69,(anonymous_5)
FN:75,(anonymous_6)
FN:90,(anonymous_7)
FN:120,(anonymous_8)
FN:121,(anonymous_9)
FNF:10
FNH:0
FNDA:0,log
FNDA:0,lerJSON
FNDA:0,escreverJSON
FNDA:0,avaliarMemoria
FNDA:0,curador
FNDA:0,(anonymous_5)
FNDA:0,(anonymous_6)
FNDA:0,(anonymous_7)
FNDA:0,(anonymous_8)
FNDA:0,(anonymous_9)
DA:8,0
DA:9,0
DA:11,0
DA:12,0
DA:13,0
DA:14,0
DA:15,0
DA:18,0
DA:19,0
DA:20,0
DA:24,0
DA:25,0
DA:27,0
DA:32,0
DA:37,0
DA:38,0
DA:39,0
DA:40,0
DA:42,0
DA:43,0
DA:44,0
DA:45,0
DA:46,0
DA:47,0
DA:49,0
DA:53,0
DA:55,0
DA:56,0
DA:57,0
DA:58,0
DA:60,0
DA:61,0
DA:62,0
DA:63,0
DA:66,0
DA:67,0
DA:69,0
DA:75,0
DA:78,0
DA:79,0
DA:81,0
DA:82,0
DA:83,0
DA:85,0
DA:86,0
DA:90,0
DA:95,0
DA:96,0
DA:97,0
DA:98,0
DA:99,0
DA:103,0
DA:106,0
DA:107,0
DA:108,0
DA:109,0
DA:110,0
DA:112,0
DA:113,0
DA:114,0
DA:115,0
DA:120,0
DA:121,0
DA:123,0
DA:126,0
DA:127,0
DA:128,0
DA:129,0
DA:133,0
DA:134,0
DA:144,0
DA:145,0
DA:148,0
LF:73
LH:0
BRDA:23,0,0,0
BRDA:37,1,0,0
BRDA:37,1,1,0
BRDA:37,2,0,0
BRDA:37,2,1,0
BRDA:38,3,0,0
BRDA:38,3,1,0
BRDA:39,4,0,0
BRDA:39,4,1,0
BRDA:40,5,0,0
BRDA:40,5,1,0
BRDA:45,6,0,0
BRDA:45,6,1,0
BRDA:46,7,0,0
BRDA:46,7,1,0
BRDA:47,8,0,0
BRDA:47,8,1,0
BRDA:67,9,0,0
BRDA:67,9,1,0
BRDA:67,10,0,0
BRDA:67,10,1,0
BRDA:85,11,0,0
BRDA:85,11,1,0
BRDA:89,12,0,0
BRDA:89,12,1,0
BRDA:95,13,0,0
BRDA:95,13,1,0
BRDA:99,14,0,0
BRDA:99,14,1,0
BRDA:112,15,0,0
BRDA:112,15,1,0
BRDA:127,16,0,0
BRDA:127,16,1,0
BRDA:127,17,0,0
BRDA:127,17,1,0
BRDA:128,18,0,0
BRDA:128,18,1,0
BRDA:129,19,0,0
BRDA:129,19,1,0
BRDA:144,20,0,0
BRDA:144,20,1,0
BRF:41
BRH:0
end_of_record
TN:
SF:prototipos\gang\visitas.js
FN:39,randomPick
FN:114,gerarVisita
FN:139,main
FN:180,(anonymous_3)
FNF:4
FNH:0
FNDA:0,randomPick
FNDA:0,gerarVisita
FNDA:0,main
FNDA:0,(anonymous_3)
DA:1,0
DA:2,0
DA:5,0
DA:6,0
DA:7,0
DA:11,0
DA:12,0
DA:14,0
DA:15,0
DA:20,0
DA:21,0
DA:23,0
DA:24,0
DA:28,0
DA:30,0
DA:31,0
DA:33,0
DA:34,0
DA:37,0
DA:40,0
DA:44,0
DA:104,0
DA:115,0
DA:116,0
DA:117,0
DA:119,0
DA:128,0
DA:129,0
DA:131,0
DA:140,0
DA:141,0
DA:144,0
DA:145,0
DA:146,0
DA:148,0
DA:149,0
DA:152,0
DA:155,0
DA:156,0
DA:158,0
DA:161,0
DA:164,0
DA:165,0
DA:168,0
DA:169,0
DA:170,0
DA:171,0
DA:172,0
DA:173,0
DA:174,0
DA:175,0
DA:178,0
DA:179,0
DA:180,0
DA:181,0
DA:186,0
LF:56
LH:0
BRDA:37,0,0,0
BRDA:37,0,1,0
BRDA:115,1,0,0
BRDA:115,1,1,0
BRDA:121,2,0,0
BRDA:121,2,1,0
BRDA:123,3,0,0
BRDA:123,3,1,0
BRDA:155,4,0,0
BRDA:155,4,1,0
BRDA:178,5,0,0
BRDA:178,5,1,0
BRF:12
BRH:0
end_of_record
TN:
SF:prototipos\guardiao\guardiao.js
FN:18,log
FN:24,lerJSON
FN:32,escreverJSON
FN:42,(anonymous_3)
FN:49,(anonymous_4)
FN:59,(anonymous_5)
FN:69,(anonymous_6)
FN:83,(anonymous_7)
FN:85,(anonymous_8)
FN:98,(anonymous_9)
FN:108,(anonymous_10)
FN:117,guardiao
FN:202,(anonymous_12)
FNF:13
FNH:0
FNDA:0,log
FNDA:0,lerJSON
FNDA:0,escreverJSON
FNDA:0,(anonymous_3)
FNDA:0,(anonymous_4)
FNDA:0,(anonymous_5)
FNDA:0,(anonymous_6)
FNDA:0,(anonymous_7)
FNDA:0,(anonymous_8)
FNDA:0,(anonymous_9)
FNDA:0,(anonymous_10)
FNDA:0,guardiao
FNDA:0,(anonymous_12)
DA:8,0
DA:9,0
DA:11,0
DA:12,0
DA:13,0
DA:14,0
DA:15,0
DA:16,0
DA:19,0
DA:20,0
DA:21,0
DA:25,0
DA:26,0
DA:28,0
DA:33,0
DA:36,0
DA:38,0
DA:42,0
DA:50,0
DA:51,0
DA:60,0
DA:61,0
DA:70,0
DA:71,0
DA:72,0
DA:73,0
DA:75,0
DA:84,0
DA:85,0
DA:86,0
DA:87,0
DA:88,0
DA:90,0
DA:99,0
DA:100,0
DA:110,0
DA:118,0
DA:119,0
DA:121,0
DA:122,0
DA:123,0
DA:124,0
DA:125,0
DA:128,0
DA:129,0
DA:131,0
DA:132,0
DA:133,0
DA:134,0
DA:135,0
DA:137,0
DA:138,0
DA:139,0
DA:141,0
DA:142,0
DA:144,0
DA:145,0
DA:147,0
DA:148,0
DA:150,0
DA:151,0
DA:153,0
DA:154,0
DA:156,0
DA:159,0
DA:160,0
DA:163,0
DA:174,0
DA:176,0
DA:177,0
DA:178,0
DA:179,0
DA:180,0
DA:183,0
DA:189,0
DA:190,0
DA:192,0
DA:197,0
DA:198,0
DA:202,0
DA:204,0
DA:207,0
DA:208,0
DA:209,0
DA:210,0
DA:213,0
DA:214,0
DA:215,0
DA:218,0
DA:219,0
DA:230,0
DA:231,0
DA:234,0
LF:93
LH:0
BRDA:24,0,0,0
BRDA:42,1,0,0
BRDA:42,1,1,0
BRDA:50,2,0,0
BRDA:50,2,1,0
BRDA:51,3,0,0
BRDA:51,3,1,0
BRDA:51,4,0,0
BRDA:51,4,1,0
BRDA:60,5,0,0
BRDA:60,5,1,0
BRDA:61,6,0,0
BRDA:61,6,1,0
BRDA:61,6,2,0
BRDA:61,7,0,0
BRDA:61,7,1,0
BRDA:61,8,0,0
BRDA:61,8,1,0
BRDA:61,9,0,0
BRDA:61,9,1,0
BRDA:70,10,0,0
BRDA:70,10,1,0
BRDA:73,11,0,0
BRDA:73,11,1,0
BRDA:84,12,0,0
BRDA:84,12,1,0
BRDA:87,13,0,0
BRDA:87,13,1,0
BRDA:87,14,0,0
BRDA:87,14,1,0
BRDA:88,15,0,0
BRDA:88,15,1,0
BRDA:99,16,0,0
BRDA:99,16,1,0
BRDA:100,17,0,0
BRDA:100,17,1,0
BRDA:110,18,0,0
BRDA:110,18,1,0
BRDA:128,19,0,0
BRDA:128,19,1,0
BRDA:142,20,0,0
BRDA:142,20,1,0
BRDA:142,20,2,0
BRDA:142,20,3,0
BRDA:142,20,4,0
BRDA:170,21,0,0
BRDA:170,21,1,0
BRDA:176,22,0,0
BRDA:176,22,1,0
BRDA:178,23,0,0
BRDA:178,23,1,0
BRDA:179,24,0,0
BRDA:179,24,1,0
BRDA:189,25,0,0
BRDA:189,25,1,0
BRDA:189,26,0,0
BRDA:189,26,1,0
BRDA:197,27,0,0
BRDA:197,27,1,0
BRDA:213,28,0,0
BRDA:213,28,1,0
BRDA:214,29,0,0
BRDA:214,29,1,0
BRDA:214,30,0,0
BRDA:214,30,1,0
BRDA:230,31,0,0
BRDA:230,31,1,0
BRF:67
BRH:0
end_of_record
TN:
SF:prototipos\jardim\jardim.js
FN:48,randomPick
FN:52,sugerirMemoria
FN:53,(anonymous_2)
FN:89,main
FN:96,(anonymous_4)
FN:98,(anonymous_5)
FN:107,(anonymous_6)
FN:112,(anonymous_7)
FN:126,(anonymous_8)
FNF:9
FNH:0
FNDA:0,randomPick
FNDA:0,sugerirMemoria
FNDA:0,(anonymous_2)
FNDA:0,main
FNDA:0,(anonymous_4)
FNDA:0,(anonymous_5)
FNDA:0,(anonymous_6)
FNDA:0,(anonymous_7)
FNDA:0,(anonymous_8)
DA:1,0
DA:2,0
DA:5,0
DA:6,0
DA:7,0
DA:11,0
DA:12,0
DA:14,0
DA:15,0
DA:20,0
DA:21,0
DA:23,0
DA:24,0
DA:29,0
DA:30,0
DA:32,0
DA:33,0
DA:37,0
DA:49,0
DA:53,0
DA:54,0
DA:57,0
DA:58,0
DA:60,0
DA:78,0
DA:79,0
DA:81,0
DA:90,0
DA:91,0
DA:94,0
DA:95,0
DA:96,0
DA:97,0
DA:98,0
DA:99,0
DA:100,0
DA:101,0
DA:106,0
DA:107,0
DA:109,0
DA:110,0
DA:111,0
DA:112,0
DA:113,0
DA:114,0
DA:115,0
DA:116,0
DA:117,0
DA:118,0
DA:122,0
DA:126,0
DA:127,0
DA:128,0
DA:129,0
DA:130,0
DA:131,0
DA:134,0
DA:135,0
DA:136,0
DA:137,0
DA:138,0
DA:139,0
DA:142,0
LF:63
LH:0
BRDA:54,0,0,0
BRDA:54,0,1,0
BRDA:97,1,0,0
BRDA:97,1,1,0
BRDA:99,2,0,0
BRDA:99,2,1,0
BRDA:109,3,0,0
BRDA:109,3,1,0
BRDA:114,4,0,0
BRDA:114,4,1,0
BRDA:115,5,0,0
BRDA:115,5,1,0
BRDA:126,6,0,0
BRDA:126,6,1,0
BRDA:128,7,0,0
BRDA:128,7,1,0
BRDA:129,8,0,0
BRDA:129,8,1,0
BRDA:130,9,0,0
BRDA:130,9,1,0
BRDA:131,10,0,0
BRDA:131,10,1,0
BRDA:131,11,0,0
BRDA:131,11,1,0
BRDA:131,12,0,0
BRDA:131,12,1,0
BRF:26
BRH:0
end_of_record
TN:
SF:prototipos\notificador\notificador.js
FN:16,lerEstado
FN:21,lerJardim
FN:26,lerSementes
FN:31,lerConstrucoesPoe
FN:36,notificar
FN:41,checarMudancas
FN:62,(anonymous_6)
FN:86,(anonymous_7)
FN:96,(anonymous_8)
FN:106,(anonymous_9)
FN:108,(anonymous_10)
FNF:11
FNH:0
FNDA:0,lerEstado
FNDA:0,lerJardim
FNDA:0,lerSementes
FNDA:0,lerConstrucoesPoe
FNDA:0,notificar
FNDA:0,checarMudancas
FNDA:0,(anonymous_6)
FNDA:0,(anonymous_7)
FNDA:0,(anonymous_8)
FNDA:0,(anonymous_9)
FNDA:0,(anonymous_10)
DA:1,0
DA:2,0
DA:3,0
DA:5,0
DA:6,0
DA:7,0
DA:8,0
DA:9,0
DA:11,0
DA:13,0
DA:14,0
DA:17,0
DA:18,0
DA:22,0
DA:23,0
DA:27,0
DA:28,0
DA:32,0
DA:33,0
DA:37,0
DA:38,0
DA:42,0
DA:43,0
DA:44,0
DA:45,0
DA:48,0
DA:49,0
DA:50,0
DA:54,0
DA:55,0
DA:56,0
DA:57,0
DA:58,0
DA:62,0
DA:63,0
DA:64,0
DA:65,0
DA:69,0
DA:70,0
DA:71,0
DA:73,0
DA:74,0
DA:75,0
DA:79,0
DA:80,0
DA:81,0
DA:83,0
DA:86,0
DA:87,0
DA:88,0
DA:90,0
DA:91,0
DA:92,0
DA:93,0
DA:94,0
DA:95,0
DA:96,0
DA:97,0
DA:98,0
DA:99,0
DA:101,0
DA:102,0
DA:103,0
DA:106,0
DA:107,0
DA:108,0
DA:112,0
DA:114,0
LF:68
LH:0
BRDA:48,0,0,0
BRDA:48,0,1,0
BRDA:49,1,0,0
BRDA:49,1,1,0
BRDA:49,2,0,0
BRDA:49,2,1,0
BRDA:49,3,0,0
BRDA:49,3,1,0
BRDA:54,4,0,0
BRDA:54,4,1,0
BRDA:55,5,0,0
BRDA:55,5,1,0
BRDA:57,6,0,0
BRDA:57,6,1,0
BRDA:62,7,0,0
BRDA:62,7,1,0
BRDA:63,8,0,0
BRDA:63,8,1,0
BRDA:70,9,0,0
BRDA:70,9,1,0
BRDA:71,10,0,0
BRDA:71,10,1,0
BRDA:73,11,0,0
BRDA:73,11,1,0
BRDA:79,12,0,0
BRDA:79,12,1,0
BRDA:80,13,0,0
BRDA:80,13,1,0
BRDA:80,14,0,0
BRDA:80,14,1,0
BRDA:94,15,0,0
BRDA:94,15,1,0
BRDA:95,16,0,0
BRDA:95,16,1,0
BRDA:96,17,0,0
BRDA:96,17,1,0
BRDA:98,18,0,0
BRDA:98,18,1,0
BRDA:99,19,0,0
BRDA:99,19,1,0
BRDA:102,20,0,0
BRDA:102,20,1,0
BRF:42
BRH:0
end_of_record
TN:
SF:prototipos\poe\construcao.js
FN:21,(anonymous_0)
FN:165,(anonymous_1)
FN:198,(anonymous_2)
FN:199,(anonymous_3)
FNF:4
FNH:0
FNDA:0,(anonymous_0)
FNDA:0,(anonymous_1)
FNDA:0,(anonymous_2)
FNDA:0,(anonymous_3)
DA:1,0
DA:2,0
DA:3,0
DA:6,0
DA:7,0
DA:8,0
DA:9,0
DA:12,0
DA:15,0
DA:18,0
DA:21,0
DA:23,0
DA:24,0
DA:25,0
DA:26,0
DA:30,0
DA:32,0
DA:33,0
DA:34,0
DA:35,0
DA:36,0
DA:37,0
DA:38,0
DA:41,0
DA:101,0
DA:109,0
DA:112,0
DA:113,0
DA:115,0
DA:116,0
DA:117,0
DA:118,0
DA:119,0
DA:120,0
DA:124,0
DA:128,0
DA:129,0
DA:130,0
DA:131,0
DA:135,0
DA:162,0
DA:165,0
DA:166,0
DA:168,0
DA:172,0
DA:173,0
DA:176,0
DA:177,0
DA:180,0
DA:181,0
DA:182,0
DA:183,0
DA:184,0
DA:185,0
DA:187,0
DA:188,0
DA:189,0
DA:190,0
DA:193,0
DA:194,0
DA:195,0
DA:198,0
DA:199,0
DA:200,0
DA:201,0
LF:65
LH:0
BRDA:23,0,0,0
BRDA:23,0,1,0
BRDA:101,1,0,0
BRDA:101,1,1,0
BRDA:112,2,0,0
BRDA:112,2,1,0
BRDA:124,3,0,0
BRDA:124,3,1,0
BRDA:124,3,2,0
BRDA:128,4,0,0
BRDA:128,4,1,0
BRDA:145,5,0,0
BRDA:145,5,1,0
BRDA:146,6,0,0
BRDA:146,6,1,0
BRDA:147,7,0,0
BRDA:147,7,1,0
BRDA:166,8,0,0
BRDA:166,8,1,0
BRDA:180,9,0,0
BRDA:180,9,1,0
BRDA:187,10,0,0
BRDA:187,10,1,0
BRF:23
BRH:0
end_of_record
TN:
SF:prototipos\radio\radio.js
FN:33,randomPick
FN:37,agora
FN:41,cicloAtual
FN:45,recursos
FN:49,construcoes
FN:54,gerarTransmissao
FNF:6
FNH:0
FNDA:0,randomPick
FNDA:0,agora
FNDA:0,cicloAtual
FNDA:0,recursos
FNDA:0,construcoes
FNDA:0,gerarTransmissao
DA:1,0
DA:2,0
DA:5,0
DA:6,0
DA:7,0
DA:10,0
DA:11,0
DA:16,0
DA:17,0
DA:19,0
DA:20,0
DA:25,0
DA:26,0
DA:28,0
DA:29,0
DA:34,0
DA:38,0
DA:42,0
DA:46,0
DA:50,0
DA:55,0
DA:56,0
DA:57,0
DA:58,0
DA:61,0
DA:62,0
DA:65,0
DA:83,0
DA:84,0
DA:90,0
DA:94,0
DA:97,0
DA:98,0
DA:99,0
DA:101,0
DA:103,0
DA:104,0
DA:107,0
DA:108,0
DA:109,0
LF:40
LH:0
BRDA:10,0,0,0
BRDA:10,0,1,0
BRDA:42,1,0,0
BRDA:42,1,1,0
BRDA:46,2,0,0
BRDA:46,2,1,0
BRDA:50,3,0,0
BRDA:50,3,1,0
BRF:8
BRH:0
end_of_record
TN:
SF:prototipos\sonhador\sonhador.js
FN:17,log
FN:23,lerJSON
FN:31,escreverJSON
FN:58,gerarSonho
FN:130,sonhador
FN:158,(anonymous_5)
FN:177,(anonymous_6)
FNF:7
FNH:0
FNDA:0,log
FNDA:0,lerJSON
FNDA:0,escreverJSON
FNDA:0,gerarSonho
FNDA:0,sonhador
FNDA:0,(anonymous_5)
FNDA:0,(anonymous_6)
DA:8,0
DA:9,0
DA:11,0
DA:12,0
DA:13,0
DA:14,0
DA:15,0
DA:18,0
DA:19,0
DA:20,0
DA:24,0
DA:25,0
DA:27,0
DA:32,0
DA:36,0
DA:38,0
DA:45,0
DA:59,0
DA:60,0
DA:62,0
DA:64,0
DA:65,0
DA:66,0
DA:72,0
DA:74,0
DA:85,0
DA:91,0
DA:93,0
DA:101,0
DA:109,0
DA:119,0
DA:127,0
DA:131,0
DA:133,0
DA:134,0
DA:137,0
DA:138,0
DA:140,0
DA:141,0
DA:142,0
DA:143,0
DA:144,0
DA:145,0
DA:146,0
DA:147,0
DA:148,0
DA:149,0
DA:153,0
DA:154,0
DA:158,0
DA:159,0
DA:164,0
DA:165,0
DA:166,0
DA:169,0
DA:170,0
DA:171,0
DA:176,0
DA:177,0
DA:178,0
DA:179,0
DA:180,0
DA:183,0
DA:184,0
DA:185,0
DA:186,0
DA:188,0
DA:190,0
DA:191,0
DA:200,0
DA:201,0
DA:204,0
LF:72
LH:0
BRDA:23,0,0,0
BRDA:39,1,0,0
BRDA:39,1,1,0
BRDA:62,2,0,0
BRDA:62,2,1,0
BRDA:72,3,0,0
BRDA:72,3,1,0
BRDA:91,4,0,0
BRDA:91,4,1,0
BRDA:143,5,0,0
BRDA:143,5,1,0
BRDA:153,6,0,0
BRDA:153,6,1,0
BRDA:159,7,0,0
BRDA:159,7,1,0
BRDA:159,7,2,0
BRDA:160,8,0,0
BRDA:160,8,1,0
BRDA:169,9,0,0
BRDA:169,9,1,0
BRDA:169,10,0,0
BRDA:169,10,1,0
BRDA:180,11,0,0
BRDA:180,11,1,0
BRDA:200,12,0,0
BRDA:200,12,1,0
BRF:26
BRH:0
end_of_record
